2023-10-29 01:53:10,473 [ERROR] LogOutputStream:75 - [STDERR_REDIRECT] 
2023-10-29 13:20:39,620 [INFO] Activator:176 - 


2023-10-29 13:20:39,627 [INFO] Activator:177 - !SESSION log4j initialized
2023-10-29 13:21:00,641 [INFO] LogOutputStream:77 - [STDOUT_REDIRECT] 
2023-10-29 13:21:09,024 [INFO] ApplicationProperties:184 - Using Application install path: C:\ST\STM32CubeIDE_1.13.2\STM32CubeIDE\plugins\com.st.stm32cube.common.mx_6.9.2.202309101412
2023-10-29 13:21:09,072 [INFO] DbMcusXml:78 - Set database path to: C:\ST\STM32CubeIDE_1.13.2\STM32CubeIDE\plugins\com.st.stm32cube.common.mx_6.9.2.202309101412\\db\/mcu/
2023-10-29 13:21:09,073 [INFO] ApiDb:274 - Set plugin database path to: C:\ST\STM32CubeIDE_1.13.2\STM32CubeIDE\plugins\com.st.stm32cube.common.mx_6.9.2.202309101412\\db\/plugins/boardmanager/
2023-10-29 13:21:09,075 [WARN] ApiDb:259 - Overriding images path with different value:  => C:\ST\STM32CubeIDE_1.13.2\STM32CubeIDE\plugins\com.st.stm32cube.common.mx_6.9.2.202309101412\\db\/plugins/mcufinder/images/
2023-10-29 13:21:09,125 [INFO] ApiDb:250 - Set database path to: C:\Users\91916\.stmcufinder\plugins\mcufinder//mcu/
2023-10-29 13:21:09,129 [INFO] DbMcusAds:125 - Set database path to: C:\Users\91916\.stmcufinder\plugins\mcufinder//mcu/
2023-10-29 13:21:09,134 [INFO] CrossReferenceDbSqlite:203 - Set database path to: C:\Users\91916\.stmcufinder\plugins\mcufinder//mcu/cs/
2023-10-29 13:21:09,475 [INFO] RulesReader:64 - Compatibility file has been processed (293 Rules)
2023-10-29 13:21:09,722 [INFO] DbMcusXml:78 - Set database path to: C:\ST\STM32CubeIDE_1.13.2\STM32CubeIDE\plugins\com.st.stm32cube.common.mx_6.9.2.202309101412\\db\/mcu/
2023-10-29 13:21:09,722 [INFO] ApiDb:274 - Set plugin database path to: C:\ST\STM32CubeIDE_1.13.2\STM32CubeIDE\plugins\com.st.stm32cube.common.mx_6.9.2.202309101412\\db\/plugins/boardmanager/
2023-10-29 13:21:09,723 [INFO] ApiDb:261 - Set plugin images path to: C:\ST\STM32CubeIDE_1.13.2\STM32CubeIDE\plugins\com.st.stm32cube.common.mx_6.9.2.202309101412\\db\/plugins/mcufinder/images/
2023-10-29 13:21:09,723 [WARN] DbFile:41 - Overriding database path with different value: C:\Users\91916\.stmcufinder\plugins\mcufinder/ => C:\Users\91916\.stmcufinder\plugins\mcufinder
2023-10-29 13:21:09,724 [INFO] ApiDb:250 - Set database path to: C:\Users\91916\.stmcufinder\plugins\mcufinder//mcu/
2023-10-29 13:21:09,724 [WARN] DbFile:41 - Overriding database path with different value: C:\Users\91916\.stmcufinder\plugins\mcufinder/ => C:\Users\91916\.stmcufinder\plugins\mcufinder
2023-10-29 13:21:09,724 [INFO] DbMcusAds:125 - Set database path to: C:\Users\91916\.stmcufinder\plugins\mcufinder//mcu/
2023-10-29 13:21:09,725 [WARN] DbFile:41 - Overriding database path with different value: C:\Users\91916\.stmcufinder\plugins\mcufinder/ => C:\Users\91916\.stmcufinder\plugins\mcufinder
2023-10-29 13:21:09,725 [WARN] DbFile:41 - Overriding database path with different value: C:\Users\91916\.stmcufinder\plugins\mcufinder/ => C:\Users\91916\.stmcufinder\plugins\mcufinder
2023-10-29 13:21:09,725 [INFO] CrossReferenceDbSqlite:203 - Set database path to: C:\Users\91916\.stmcufinder\plugins\mcufinder//mcu/cs/
2023-10-29 13:21:09,941 [INFO] MainPanel:262 - HeapMemory: 268435456
2023-10-29 13:21:10,144 [INFO] DbMcusXml:78 - Set database path to: C:\ST\STM32CubeIDE_1.13.2\STM32CubeIDE\plugins\com.st.stm32cube.common.mx_6.9.2.202309101412\\db\/mcu/
2023-10-29 13:21:10,144 [INFO] ApiDb:274 - Set plugin database path to: C:\ST\STM32CubeIDE_1.13.2\STM32CubeIDE\plugins\com.st.stm32cube.common.mx_6.9.2.202309101412\\db\/plugins/boardmanager/
2023-10-29 13:21:10,145 [INFO] ApiDb:261 - Set plugin images path to: C:\ST\STM32CubeIDE_1.13.2\STM32CubeIDE\plugins\com.st.stm32cube.common.mx_6.9.2.202309101412\\db\/plugins/mcufinder/images/
2023-10-29 13:21:10,146 [WARN] DbFile:41 - Overriding database path with different value: C:\Users\91916\.stmcufinder\plugins\mcufinder/ => C:\Users\91916\.stmcufinder\plugins\mcufinder
2023-10-29 13:21:10,146 [INFO] ApiDb:250 - Set database path to: C:\Users\91916\.stmcufinder\plugins\mcufinder//mcu/
2023-10-29 13:21:10,215 [WARN] DbFile:41 - Overriding database path with different value: C:\Users\91916\.stmcufinder\plugins\mcufinder/ => C:\Users\91916\.stmcufinder\plugins\mcufinder
2023-10-29 13:21:10,215 [INFO] DbMcusAds:125 - Set database path to: C:\Users\91916\.stmcufinder\plugins\mcufinder//mcu/
2023-10-29 13:21:10,215 [WARN] DbFile:41 - Overriding database path with different value: C:\Users\91916\.stmcufinder\plugins\mcufinder/ => C:\Users\91916\.stmcufinder\plugins\mcufinder
2023-10-29 13:21:10,216 [WARN] DbFile:41 - Overriding database path with different value: C:\Users\91916\.stmcufinder\plugins\mcufinder/ => C:\Users\91916\.stmcufinder\plugins\mcufinder
2023-10-29 13:21:10,216 [INFO] CrossReferenceDbSqlite:203 - Set database path to: C:\Users\91916\.stmcufinder\plugins\mcufinder//mcu/cs/
2023-10-29 13:21:10,264 [INFO] ApplicationProperties:184 - Using Application install path: C:\ST\STM32CubeIDE_1.13.2\STM32CubeIDE\plugins\com.st.stm32cube.common.mx_6.9.2.202309101412
2023-10-29 13:21:10,267 [INFO] PluginManage:196 - Search for loadable plugins [exclusion list=, ]
2023-10-29 13:21:10,271 [INFO] PluginManage:310 - Check plugin analytics
2023-10-29 13:21:15,363 [INFO] AnalyticsPlugin:253 - Accepted Software Licenses: STM32CubeMX.6.9.2
2023-10-29 13:21:15,364 [INFO] AnalyticsPlugin:255 - Accepted CMSIS Pack Licenses: 
2023-10-29 13:21:15,364 [INFO] AnalyticsPlugin:257 - Accepted Firmware Licenses: FW.F4.1.27.0
2023-10-29 13:21:15,372 [INFO] PluginManage:359 - Loaded plugin analytics (category:tool,tabindex:-1)
2023-10-29 13:21:15,373 [INFO] PluginManage:310 - Check plugin cadmodel
2023-10-29 13:21:15,424 [INFO] CADModel:105 - Init CAD model plugin
2023-10-29 13:21:15,425 [INFO] PluginManage:359 - Loaded plugin cadmodel (category:power,tabindex:5)
2023-10-29 13:21:15,425 [INFO] PluginManage:310 - Check plugin clock
2023-10-29 13:21:15,477 [INFO] PluginManage:359 - Loaded plugin clock (category:base,tabindex:2)
2023-10-29 13:21:15,477 [INFO] PluginManage:310 - Check plugin ddr
2023-10-29 13:21:15,482 [INFO] PluginManage:359 - Loaded plugin ddr (category:tool,tabindex:6)
2023-10-29 13:21:15,483 [INFO] PluginManage:310 - Check plugin filemanager
2023-10-29 13:21:15,828 [INFO] PluginManage:359 - Loaded plugin filemanager (category:base,tabindex:10)
2023-10-29 13:21:15,829 [INFO] PluginManage:310 - Check plugin ipmanager
2023-10-29 13:21:15,851 [INFO] PluginManage:359 - Loaded plugin ipmanager (category:base,tabindex:5)
2023-10-29 13:21:15,852 [INFO] PluginManage:310 - Check plugin lpbam
2023-10-29 13:21:15,897 [INFO] PluginManage:359 - Loaded plugin lpbam (category:base,tabindex:0)
2023-10-29 13:21:15,898 [INFO] PluginManage:310 - Check plugin memorymap
2023-10-29 13:21:16,042 [INFO] PluginManage:359 - Loaded plugin memorymap (category:base,tabindex:4)
2023-10-29 13:21:16,043 [INFO] PluginManage:310 - Check plugin pinoutandconfiguration
2023-10-29 13:21:16,082 [INFO] PluginManage:359 - Loaded plugin pinoutandconfiguration (category:base,tabindex:1)
2023-10-29 13:21:16,083 [INFO] PluginManage:310 - Check plugin pinoutconfig
2023-10-29 13:21:16,342 [WARN] SupportedApi:132 - Cannot load RTOS API schema: s4s-elt-must-match.1: The content of 'definitions' must match (annotation?, (simpleType | complexType)?, (unique | key | keyref)*)). A problem was found starting at: attribute.
2023-10-29 13:21:16,701 [INFO] PluginManage:359 - Loaded plugin pinoutconfig (category:base,tabindex:0)
2023-10-29 13:21:16,701 [INFO] PluginManage:310 - Check plugin power
2023-10-29 13:21:16,759 [INFO] PluginManage:359 - Loaded plugin power (category:power,tabindex:4)
2023-10-29 13:21:16,760 [INFO] PluginManage:310 - Check plugin projectmanager
2023-10-29 13:21:16,805 [INFO] PluginManage:359 - Loaded plugin projectmanager (category:projectmanager,tabindex:3)
2023-10-29 13:21:16,805 [INFO] PluginManage:310 - Check plugin thirdparty
2023-10-29 13:21:17,697 [INFO] PluginManage:359 - Loaded plugin thirdparty (category:base,tabindex:-1)
2023-10-29 13:21:17,697 [WARN] IntegrityCheckThread:84 - waiting for thirdparty lock release [integrity check]
2023-10-29 13:21:17,697 [INFO] PluginManage:310 - Check plugin tools
2023-10-29 13:21:17,698 [INFO] IntegrityCheckThread:86 - entering critical section [integrity check]
2023-10-29 13:21:17,699 [INFO] ThirdPartyUpdaterWithRetryManager:70 - Updater plugin not ready yet. [1/15]
2023-10-29 13:21:17,777 [INFO] PluginManage:359 - Loaded plugin tools (category:base,tabindex:7)
2023-10-29 13:21:17,778 [INFO] PluginManage:310 - Check plugin tutovideos
2023-10-29 13:21:18,238 [INFO] PluginManage:359 - Loaded plugin tutovideos (category:base,tabindex:-1)
2023-10-29 13:21:18,238 [INFO] PluginManage:310 - Check plugin updater
2023-10-29 13:21:18,267 [INFO] PluginManage:359 - Loaded plugin updater (category:base,tabindex:12)
2023-10-29 13:21:18,267 [INFO] PluginManage:310 - Check plugin userauth
2023-10-29 13:21:18,278 [INFO] UserAuth:113 - Init User Auth plugin
2023-10-29 13:21:18,279 [INFO] PluginManage:359 - Loaded plugin userauth (category:base,tabindex:14)
2023-10-29 13:21:18,280 [INFO] PluginManage:283 - PluginManage : Loaded plugins [17]
2023-10-29 13:21:18,866 [INFO] PinOutPanel:1499 - setPackage(No Configuration,No Configuration)
2023-10-29 13:21:19,166 [INFO] CADModel:165 - CPN selected for project level
2023-10-29 13:21:19,166 [INFO] CADModel:114 - Register for checkConnection events
2023-10-29 13:21:19,225 [INFO] IPUIPlugin:80 - create IPUIPlugin
2023-10-29 13:21:19,226 [INFO] PluginManager:220 - loadIPPluginJar : add adc
2023-10-29 13:21:19,304 [INFO] IPUIPlugin:80 - create IPUIPlugin
2023-10-29 13:21:19,305 [INFO] PluginManager:220 - loadIPPluginJar : add aes
2023-10-29 13:21:19,411 [INFO] IPUIPlugin:80 - create IPUIPlugin
2023-10-29 13:21:19,412 [INFO] PluginManager:220 - loadIPPluginJar : add can
2023-10-29 13:21:19,464 [INFO] IPUIPlugin:80 - create IPUIPlugin
2023-10-29 13:21:19,465 [INFO] PluginManager:220 - loadIPPluginJar : add comp
2023-10-29 13:21:19,537 [INFO] IPUIPlugin:80 - create IPUIPlugin
2023-10-29 13:21:19,538 [INFO] PluginManager:220 - loadIPPluginJar : add cryp
2023-10-29 13:21:19,605 [INFO] IPUIPlugin:80 - create IPUIPlugin
2023-10-29 13:21:19,605 [INFO] PluginManager:220 - loadIPPluginJar : add dfsdm
2023-10-29 13:21:19,635 [INFO] IPUIPlugin:80 - create IPUIPlugin
2023-10-29 13:21:19,636 [INFO] PluginManager:220 - loadIPPluginJar : add dma
2023-10-29 13:21:19,740 [INFO] IPUIPlugin:80 - create IPUIPlugin
2023-10-29 13:21:19,741 [INFO] PluginManager:220 - loadIPPluginJar : add dma3
2023-10-29 13:21:19,786 [INFO] IPUIPlugin:80 - create IPUIPlugin
2023-10-29 13:21:19,786 [INFO] PluginManager:220 - loadIPPluginJar : add fatfs
2023-10-29 13:21:19,900 [INFO] IPUIPlugin:80 - create IPUIPlugin
2023-10-29 13:21:19,900 [INFO] PluginManager:220 - loadIPPluginJar : add fmc
2023-10-29 13:21:19,931 [INFO] IPUIPlugin:80 - create IPUIPlugin
2023-10-29 13:21:19,931 [INFO] PluginManager:220 - loadIPPluginJar : add freertos
2023-10-29 13:21:19,980 [INFO] IPUIPlugin:80 - create IPUIPlugin
2023-10-29 13:21:19,980 [INFO] PluginManager:220 - loadIPPluginJar : add genericplugin
2023-10-29 13:21:20,212 [INFO] IPUIPlugin:80 - create IPUIPlugin
2023-10-29 13:21:20,212 [INFO] PluginManager:220 - loadIPPluginJar : add gfxmmu
2023-10-29 13:21:20,545 [INFO] IPUIPlugin:80 - create IPUIPlugin
2023-10-29 13:21:20,545 [INFO] PluginManager:220 - loadIPPluginJar : add gic
2023-10-29 13:21:20,576 [INFO] IPUIPlugin:80 - create IPUIPlugin
2023-10-29 13:21:20,576 [INFO] PluginManager:220 - loadIPPluginJar : add gpio
2023-10-29 13:21:20,700 [INFO] ThirdPartyUpdaterWithRetryManager:70 - Updater plugin not ready yet. [2/15]
2023-10-29 13:21:20,798 [INFO] IPUIPlugin:80 - create IPUIPlugin
2023-10-29 13:21:20,798 [INFO] PluginManager:220 - loadIPPluginJar : add gtzc
2023-10-29 13:21:20,872 [INFO] IPUIPlugin:80 - create IPUIPlugin
2023-10-29 13:21:20,872 [INFO] PluginManager:220 - loadIPPluginJar : add hash
2023-10-29 13:21:20,993 [INFO] IPUIPlugin:80 - create IPUIPlugin
2023-10-29 13:21:20,993 [INFO] PluginManager:220 - loadIPPluginJar : add i2c
2023-10-29 13:21:21,080 [INFO] IPUIPlugin:80 - create IPUIPlugin
2023-10-29 13:21:21,080 [INFO] PluginManager:220 - loadIPPluginJar : add i2s
2023-10-29 13:21:21,177 [INFO] IPUIPlugin:80 - create IPUIPlugin
2023-10-29 13:21:21,177 [INFO] PluginManager:220 - loadIPPluginJar : add i3c
2023-10-29 13:21:21,432 [INFO] IPUIPlugin:80 - create IPUIPlugin
2023-10-29 13:21:21,433 [INFO] PluginManager:220 - loadIPPluginJar : add ipddr
2023-10-29 13:21:21,647 [INFO] IPUIPlugin:80 - create IPUIPlugin
2023-10-29 13:21:21,648 [INFO] PluginManager:220 - loadIPPluginJar : add linkedlist
2023-10-29 13:21:21,732 [INFO] IPUIPlugin:80 - create IPUIPlugin
2023-10-29 13:21:21,732 [INFO] PluginManager:220 - loadIPPluginJar : add lorawan
2023-10-29 13:21:21,819 [INFO] IPUIPlugin:80 - create IPUIPlugin
2023-10-29 13:21:21,819 [INFO] PluginManager:220 - loadIPPluginJar : add ltdc
2023-10-29 13:21:21,856 [INFO] IPUIPlugin:80 - create IPUIPlugin
2023-10-29 13:21:21,857 [INFO] PluginManager:220 - loadIPPluginJar : add mdma
2023-10-29 13:21:21,892 [INFO] IPUIPlugin:80 - create IPUIPlugin
2023-10-29 13:21:21,892 [INFO] PluginManager:220 - loadIPPluginJar : add nvic
2023-10-29 13:21:21,979 [INFO] IPUIPlugin:80 - create IPUIPlugin
2023-10-29 13:21:21,980 [INFO] PluginManager:220 - loadIPPluginJar : add opamp
2023-10-29 13:21:22,148 [INFO] IPUIPlugin:80 - create IPUIPlugin
2023-10-29 13:21:22,148 [INFO] PluginManager:220 - loadIPPluginJar : add openamp
2023-10-29 13:21:22,252 [INFO] IPUIPlugin:80 - create IPUIPlugin
2023-10-29 13:21:22,252 [INFO] PluginManager:220 - loadIPPluginJar : add pdm2pcm
2023-10-29 13:21:22,283 [INFO] IPUIPlugin:80 - create IPUIPlugin
2023-10-29 13:21:22,288 [INFO] PluginManager:220 - loadIPPluginJar : add plateformsettings
2023-10-29 13:21:22,332 [INFO] IPUIPlugin:80 - create IPUIPlugin
2023-10-29 13:21:22,333 [INFO] PluginManager:220 - loadIPPluginJar : add quadspi
2023-10-29 13:21:22,374 [INFO] IPUIPlugin:80 - create IPUIPlugin
2023-10-29 13:21:22,375 [INFO] PluginManager:220 - loadIPPluginJar : add resmgrutility
2023-10-29 13:21:22,511 [INFO] IPUIPlugin:80 - create IPUIPlugin
2023-10-29 13:21:22,511 [INFO] PluginManager:220 - loadIPPluginJar : add sai
2023-10-29 13:21:22,616 [INFO] IPUIPlugin:80 - create IPUIPlugin
2023-10-29 13:21:22,616 [INFO] PluginManager:220 - loadIPPluginJar : add spi
2023-10-29 13:21:22,786 [INFO] IPUIPlugin:80 - create IPUIPlugin
2023-10-29 13:21:22,786 [INFO] PluginManager:220 - loadIPPluginJar : add stm32_wpan
2023-10-29 13:21:22,841 [INFO] IPUIPlugin:80 - create IPUIPlugin
2023-10-29 13:21:22,841 [INFO] PluginManager:220 - loadIPPluginJar : add tim
2023-10-29 13:21:22,970 [INFO] IPUIPlugin:80 - create IPUIPlugin
2023-10-29 13:21:22,970 [INFO] PluginManager:220 - loadIPPluginJar : add touchsensing
2023-10-29 13:21:23,025 [INFO] IPUIPlugin:80 - create IPUIPlugin
2023-10-29 13:21:23,025 [INFO] PluginManager:220 - loadIPPluginJar : add tracer_emb
2023-10-29 13:21:23,072 [INFO] IPUIPlugin:80 - create IPUIPlugin
2023-10-29 13:21:23,072 [INFO] PluginManager:220 - loadIPPluginJar : add ts
2023-10-29 13:21:23,128 [INFO] IPUIPlugin:80 - create IPUIPlugin
2023-10-29 13:21:23,128 [INFO] PluginManager:220 - loadIPPluginJar : add tsc
2023-10-29 13:21:23,173 [INFO] IPUIPlugin:80 - create IPUIPlugin
2023-10-29 13:21:23,174 [INFO] PluginManager:220 - loadIPPluginJar : add ucpd
2023-10-29 13:21:23,273 [INFO] IPUIPlugin:80 - create IPUIPlugin
2023-10-29 13:21:23,273 [INFO] PluginManager:220 - loadIPPluginJar : add usart
2023-10-29 13:21:23,372 [INFO] IPUIPlugin:80 - create IPUIPlugin
2023-10-29 13:21:23,372 [INFO] PluginManager:220 - loadIPPluginJar : add usbx
2023-10-29 13:21:23,595 [INFO] CADModel:165 - CPN selected for project level
2023-10-29 13:21:23,595 [INFO] CADModel:114 - Register for checkConnection events
2023-10-29 13:21:23,596 [FATAL] Updater:308 - Updater called before beeing initialized
2023-10-29 13:21:23,596 [ERROR] CADModel:125 - Updater not yet initialized, retry later 
2023-10-29 13:21:23,702 [INFO] ThirdPartyUpdaterWithRetryManager:70 - Updater plugin not ready yet. [3/15]
2023-10-29 13:21:23,953 [INFO] CADModel:165 - CPN selected for project level
2023-10-29 13:21:23,953 [INFO] CADModel:114 - Register for checkConnection events
2023-10-29 13:21:23,953 [FATAL] Updater:308 - Updater called before beeing initialized
2023-10-29 13:21:23,953 [ERROR] CADModel:125 - Updater not yet initialized, retry later 
2023-10-29 13:21:23,962 [FATAL] Updater:308 - Updater called before beeing initialized
2023-10-29 13:21:24,303 [FATAL] Updater:308 - Updater called before beeing initialized
2023-10-29 13:21:24,331 [INFO] DbMcusAds:53 - JSON generation date=Tue Mar 07 14:20:55 IST 2023 (1678179055114)
2023-10-29 13:21:24,331 [FATAL] Updater:308 - Updater called before beeing initialized
2023-10-29 13:21:24,522 [WARN] DetailPanel:346 - Failed to get advertising image, set to default
2023-10-29 13:21:24,785 [FATAL] Updater:308 - Updater called before beeing initialized
2023-10-29 13:21:24,790 [FATAL] Updater:308 - Updater called before beeing initialized
2023-10-29 13:21:24,790 [FATAL] Updater:308 - Updater called before beeing initialized
2023-10-29 13:21:24,790 [WARN] DetailPanel:346 - Failed to get advertising image, set to default
2023-10-29 13:21:24,793 [FATAL] Updater:308 - Updater called before beeing initialized
2023-10-29 13:21:24,938 [ERROR] Updater:1120 - MainUpdater not yet initialized. External WinMGr cannot be set.
2023-10-29 13:21:24,960 [INFO] Updater:1056 - Updater Version found : 6.9.2
2023-10-29 13:21:24,994 [INFO] ApplicationProperties:184 - Using Application install path: C:\ST\STM32CubeIDE_1.13.2\STM32CubeIDE\plugins\com.st.stm32cube.common.mx_6.9.2.202309101412
2023-10-29 13:21:25,351 [INFO] MainUpdater:2868 - connection check result : 10
2023-10-29 13:21:25,353 [INFO] MainUpdater:285 - Updater Check For Update Now.
2023-10-29 13:21:25,354 [INFO] MicroXplorer:498 - Change Database Version : DB.6.0.92
2023-10-29 13:21:25,393 [INFO] McuFinderGlobals:63 - Set McuFinder mode to 2 (CubeIDE integrated)
2023-10-29 13:21:25,394 [INFO] UserAuth:179 - activating auth plugin
2023-10-29 13:21:25,401 [INFO] UserAuth:393 - Internet connection configuration mode: 1
2023-10-29 13:21:25,462 [INFO] JxBrowserEngine:151 - Initiate JxBrowser Engine with user profile folder
2023-10-29 13:21:25,864 [INFO] CheckServerUpdateThread:120 - End of CheckServer Thread
2023-10-29 13:21:27,320 [WARN] PackLoader:240 - Cannot read IP mode file for STMicroelectronics.X-CUBE-SMBUS.2.1.0
2023-10-29 13:21:27,506 [WARN] PackLoader:240 - Cannot read IP mode file for STMicroelectronics.X-CUBE-AZRTOS-F7.1.1.0
2023-10-29 13:21:27,568 [WARN] PackLoader:240 - Cannot read IP mode file for STMicroelectronics.FP-SNS-MOTENV1.4.3.2
2023-10-29 13:21:27,615 [WARN] PackLoader:240 - Cannot read IP mode file for STMicroelectronics.FP-SNS-FLIGHT1.5.0.2
2023-10-29 13:21:27,672 [WARN] PackLoader:240 - Cannot read IP mode file for STMicroelectronics.X-CUBE-DISPLAY.3.0.0
2023-10-29 13:21:27,737 [WARN] PackLoader:240 - Cannot read IP mode file for STMicroelectronics.X-CUBE-BLE1.7.0.0
2023-10-29 13:21:27,782 [WARN] PackLoader:240 - Cannot read IP mode file for emotas.I-CUBE-CANOPEN.1.3.0
2023-10-29 13:21:27,836 [WARN] PackLoader:240 - Cannot read IP mode file for STMicroelectronics.X-CUBE-TOUCHGFX.4.22.1
2023-10-29 13:21:27,871 [WARN] PackLoader:240 - Cannot read IP mode file for STMicroelectronics.FP-SNS-SMARTAG2.1.2.0
2023-10-29 13:21:27,946 [INFO] LogOutputStream:77 - [STDOUT_REDIRECT] 1 : Invalid condition id : UX_CORESTACK_Condition cause : null
2023-10-29 13:21:27,948 [INFO] LogOutputStream:77 - [STDOUT_REDIRECT] 1 : Invalid condition id : UX_CORESTACK_Condition cause : null
2023-10-29 13:21:27,953 [INFO] LogOutputStream:77 - [STDOUT_REDIRECT] 1 : Invalid condition id : UX_CORESTACK_Condition cause : null
2023-10-29 13:21:27,959 [INFO] LogOutputStream:77 - [STDOUT_REDIRECT] 1 : Invalid condition id : UX_CORESTACK_Condition cause : null
2023-10-29 13:21:27,964 [INFO] LogOutputStream:77 - [STDOUT_REDIRECT] 1 : Invalid condition id : UX_CORESTACK_Condition cause : null
2023-10-29 13:21:27,988 [WARN] PackLoader:240 - Cannot read IP mode file for STMicroelectronics.X-CUBE-AZRTOS-WL.2.0.0
2023-10-29 13:21:28,048 [WARN] PackLoader:240 - Cannot read IP mode file for WES.I-CUBE-Cesium.1.3.0
2023-10-29 13:21:28,087 [WARN] PackLoader:240 - Cannot read IP mode file for STMicroelectronics.X-CUBE-BLE2.3.3.0
2023-10-29 13:21:28,136 [WARN] PackLoader:240 - Cannot read IP mode file for STMicroelectronics.X-CUBE-ALGOBUILD.1.3.0
2023-10-29 13:21:28,260 [WARN] PackLoader:240 - Cannot read IP mode file for STMicroelectronics.X-CUBE-AZRTOS-G0.1.1.0
2023-10-29 13:21:28,344 [WARN] PackLoader:240 - Cannot read IP mode file for STMicroelectronics.X-CUBE-NFC4.3.0.0
2023-10-29 13:21:28,382 [WARN] PackLoader:240 - Cannot read IP mode file for STMicroelectronics.FP-ATR-SIGFOX1.3.2.0
2023-10-29 13:21:28,664 [WARN] PackLoader:240 - Cannot read IP mode file for SEGGER.I-CUBE-embOS.1.3.1
2023-10-29 13:21:29,158 [WARN] PackLoader:240 - Cannot read IP mode file for STMicroelectronics.X-CUBE-GNSS1.6.0.0
2023-10-29 13:21:29,254 [WARN] PackLoader:240 - Cannot read IP mode file for STMicroelectronics.X-CUBE-AZRTOS-F4.1.1.0
2023-10-29 13:21:29,302 [WARN] PackLoader:240 - Cannot read IP mode file for wolfSSL.I-CUBE-wolfSSL.5.6.3
2023-10-29 13:21:29,396 [WARN] PackLoader:240 - Cannot read IP mode file for STMicroelectronics.X-CUBE-AZRTOS-L5.2.0.0
2023-10-29 13:21:29,443 [WARN] PackLoader:240 - Cannot read IP mode file for STMicroelectronics.X-CUBE-EEPRMA1.4.2.0
2023-10-29 13:21:29,486 [WARN] PackLoader:240 - Cannot read IP mode file for ITTIA_DB.I-CUBE-ITTIADB.8.8.0
2023-10-29 13:21:29,531 [WARN] PackLoader:240 - Cannot read IP mode file for STMicroelectronics.X-CUBE-BLEMGR.2.0.0
2023-10-29 13:21:29,626 [WARN] ConditionMgr:438 - getConditionDescription Invalid condition id : UX DEVICE CLASS RTOS Condition cause : null
2023-10-29 13:21:29,626 [WARN] ConditionMgr:438 - getConditionDescription Invalid condition id : UX DEVICE CLASS RTOS Condition cause : null
2023-10-29 13:21:29,635 [WARN] PackLoader:240 - Cannot read IP mode file for STMicroelectronics.X-CUBE-AZRTOS-H7.3.1.0
2023-10-29 13:21:29,655 [WARN] ConditionMgr:1039 - genDependencies : Invalid condition id : UX DEVICE CLASS RTOS Condition cause : null
2023-10-29 13:21:29,655 [WARN] ConditionMgr:1039 - genDependencies : Invalid condition id : UX DEVICE CLASS RTOS Condition cause : null
2023-10-29 13:21:29,657 [WARN] ConditionMgr:1039 - genDependencies : Invalid condition id : UX DEVICE CLASS RTOS Condition cause : null
2023-10-29 13:21:29,658 [WARN] ConditionMgr:1039 - genDependencies : Invalid condition id : UX DEVICE CLASS RTOS Condition cause : null
2023-10-29 13:21:29,658 [WARN] ConditionMgr:1039 - genDependencies : Invalid condition id : UX DEVICE CLASS RTOS Condition cause : null
2023-10-29 13:21:29,710 [WARN] PackLoader:240 - Cannot read IP mode file for STMicroelectronics.X-CUBE-NFC7.1.0.1
2023-10-29 13:21:29,757 [WARN] PackLoader:240 - Cannot read IP mode file for STMicroelectronics.X-CUBE-NFC6.3.0.0
2023-10-29 13:21:29,802 [WARN] PackLoader:240 - Cannot read IP mode file for STMicroelectronics.X-CUBE-EEPRMA1.4.1.0
2023-10-29 13:21:29,835 [WARN] PackLoader:240 - Cannot read IP mode file for STMicroelectronics.X-CUBE-AI.8.1.0
2023-10-29 13:21:29,934 [WARN] ConditionMgr:438 - getConditionDescription Invalid condition id : LAN8742 Phy interface Condition cause : null
2023-10-29 13:21:29,936 [WARN] PackLoader:240 - Cannot read IP mode file for STMicroelectronics.X-CUBE-AZRTOS-L4.2.0.0
2023-10-29 13:21:29,939 [WARN] ConditionMgr:1039 - genDependencies : Invalid condition id : LAN8742 Phy interface Condition cause : null
2023-10-29 13:21:29,940 [WARN] ConditionMgr:1039 - genDependencies : Invalid condition id : LAN8742 Phy interface Condition cause : null
2023-10-29 13:21:29,942 [WARN] ConditionMgr:1039 - genDependencies : Invalid condition id : LAN8742 Phy interface Condition cause : null
2023-10-29 13:21:29,999 [WARN] PackLoader:240 - Cannot read IP mode file for STMicroelectronics.X-CUBE-SFXS2LP1.4.0.0
2023-10-29 13:21:30,045 [WARN] PackLoader:240 - Cannot read IP mode file for STMicroelectronics.X-CUBE-ISPU.1.1.0
2023-10-29 13:21:30,147 [WARN] ConditionMgr:438 - getConditionDescription Invalid condition id : UX DEVICE CLASS RTOS Condition cause : null
2023-10-29 13:21:30,148 [WARN] ConditionMgr:438 - getConditionDescription Invalid condition id : UX DEVICE CLASS RTOS Condition cause : null
2023-10-29 13:21:30,155 [WARN] PackLoader:240 - Cannot read IP mode file for STMicroelectronics.X-CUBE-AZRTOS-WB.2.0.0
2023-10-29 13:21:30,157 [WARN] ConditionMgr:1039 - genDependencies : Invalid condition id : UX DEVICE CLASS RTOS Condition cause : null
2023-10-29 13:21:30,157 [WARN] ConditionMgr:1039 - genDependencies : Invalid condition id : UX DEVICE CLASS RTOS Condition cause : null
2023-10-29 13:21:30,159 [WARN] ConditionMgr:1039 - genDependencies : Invalid condition id : UX DEVICE CLASS RTOS Condition cause : null
2023-10-29 13:21:30,160 [WARN] ConditionMgr:1039 - genDependencies : Invalid condition id : UX DEVICE CLASS RTOS Condition cause : null
2023-10-29 13:21:30,161 [WARN] ConditionMgr:1039 - genDependencies : Invalid condition id : UX DEVICE CLASS RTOS Condition cause : null
2023-10-29 13:21:30,228 [WARN] PackLoader:240 - Cannot read IP mode file for STMicroelectronics.X-CUBE-SUBG2.5.0.0
2023-10-29 13:21:30,320 [WARN] PackLoader:240 - Cannot read IP mode file for STMicroelectronics.X-CUBE-TOF1.3.3.1
2023-10-29 13:21:30,456 [WARN] PackLoader:240 - Cannot read IP mode file for STMicroelectronics.X-CUBE-AZRTOS-G4.2.0.0
2023-10-29 13:21:30,553 [WARN] PackLoader:240 - Cannot read IP mode file for Infineon.AIROC-Wi-Fi-Bluetooth-STM32.1.5.1
2023-10-29 13:21:30,803 [WARN] PackLoader:240 - Cannot read IP mode file for STMicroelectronics.X-CUBE-MEMS1.10.0.0
2023-10-29 13:21:31,266 [WARN] PackLoader:240 - Cannot read IP mode file for STMicroelectronics.X-CUBE-FREERTOS.1.1.0
2023-10-29 13:21:31,303 [WARN] PackLoader:240 - Cannot read IP mode file for portGmbH.I-Cube-SoM-uGOAL.1.1.0
2023-10-29 13:21:31,336 [WARN] PackLoader:240 - Cannot read IP mode file for STMicroelectronics.X-CUBE-ALS.1.0.1
2023-10-29 13:21:31,369 [WARN] PackLoader:240 - Cannot read IP mode file for STMicroelectronics.FP-ATR-ASTRA1.2.0.0
2023-10-29 13:21:31,371 [INFO] ThirdParty:978 - Integrity check success = true
2023-10-29 13:21:31,372 [INFO] IntegrityCheckThread:100 - exiting critical section [integrity check]
2023-10-29 13:21:31,372 [INFO] IntegrityCheckThread:103 - End integrity checks thread
2023-10-29 13:21:33,576 [INFO] WebApp:157 - Instantiating new browser for Auth
2023-10-29 13:21:35,139 [INFO] WebApp:753 - Register for checkConnection events
2023-10-29 13:21:35,139 [INFO] WebApp:390 - Apply proxy settings
2023-10-29 13:21:35,139 [INFO] WebApp:475 - Chromium requires no authentication
2023-10-29 13:21:35,157 [INFO] WebApp:418 - Direct internet connection detected
2023-10-29 13:21:35,533 [INFO] WebApp:188 - Starting web application
2023-10-29 13:21:35,533 [INFO] WebApp:520 - Web application path used C:\ST\STM32CubeIDE_1.13.2\STM32CubeIDE\plugins\com.st.stm32cube.common.mx_6.9.2.202309101412\db\plugins\mcufinder\reactClient1\index.html
2023-10-29 13:21:58,603 [ERROR] LogOutputStream:75 - [STDERR_REDIRECT] SLF4J: Failed to load class "org.slf4j.impl.StaticLoggerBinder".
2023-10-29 13:21:58,604 [ERROR] LogOutputStream:75 - [STDERR_REDIRECT] SLF4J: Defaulting to no-operation (NOP) logger implementation
2023-10-29 13:21:58,611 [ERROR] LogOutputStream:75 - [STDERR_REDIRECT] SLF4J: See http://www.slf4j.org/codes.html#StaticLoggerBinder for further details.
2023-10-29 17:41:05,693 [ERROR] ConfigurationRetriever:142 - IOException on connection: Connect timed out
2023-10-29 17:41:20,612 [ERROR] ConfigurationRetriever:142 - IOException on connection: Connect timed out
2023-10-29 18:43:27,298 [ERROR] ConfigurationRetriever:142 - IOException on connection: Read timed out
2023-10-29 20:04:14,780 [ERROR] ConfigurationRetriever:142 - IOException on connection: Read timed out
