2023-10-30 01:46:35,186 [INFO] Activator:176 - 


2023-10-30 01:46:35,239 [INFO] Activator:177 - !SESSION log4j initialized
2023-10-30 01:47:12,340 [INFO] LogOutputStream:77 - [STDOUT_REDIRECT] 
2023-10-30 01:47:25,812 [INFO] ApplicationProperties:184 - Using Application install path: C:\ST\STM32CubeIDE_1.13.2\STM32CubeIDE\plugins\com.st.stm32cube.common.mx_6.9.2.202309101412
2023-10-30 01:47:25,858 [INFO] DbMcusXml:78 - Set database path to: C:\ST\STM32CubeIDE_1.13.2\STM32CubeIDE\plugins\com.st.stm32cube.common.mx_6.9.2.202309101412\\db\/mcu/
2023-10-30 01:47:25,858 [INFO] ApiDb:274 - Set plugin database path to: C:\ST\STM32CubeIDE_1.13.2\STM32CubeIDE\plugins\com.st.stm32cube.common.mx_6.9.2.202309101412\\db\/plugins/boardmanager/
2023-10-30 01:47:25,863 [WARN] ApiDb:259 - Overriding images path with different value:  => C:\ST\STM32CubeIDE_1.13.2\STM32CubeIDE\plugins\com.st.stm32cube.common.mx_6.9.2.202309101412\\db\/plugins/mcufinder/images/
2023-10-30 01:47:25,917 [INFO] ApiDb:250 - Set database path to: C:\Users\91916\.stmcufinder\plugins\mcufinder//mcu/
2023-10-30 01:47:25,920 [INFO] DbMcusAds:125 - Set database path to: C:\Users\91916\.stmcufinder\plugins\mcufinder//mcu/
2023-10-30 01:47:25,957 [INFO] CrossReferenceDbSqlite:203 - Set database path to: C:\Users\91916\.stmcufinder\plugins\mcufinder//mcu/cs/
2023-10-30 01:47:26,472 [INFO] RulesReader:64 - Compatibility file has been processed (293 Rules)
2023-10-30 01:47:26,752 [INFO] DbMcusXml:78 - Set database path to: C:\ST\STM32CubeIDE_1.13.2\STM32CubeIDE\plugins\com.st.stm32cube.common.mx_6.9.2.202309101412\\db\/mcu/
2023-10-30 01:47:26,753 [INFO] ApiDb:274 - Set plugin database path to: C:\ST\STM32CubeIDE_1.13.2\STM32CubeIDE\plugins\com.st.stm32cube.common.mx_6.9.2.202309101412\\db\/plugins/boardmanager/
2023-10-30 01:47:26,753 [INFO] ApiDb:261 - Set plugin images path to: C:\ST\STM32CubeIDE_1.13.2\STM32CubeIDE\plugins\com.st.stm32cube.common.mx_6.9.2.202309101412\\db\/plugins/mcufinder/images/
2023-10-30 01:47:26,754 [WARN] DbFile:41 - Overriding database path with different value: C:\Users\91916\.stmcufinder\plugins\mcufinder/ => C:\Users\91916\.stmcufinder\plugins\mcufinder
2023-10-30 01:47:26,754 [INFO] ApiDb:250 - Set database path to: C:\Users\91916\.stmcufinder\plugins\mcufinder//mcu/
2023-10-30 01:47:26,754 [WARN] DbFile:41 - Overriding database path with different value: C:\Users\91916\.stmcufinder\plugins\mcufinder/ => C:\Users\91916\.stmcufinder\plugins\mcufinder
2023-10-30 01:47:26,755 [INFO] DbMcusAds:125 - Set database path to: C:\Users\91916\.stmcufinder\plugins\mcufinder//mcu/
2023-10-30 01:47:26,755 [WARN] DbFile:41 - Overriding database path with different value: C:\Users\91916\.stmcufinder\plugins\mcufinder/ => C:\Users\91916\.stmcufinder\plugins\mcufinder
2023-10-30 01:47:26,755 [WARN] DbFile:41 - Overriding database path with different value: C:\Users\91916\.stmcufinder\plugins\mcufinder/ => C:\Users\91916\.stmcufinder\plugins\mcufinder
2023-10-30 01:47:26,755 [INFO] CrossReferenceDbSqlite:203 - Set database path to: C:\Users\91916\.stmcufinder\plugins\mcufinder//mcu/cs/
2023-10-30 01:47:26,979 [INFO] MainPanel:262 - HeapMemory: 268435456
2023-10-30 01:47:27,204 [INFO] DbMcusXml:78 - Set database path to: C:\ST\STM32CubeIDE_1.13.2\STM32CubeIDE\plugins\com.st.stm32cube.common.mx_6.9.2.202309101412\\db\/mcu/
2023-10-30 01:47:27,204 [INFO] ApiDb:274 - Set plugin database path to: C:\ST\STM32CubeIDE_1.13.2\STM32CubeIDE\plugins\com.st.stm32cube.common.mx_6.9.2.202309101412\\db\/plugins/boardmanager/
2023-10-30 01:47:27,204 [INFO] ApiDb:261 - Set plugin images path to: C:\ST\STM32CubeIDE_1.13.2\STM32CubeIDE\plugins\com.st.stm32cube.common.mx_6.9.2.202309101412\\db\/plugins/mcufinder/images/
2023-10-30 01:47:27,205 [WARN] DbFile:41 - Overriding database path with different value: C:\Users\91916\.stmcufinder\plugins\mcufinder/ => C:\Users\91916\.stmcufinder\plugins\mcufinder
2023-10-30 01:47:27,206 [INFO] ApiDb:250 - Set database path to: C:\Users\91916\.stmcufinder\plugins\mcufinder//mcu/
2023-10-30 01:47:27,207 [WARN] DbFile:41 - Overriding database path with different value: C:\Users\91916\.stmcufinder\plugins\mcufinder/ => C:\Users\91916\.stmcufinder\plugins\mcufinder
2023-10-30 01:47:27,207 [INFO] DbMcusAds:125 - Set database path to: C:\Users\91916\.stmcufinder\plugins\mcufinder//mcu/
2023-10-30 01:47:27,207 [WARN] DbFile:41 - Overriding database path with different value: C:\Users\91916\.stmcufinder\plugins\mcufinder/ => C:\Users\91916\.stmcufinder\plugins\mcufinder
2023-10-30 01:47:27,208 [WARN] DbFile:41 - Overriding database path with different value: C:\Users\91916\.stmcufinder\plugins\mcufinder/ => C:\Users\91916\.stmcufinder\plugins\mcufinder
2023-10-30 01:47:27,208 [INFO] CrossReferenceDbSqlite:203 - Set database path to: C:\Users\91916\.stmcufinder\plugins\mcufinder//mcu/cs/
2023-10-30 01:47:27,258 [INFO] ApplicationProperties:184 - Using Application install path: C:\ST\STM32CubeIDE_1.13.2\STM32CubeIDE\plugins\com.st.stm32cube.common.mx_6.9.2.202309101412
2023-10-30 01:47:27,262 [INFO] PluginManage:196 - Search for loadable plugins [exclusion list=, ]
2023-10-30 01:47:27,266 [INFO] PluginManage:310 - Check plugin analytics
2023-10-30 01:47:32,265 [INFO] AnalyticsPlugin:253 - Accepted Software Licenses: STM32CubeMX.6.9.2
2023-10-30 01:47:32,271 [INFO] AnalyticsPlugin:255 - Accepted CMSIS Pack Licenses: 
2023-10-30 01:47:32,272 [INFO] AnalyticsPlugin:257 - Accepted Firmware Licenses: FW.F4.1.27.0
2023-10-30 01:47:32,284 [INFO] PluginManage:359 - Loaded plugin analytics (category:tool,tabindex:-1)
2023-10-30 01:47:32,285 [INFO] PluginManage:310 - Check plugin cadmodel
2023-10-30 01:47:32,324 [INFO] CADModel:105 - Init CAD model plugin
2023-10-30 01:47:32,324 [INFO] PluginManage:359 - Loaded plugin cadmodel (category:power,tabindex:5)
2023-10-30 01:47:32,325 [INFO] PluginManage:310 - Check plugin clock
2023-10-30 01:47:32,368 [INFO] PluginManage:359 - Loaded plugin clock (category:base,tabindex:2)
2023-10-30 01:47:32,368 [INFO] PluginManage:310 - Check plugin ddr
2023-10-30 01:47:32,374 [INFO] PluginManage:359 - Loaded plugin ddr (category:tool,tabindex:6)
2023-10-30 01:47:32,374 [INFO] PluginManage:310 - Check plugin filemanager
2023-10-30 01:47:32,767 [INFO] PluginManage:359 - Loaded plugin filemanager (category:base,tabindex:10)
2023-10-30 01:47:32,767 [INFO] PluginManage:310 - Check plugin ipmanager
2023-10-30 01:47:32,784 [INFO] PluginManage:359 - Loaded plugin ipmanager (category:base,tabindex:5)
2023-10-30 01:47:32,784 [INFO] PluginManage:310 - Check plugin lpbam
2023-10-30 01:47:32,817 [INFO] PluginManage:359 - Loaded plugin lpbam (category:base,tabindex:0)
2023-10-30 01:47:32,817 [INFO] PluginManage:310 - Check plugin memorymap
2023-10-30 01:47:32,859 [INFO] PluginManage:359 - Loaded plugin memorymap (category:base,tabindex:4)
2023-10-30 01:47:32,860 [INFO] PluginManage:310 - Check plugin pinoutandconfiguration
2023-10-30 01:47:32,893 [INFO] PluginManage:359 - Loaded plugin pinoutandconfiguration (category:base,tabindex:1)
2023-10-30 01:47:32,893 [INFO] PluginManage:310 - Check plugin pinoutconfig
2023-10-30 01:47:33,156 [WARN] SupportedApi:132 - Cannot load RTOS API schema: s4s-elt-must-match.1: The content of 'definitions' must match (annotation?, (simpleType | complexType)?, (unique | key | keyref)*)). A problem was found starting at: attribute.
2023-10-30 01:47:33,511 [INFO] PluginManage:359 - Loaded plugin pinoutconfig (category:base,tabindex:0)
2023-10-30 01:47:33,511 [INFO] PluginManage:310 - Check plugin power
2023-10-30 01:47:33,552 [INFO] PluginManage:359 - Loaded plugin power (category:power,tabindex:4)
2023-10-30 01:47:33,553 [INFO] PluginManage:310 - Check plugin projectmanager
2023-10-30 01:47:33,591 [INFO] PluginManage:359 - Loaded plugin projectmanager (category:projectmanager,tabindex:3)
2023-10-30 01:47:33,591 [INFO] PluginManage:310 - Check plugin thirdparty
2023-10-30 01:47:34,169 [INFO] PluginManage:359 - Loaded plugin thirdparty (category:base,tabindex:-1)
2023-10-30 01:47:34,169 [WARN] IntegrityCheckThread:84 - waiting for thirdparty lock release [integrity check]
2023-10-30 01:47:34,169 [INFO] PluginManage:310 - Check plugin tools
2023-10-30 01:47:34,169 [INFO] IntegrityCheckThread:86 - entering critical section [integrity check]
2023-10-30 01:47:34,173 [INFO] ThirdPartyUpdaterWithRetryManager:70 - Updater plugin not ready yet. [1/15]
2023-10-30 01:47:34,250 [INFO] PluginManage:359 - Loaded plugin tools (category:base,tabindex:7)
2023-10-30 01:47:34,251 [INFO] PluginManage:310 - Check plugin tutovideos
2023-10-30 01:47:34,662 [INFO] PluginManage:359 - Loaded plugin tutovideos (category:base,tabindex:-1)
2023-10-30 01:47:34,662 [INFO] PluginManage:310 - Check plugin updater
2023-10-30 01:47:34,681 [INFO] PluginManage:359 - Loaded plugin updater (category:base,tabindex:12)
2023-10-30 01:47:34,682 [INFO] PluginManage:310 - Check plugin userauth
2023-10-30 01:47:34,693 [INFO] UserAuth:113 - Init User Auth plugin
2023-10-30 01:47:34,694 [INFO] PluginManage:359 - Loaded plugin userauth (category:base,tabindex:14)
2023-10-30 01:47:34,696 [INFO] PluginManage:283 - PluginManage : Loaded plugins [17]
2023-10-30 01:47:35,221 [INFO] PinOutPanel:1499 - setPackage(No Configuration,No Configuration)
2023-10-30 01:47:35,509 [INFO] CADModel:165 - CPN selected for project level
2023-10-30 01:47:35,509 [INFO] CADModel:114 - Register for checkConnection events
2023-10-30 01:47:35,559 [INFO] IPUIPlugin:80 - create IPUIPlugin
2023-10-30 01:47:35,559 [INFO] PluginManager:220 - loadIPPluginJar : add adc
2023-10-30 01:47:35,634 [INFO] IPUIPlugin:80 - create IPUIPlugin
2023-10-30 01:47:35,634 [INFO] PluginManager:220 - loadIPPluginJar : add aes
2023-10-30 01:47:35,719 [INFO] IPUIPlugin:80 - create IPUIPlugin
2023-10-30 01:47:35,719 [INFO] PluginManager:220 - loadIPPluginJar : add can
2023-10-30 01:47:35,763 [INFO] IPUIPlugin:80 - create IPUIPlugin
2023-10-30 01:47:35,764 [INFO] PluginManager:220 - loadIPPluginJar : add comp
2023-10-30 01:47:35,829 [INFO] IPUIPlugin:80 - create IPUIPlugin
2023-10-30 01:47:35,830 [INFO] PluginManager:220 - loadIPPluginJar : add cryp
2023-10-30 01:47:35,888 [INFO] IPUIPlugin:80 - create IPUIPlugin
2023-10-30 01:47:35,888 [INFO] PluginManager:220 - loadIPPluginJar : add dfsdm
2023-10-30 01:47:35,917 [INFO] IPUIPlugin:80 - create IPUIPlugin
2023-10-30 01:47:35,918 [INFO] PluginManager:220 - loadIPPluginJar : add dma
2023-10-30 01:47:36,012 [INFO] IPUIPlugin:80 - create IPUIPlugin
2023-10-30 01:47:36,013 [INFO] PluginManager:220 - loadIPPluginJar : add dma3
2023-10-30 01:47:36,061 [INFO] IPUIPlugin:80 - create IPUIPlugin
2023-10-30 01:47:36,061 [INFO] PluginManager:220 - loadIPPluginJar : add fatfs
2023-10-30 01:47:36,163 [INFO] IPUIPlugin:80 - create IPUIPlugin
2023-10-30 01:47:36,163 [INFO] PluginManager:220 - loadIPPluginJar : add fmc
2023-10-30 01:47:36,190 [INFO] IPUIPlugin:80 - create IPUIPlugin
2023-10-30 01:47:36,191 [INFO] PluginManager:220 - loadIPPluginJar : add freertos
2023-10-30 01:47:36,238 [INFO] IPUIPlugin:80 - create IPUIPlugin
2023-10-30 01:47:36,239 [INFO] PluginManager:220 - loadIPPluginJar : add genericplugin
2023-10-30 01:47:36,440 [INFO] IPUIPlugin:80 - create IPUIPlugin
2023-10-30 01:47:36,440 [INFO] PluginManager:220 - loadIPPluginJar : add gfxmmu
2023-10-30 01:47:36,713 [INFO] IPUIPlugin:80 - create IPUIPlugin
2023-10-30 01:47:36,713 [INFO] PluginManager:220 - loadIPPluginJar : add gic
2023-10-30 01:47:36,737 [INFO] IPUIPlugin:80 - create IPUIPlugin
2023-10-30 01:47:36,738 [INFO] PluginManager:220 - loadIPPluginJar : add gpio
2023-10-30 01:47:36,928 [INFO] IPUIPlugin:80 - create IPUIPlugin
2023-10-30 01:47:36,928 [INFO] PluginManager:220 - loadIPPluginJar : add gtzc
2023-10-30 01:47:36,992 [INFO] IPUIPlugin:80 - create IPUIPlugin
2023-10-30 01:47:36,992 [INFO] PluginManager:220 - loadIPPluginJar : add hash
2023-10-30 01:47:37,100 [INFO] IPUIPlugin:80 - create IPUIPlugin
2023-10-30 01:47:37,100 [INFO] PluginManager:220 - loadIPPluginJar : add i2c
2023-10-30 01:47:37,174 [INFO] ThirdPartyUpdaterWithRetryManager:70 - Updater plugin not ready yet. [2/15]
2023-10-30 01:47:37,179 [INFO] IPUIPlugin:80 - create IPUIPlugin
2023-10-30 01:47:37,179 [INFO] PluginManager:220 - loadIPPluginJar : add i2s
2023-10-30 01:47:37,263 [INFO] IPUIPlugin:80 - create IPUIPlugin
2023-10-30 01:47:37,263 [INFO] PluginManager:220 - loadIPPluginJar : add i3c
2023-10-30 01:47:37,508 [INFO] IPUIPlugin:80 - create IPUIPlugin
2023-10-30 01:47:37,508 [INFO] PluginManager:220 - loadIPPluginJar : add ipddr
2023-10-30 01:47:37,698 [INFO] IPUIPlugin:80 - create IPUIPlugin
2023-10-30 01:47:37,698 [INFO] PluginManager:220 - loadIPPluginJar : add linkedlist
2023-10-30 01:47:37,768 [INFO] IPUIPlugin:80 - create IPUIPlugin
2023-10-30 01:47:37,768 [INFO] PluginManager:220 - loadIPPluginJar : add lorawan
2023-10-30 01:47:37,841 [INFO] IPUIPlugin:80 - create IPUIPlugin
2023-10-30 01:47:37,841 [INFO] PluginManager:220 - loadIPPluginJar : add ltdc
2023-10-30 01:47:37,868 [INFO] IPUIPlugin:80 - create IPUIPlugin
2023-10-30 01:47:37,869 [INFO] PluginManager:220 - loadIPPluginJar : add mdma
2023-10-30 01:47:37,892 [INFO] IPUIPlugin:80 - create IPUIPlugin
2023-10-30 01:47:37,893 [INFO] PluginManager:220 - loadIPPluginJar : add nvic
2023-10-30 01:47:37,968 [INFO] IPUIPlugin:80 - create IPUIPlugin
2023-10-30 01:47:37,968 [INFO] PluginManager:220 - loadIPPluginJar : add opamp
2023-10-30 01:47:38,089 [INFO] IPUIPlugin:80 - create IPUIPlugin
2023-10-30 01:47:38,089 [INFO] PluginManager:220 - loadIPPluginJar : add openamp
2023-10-30 01:47:38,175 [INFO] IPUIPlugin:80 - create IPUIPlugin
2023-10-30 01:47:38,175 [INFO] PluginManager:220 - loadIPPluginJar : add pdm2pcm
2023-10-30 01:47:38,203 [INFO] IPUIPlugin:80 - create IPUIPlugin
2023-10-30 01:47:38,209 [INFO] PluginManager:220 - loadIPPluginJar : add plateformsettings
2023-10-30 01:47:38,252 [INFO] IPUIPlugin:80 - create IPUIPlugin
2023-10-30 01:47:38,252 [INFO] PluginManager:220 - loadIPPluginJar : add quadspi
2023-10-30 01:47:38,288 [INFO] IPUIPlugin:80 - create IPUIPlugin
2023-10-30 01:47:38,289 [INFO] PluginManager:220 - loadIPPluginJar : add resmgrutility
2023-10-30 01:47:38,394 [INFO] IPUIPlugin:80 - create IPUIPlugin
2023-10-30 01:47:38,394 [INFO] PluginManager:220 - loadIPPluginJar : add sai
2023-10-30 01:47:38,468 [INFO] IPUIPlugin:80 - create IPUIPlugin
2023-10-30 01:47:38,468 [INFO] PluginManager:220 - loadIPPluginJar : add spi
2023-10-30 01:47:38,587 [INFO] IPUIPlugin:80 - create IPUIPlugin
2023-10-30 01:47:38,587 [INFO] PluginManager:220 - loadIPPluginJar : add stm32_wpan
2023-10-30 01:47:38,634 [INFO] IPUIPlugin:80 - create IPUIPlugin
2023-10-30 01:47:38,635 [INFO] PluginManager:220 - loadIPPluginJar : add tim
2023-10-30 01:47:38,750 [INFO] IPUIPlugin:80 - create IPUIPlugin
2023-10-30 01:47:38,750 [INFO] PluginManager:220 - loadIPPluginJar : add touchsensing
2023-10-30 01:47:38,794 [INFO] IPUIPlugin:80 - create IPUIPlugin
2023-10-30 01:47:38,794 [INFO] PluginManager:220 - loadIPPluginJar : add tracer_emb
2023-10-30 01:47:38,838 [INFO] IPUIPlugin:80 - create IPUIPlugin
2023-10-30 01:47:38,838 [INFO] PluginManager:220 - loadIPPluginJar : add ts
2023-10-30 01:47:38,879 [INFO] IPUIPlugin:80 - create IPUIPlugin
2023-10-30 01:47:38,879 [INFO] PluginManager:220 - loadIPPluginJar : add tsc
2023-10-30 01:47:38,923 [INFO] IPUIPlugin:80 - create IPUIPlugin
2023-10-30 01:47:38,923 [INFO] PluginManager:220 - loadIPPluginJar : add ucpd
2023-10-30 01:47:39,010 [INFO] IPUIPlugin:80 - create IPUIPlugin
2023-10-30 01:47:39,010 [INFO] PluginManager:220 - loadIPPluginJar : add usart
2023-10-30 01:47:39,097 [INFO] IPUIPlugin:80 - create IPUIPlugin
2023-10-30 01:47:39,097 [INFO] PluginManager:220 - loadIPPluginJar : add usbx
2023-10-30 01:47:39,302 [INFO] CADModel:165 - CPN selected for project level
2023-10-30 01:47:39,303 [INFO] CADModel:114 - Register for checkConnection events
2023-10-30 01:47:39,304 [FATAL] Updater:308 - Updater called before beeing initialized
2023-10-30 01:47:39,304 [ERROR] CADModel:125 - Updater not yet initialized, retry later 
2023-10-30 01:47:39,634 [INFO] CADModel:165 - CPN selected for project level
2023-10-30 01:47:39,634 [INFO] CADModel:114 - Register for checkConnection events
2023-10-30 01:47:39,634 [FATAL] Updater:308 - Updater called before beeing initialized
2023-10-30 01:47:39,635 [ERROR] CADModel:125 - Updater not yet initialized, retry later 
2023-10-30 01:47:39,642 [FATAL] Updater:308 - Updater called before beeing initialized
2023-10-30 01:47:39,922 [FATAL] Updater:308 - Updater called before beeing initialized
2023-10-30 01:47:39,948 [INFO] DbMcusAds:53 - JSON generation date=Tue Mar 07 14:20:55 IST 2023 (1678179055114)
2023-10-30 01:47:39,949 [FATAL] Updater:308 - Updater called before beeing initialized
2023-10-30 01:47:40,127 [WARN] DetailPanel:346 - Failed to get advertising image, set to default
2023-10-30 01:47:40,174 [INFO] ThirdPartyUpdaterWithRetryManager:70 - Updater plugin not ready yet. [3/15]
2023-10-30 01:47:40,365 [FATAL] Updater:308 - Updater called before beeing initialized
2023-10-30 01:47:40,369 [FATAL] Updater:308 - Updater called before beeing initialized
2023-10-30 01:47:40,369 [FATAL] Updater:308 - Updater called before beeing initialized
2023-10-30 01:47:40,370 [WARN] DetailPanel:346 - Failed to get advertising image, set to default
2023-10-30 01:47:40,372 [FATAL] Updater:308 - Updater called before beeing initialized
2023-10-30 01:47:40,530 [ERROR] Updater:1120 - MainUpdater not yet initialized. External WinMGr cannot be set.
2023-10-30 01:47:40,558 [INFO] Updater:1056 - Updater Version found : 6.9.2
2023-10-30 01:47:40,610 [INFO] ApplicationProperties:184 - Using Application install path: C:\ST\STM32CubeIDE_1.13.2\STM32CubeIDE\plugins\com.st.stm32cube.common.mx_6.9.2.202309101412
2023-10-30 01:47:41,004 [INFO] MainUpdater:2868 - connection check result : 10
2023-10-30 01:47:41,006 [INFO] MainUpdater:3562 - Updater definition file requires update
2023-10-30 01:47:41,009 [INFO] MainUpdater:285 - Updater Check For Update Now.
2023-10-30 01:47:41,009 [INFO] MicroXplorer:498 - Change Database Version : DB.6.0.92
2023-10-30 01:47:41,054 [INFO] McuFinderGlobals:63 - Set McuFinder mode to 2 (CubeIDE integrated)
2023-10-30 01:47:41,055 [INFO] UserAuth:179 - activating auth plugin
2023-10-30 01:47:41,062 [INFO] UserAuth:393 - Internet connection configuration mode: 1
2023-10-30 01:47:41,078 [INFO] ServerAccessManage:473 - Download File updaters.zip
2023-10-30 01:47:41,184 [INFO] JxBrowserEngine:151 - Initiate JxBrowser Engine with user profile folder
2023-10-30 01:47:41,376 [INFO] FileExtend:240 - Unzip File : updaters.zip
2023-10-30 01:47:41,377 [INFO] FileExtend:255 - Standard Zip Deflate
2023-10-30 01:47:42,512 [INFO] ServerAccessManage:473 - Download File PacksControlFlags.xml
2023-10-30 01:47:42,849 [INFO] ServerAccessManage:473 - Download File cubemx.pidx
2023-10-30 01:47:43,179 [WARN] MainUpdater:1189 - Updater busy. Cannot search thirdparties
2023-10-30 01:47:43,180 [INFO] ThirdPartyUpdaterWithRetryManager:96 - Updater plugin is busy. [1/15]
2023-10-30 01:47:43,243 [INFO] LoadServerUpdatesThread:373 - End of LoadServerUpdate Thread
2023-10-30 01:47:43,746 [INFO] CheckServerUpdateThread:120 - End of CheckServer Thread
2023-10-30 01:47:47,075 [WARN] PackLoader:240 - Cannot read IP mode file for STMicroelectronics.X-CUBE-SMBUS.2.1.0
2023-10-30 01:47:47,317 [WARN] PackLoader:240 - Cannot read IP mode file for STMicroelectronics.X-CUBE-AZRTOS-F7.1.1.0
2023-10-30 01:47:47,619 [WARN] PackLoader:240 - Cannot read IP mode file for STMicroelectronics.FP-SNS-MOTENV1.4.3.2
2023-10-30 01:47:47,684 [WARN] PackLoader:240 - Cannot read IP mode file for STMicroelectronics.FP-SNS-FLIGHT1.5.0.2
2023-10-30 01:47:47,751 [WARN] PackLoader:240 - Cannot read IP mode file for STMicroelectronics.X-CUBE-DISPLAY.3.0.0
2023-10-30 01:47:47,832 [WARN] PackLoader:240 - Cannot read IP mode file for STMicroelectronics.X-CUBE-BLE1.7.0.0
2023-10-30 01:47:47,882 [WARN] PackLoader:240 - Cannot read IP mode file for emotas.I-CUBE-CANOPEN.1.3.0
2023-10-30 01:47:47,927 [WARN] PackLoader:240 - Cannot read IP mode file for STMicroelectronics.X-CUBE-TOUCHGFX.4.22.1
2023-10-30 01:47:48,032 [WARN] PackLoader:240 - Cannot read IP mode file for STMicroelectronics.FP-SNS-SMARTAG2.1.2.0
2023-10-30 01:47:48,131 [INFO] LogOutputStream:77 - [STDOUT_REDIRECT] 1 : Invalid condition id : UX_CORESTACK_Condition cause : null
2023-10-30 01:47:48,133 [INFO] LogOutputStream:77 - [STDOUT_REDIRECT] 1 : Invalid condition id : UX_CORESTACK_Condition cause : null
2023-10-30 01:47:48,140 [INFO] LogOutputStream:77 - [STDOUT_REDIRECT] 1 : Invalid condition id : UX_CORESTACK_Condition cause : null
2023-10-30 01:47:48,147 [INFO] LogOutputStream:77 - [STDOUT_REDIRECT] 1 : Invalid condition id : UX_CORESTACK_Condition cause : null
2023-10-30 01:47:48,155 [INFO] LogOutputStream:77 - [STDOUT_REDIRECT] 1 : Invalid condition id : UX_CORESTACK_Condition cause : null
2023-10-30 01:47:48,176 [WARN] PackLoader:240 - Cannot read IP mode file for STMicroelectronics.X-CUBE-AZRTOS-WL.2.0.0
2023-10-30 01:47:48,231 [WARN] PackLoader:240 - Cannot read IP mode file for WES.I-CUBE-Cesium.1.3.0
2023-10-30 01:47:48,278 [WARN] PackLoader:240 - Cannot read IP mode file for STMicroelectronics.X-CUBE-BLE2.3.3.0
2023-10-30 01:47:48,330 [WARN] PackLoader:240 - Cannot read IP mode file for STMicroelectronics.X-CUBE-ALGOBUILD.1.3.0
2023-10-30 01:47:48,566 [WARN] PackLoader:240 - Cannot read IP mode file for STMicroelectronics.X-CUBE-AZRTOS-G0.1.1.0
2023-10-30 01:47:48,764 [WARN] PackLoader:240 - Cannot read IP mode file for STMicroelectronics.X-CUBE-NFC4.3.0.0
2023-10-30 01:47:48,994 [WARN] PackLoader:240 - Cannot read IP mode file for STMicroelectronics.FP-ATR-SIGFOX1.3.2.0
2023-10-30 01:47:49,372 [WARN] PackLoader:240 - Cannot read IP mode file for SEGGER.I-CUBE-embOS.1.3.1
2023-10-30 01:47:49,614 [INFO] WebApp:157 - Instantiating new browser for Auth
2023-10-30 01:47:49,790 [WARN] PackLoader:240 - Cannot read IP mode file for STMicroelectronics.X-CUBE-GNSS1.6.0.0
2023-10-30 01:47:50,219 [WARN] PackLoader:240 - Cannot read IP mode file for STMicroelectronics.X-CUBE-AZRTOS-F4.1.1.0
2023-10-30 01:47:50,277 [WARN] PackLoader:240 - Cannot read IP mode file for wolfSSL.I-CUBE-wolfSSL.5.6.3
2023-10-30 01:47:50,395 [WARN] PackLoader:240 - Cannot read IP mode file for STMicroelectronics.X-CUBE-AZRTOS-L5.2.0.0
2023-10-30 01:47:50,462 [WARN] PackLoader:240 - Cannot read IP mode file for STMicroelectronics.X-CUBE-EEPRMA1.4.2.0
2023-10-30 01:47:50,514 [WARN] PackLoader:240 - Cannot read IP mode file for ITTIA_DB.I-CUBE-ITTIADB.8.8.0
2023-10-30 01:47:50,562 [WARN] PackLoader:240 - Cannot read IP mode file for STMicroelectronics.X-CUBE-BLEMGR.2.0.0
2023-10-30 01:47:50,698 [WARN] ConditionMgr:438 - getConditionDescription Invalid condition id : UX DEVICE CLASS RTOS Condition cause : null
2023-10-30 01:47:50,699 [WARN] ConditionMgr:438 - getConditionDescription Invalid condition id : UX DEVICE CLASS RTOS Condition cause : null
2023-10-30 01:47:50,727 [WARN] PackLoader:240 - Cannot read IP mode file for STMicroelectronics.X-CUBE-AZRTOS-H7.3.1.0
2023-10-30 01:47:50,731 [WARN] ConditionMgr:1039 - genDependencies : Invalid condition id : UX DEVICE CLASS RTOS Condition cause : null
2023-10-30 01:47:50,731 [WARN] ConditionMgr:1039 - genDependencies : Invalid condition id : UX DEVICE CLASS RTOS Condition cause : null
2023-10-30 01:47:50,733 [WARN] ConditionMgr:1039 - genDependencies : Invalid condition id : UX DEVICE CLASS RTOS Condition cause : null
2023-10-30 01:47:50,735 [WARN] ConditionMgr:1039 - genDependencies : Invalid condition id : UX DEVICE CLASS RTOS Condition cause : null
2023-10-30 01:47:50,737 [WARN] ConditionMgr:1039 - genDependencies : Invalid condition id : UX DEVICE CLASS RTOS Condition cause : null
2023-10-30 01:47:50,821 [WARN] PackLoader:240 - Cannot read IP mode file for STMicroelectronics.X-CUBE-NFC7.1.0.1
2023-10-30 01:47:50,868 [WARN] PackLoader:240 - Cannot read IP mode file for STMicroelectronics.X-CUBE-NFC6.3.0.0
2023-10-30 01:47:50,917 [WARN] PackLoader:240 - Cannot read IP mode file for STMicroelectronics.X-CUBE-EEPRMA1.4.1.0
2023-10-30 01:47:50,957 [WARN] PackLoader:240 - Cannot read IP mode file for STMicroelectronics.X-CUBE-AI.8.1.0
2023-10-30 01:47:51,134 [WARN] ConditionMgr:438 - getConditionDescription Invalid condition id : LAN8742 Phy interface Condition cause : null
2023-10-30 01:47:51,138 [WARN] PackLoader:240 - Cannot read IP mode file for STMicroelectronics.X-CUBE-AZRTOS-L4.2.0.0
2023-10-30 01:47:51,180 [WARN] ConditionMgr:1039 - genDependencies : Invalid condition id : LAN8742 Phy interface Condition cause : null
2023-10-30 01:47:51,181 [WARN] ConditionMgr:1039 - genDependencies : Invalid condition id : LAN8742 Phy interface Condition cause : null
2023-10-30 01:47:51,182 [WARN] ConditionMgr:1039 - genDependencies : Invalid condition id : LAN8742 Phy interface Condition cause : null
2023-10-30 01:47:51,267 [WARN] PackLoader:240 - Cannot read IP mode file for STMicroelectronics.X-CUBE-SFXS2LP1.4.0.0
2023-10-30 01:47:51,316 [WARN] PackLoader:240 - Cannot read IP mode file for STMicroelectronics.X-CUBE-ISPU.1.1.0
2023-10-30 01:47:51,410 [WARN] ConditionMgr:438 - getConditionDescription Invalid condition id : UX DEVICE CLASS RTOS Condition cause : null
2023-10-30 01:47:51,410 [WARN] ConditionMgr:438 - getConditionDescription Invalid condition id : UX DEVICE CLASS RTOS Condition cause : null
2023-10-30 01:47:51,419 [WARN] PackLoader:240 - Cannot read IP mode file for STMicroelectronics.X-CUBE-AZRTOS-WB.2.0.0
2023-10-30 01:47:51,421 [WARN] ConditionMgr:1039 - genDependencies : Invalid condition id : UX DEVICE CLASS RTOS Condition cause : null
2023-10-30 01:47:51,439 [WARN] ConditionMgr:1039 - genDependencies : Invalid condition id : UX DEVICE CLASS RTOS Condition cause : null
2023-10-30 01:47:51,441 [WARN] ConditionMgr:1039 - genDependencies : Invalid condition id : UX DEVICE CLASS RTOS Condition cause : null
2023-10-30 01:47:51,443 [WARN] ConditionMgr:1039 - genDependencies : Invalid condition id : UX DEVICE CLASS RTOS Condition cause : null
2023-10-30 01:47:51,443 [WARN] ConditionMgr:1039 - genDependencies : Invalid condition id : UX DEVICE CLASS RTOS Condition cause : null
2023-10-30 01:47:51,531 [WARN] PackLoader:240 - Cannot read IP mode file for STMicroelectronics.X-CUBE-SUBG2.5.0.0
2023-10-30 01:47:51,624 [WARN] PackLoader:240 - Cannot read IP mode file for STMicroelectronics.X-CUBE-TOF1.3.3.1
2023-10-30 01:47:51,748 [WARN] PackLoader:240 - Cannot read IP mode file for STMicroelectronics.X-CUBE-AZRTOS-G4.2.0.0
2023-10-30 01:47:51,866 [WARN] PackLoader:240 - Cannot read IP mode file for Infineon.AIROC-Wi-Fi-Bluetooth-STM32.1.5.1
2023-10-30 01:47:52,049 [INFO] WebApp:753 - Register for checkConnection events
2023-10-30 01:47:52,049 [INFO] WebApp:390 - Apply proxy settings
2023-10-30 01:47:52,050 [INFO] WebApp:475 - Chromium requires no authentication
2023-10-30 01:47:52,074 [INFO] WebApp:418 - Direct internet connection detected
2023-10-30 01:47:52,175 [WARN] PackLoader:240 - Cannot read IP mode file for STMicroelectronics.X-CUBE-MEMS1.10.0.0
2023-10-30 01:47:52,663 [INFO] WebApp:188 - Starting web application
2023-10-30 01:47:52,664 [INFO] WebApp:520 - Web application path used C:\ST\STM32CubeIDE_1.13.2\STM32CubeIDE\plugins\com.st.stm32cube.common.mx_6.9.2.202309101412\db\plugins\mcufinder\reactClient1\index.html
2023-10-30 01:47:52,689 [WARN] PackLoader:240 - Cannot read IP mode file for STMicroelectronics.X-CUBE-FREERTOS.1.1.0
2023-10-30 01:47:52,818 [WARN] PackLoader:240 - Cannot read IP mode file for portGmbH.I-Cube-SoM-uGOAL.1.1.0
2023-10-30 01:47:52,909 [WARN] PackLoader:240 - Cannot read IP mode file for STMicroelectronics.X-CUBE-ALS.1.0.1
2023-10-30 01:47:53,010 [WARN] PackLoader:240 - Cannot read IP mode file for STMicroelectronics.FP-ATR-ASTRA1.2.0.0
2023-10-30 01:47:53,016 [INFO] ThirdParty:978 - Integrity check success = true
2023-10-30 01:47:53,016 [INFO] IntegrityCheckThread:100 - exiting critical section [integrity check]
2023-10-30 01:47:53,016 [INFO] IntegrityCheckThread:103 - End integrity checks thread
2023-10-30 01:48:15,601 [ERROR] LogOutputStream:75 - [STDERR_REDIRECT] SLF4J: Failed to load class "org.slf4j.impl.StaticLoggerBinder".
2023-10-30 01:48:15,603 [ERROR] LogOutputStream:75 - [STDERR_REDIRECT] SLF4J: Defaulting to no-operation (NOP) logger implementation
2023-10-30 01:48:15,612 [ERROR] LogOutputStream:75 - [STDERR_REDIRECT] SLF4J: See http://www.slf4j.org/codes.html#StaticLoggerBinder for further details.
