2023-10-27 23:27:56,254 [INFO] Activator:176 - 


2023-10-27 23:27:56,283 [INFO] Activator:177 - !SESSION log4j initialized
2023-10-27 23:28:15,789 [INFO] LogOutputStream:77 - [STDOUT_REDIRECT] 
2023-10-27 23:28:25,127 [INFO] ApplicationProperties:184 - Using Application install path: C:\ST\STM32CubeIDE_1.13.2\STM32CubeIDE\plugins\com.st.stm32cube.common.mx_6.9.2.202309101412
2023-10-27 23:28:25,179 [INFO] DbMcusXml:78 - Set database path to: C:\ST\STM32CubeIDE_1.13.2\STM32CubeIDE\plugins\com.st.stm32cube.common.mx_6.9.2.202309101412\\db\/mcu/
2023-10-27 23:28:25,180 [INFO] ApiDb:274 - Set plugin database path to: C:\ST\STM32CubeIDE_1.13.2\STM32CubeIDE\plugins\com.st.stm32cube.common.mx_6.9.2.202309101412\\db\/plugins/boardmanager/
2023-10-27 23:28:25,181 [WARN] ApiDb:259 - Overriding images path with different value:  => C:\ST\STM32CubeIDE_1.13.2\STM32CubeIDE\plugins\com.st.stm32cube.common.mx_6.9.2.202309101412\\db\/plugins/mcufinder/images/
2023-10-27 23:28:25,235 [INFO] ApiDb:250 - Set database path to: C:\Users\91916\.stmcufinder\plugins\mcufinder//mcu/
2023-10-27 23:28:25,238 [INFO] DbMcusAds:125 - Set database path to: C:\Users\91916\.stmcufinder\plugins\mcufinder//mcu/
2023-10-27 23:28:25,245 [INFO] CrossReferenceDbSqlite:203 - Set database path to: C:\Users\91916\.stmcufinder\plugins\mcufinder//mcu/cs/
2023-10-27 23:28:25,754 [INFO] RulesReader:64 - Compatibility file has been processed (293 Rules)
2023-10-27 23:28:26,045 [INFO] DbMcusXml:78 - Set database path to: C:\ST\STM32CubeIDE_1.13.2\STM32CubeIDE\plugins\com.st.stm32cube.common.mx_6.9.2.202309101412\\db\/mcu/
2023-10-27 23:28:26,045 [INFO] ApiDb:274 - Set plugin database path to: C:\ST\STM32CubeIDE_1.13.2\STM32CubeIDE\plugins\com.st.stm32cube.common.mx_6.9.2.202309101412\\db\/plugins/boardmanager/
2023-10-27 23:28:26,046 [INFO] ApiDb:261 - Set plugin images path to: C:\ST\STM32CubeIDE_1.13.2\STM32CubeIDE\plugins\com.st.stm32cube.common.mx_6.9.2.202309101412\\db\/plugins/mcufinder/images/
2023-10-27 23:28:26,046 [WARN] DbFile:41 - Overriding database path with different value: C:\Users\91916\.stmcufinder\plugins\mcufinder/ => C:\Users\91916\.stmcufinder\plugins\mcufinder
2023-10-27 23:28:26,047 [INFO] ApiDb:250 - Set database path to: C:\Users\91916\.stmcufinder\plugins\mcufinder//mcu/
2023-10-27 23:28:26,047 [WARN] DbFile:41 - Overriding database path with different value: C:\Users\91916\.stmcufinder\plugins\mcufinder/ => C:\Users\91916\.stmcufinder\plugins\mcufinder
2023-10-27 23:28:26,048 [INFO] DbMcusAds:125 - Set database path to: C:\Users\91916\.stmcufinder\plugins\mcufinder//mcu/
2023-10-27 23:28:26,048 [WARN] DbFile:41 - Overriding database path with different value: C:\Users\91916\.stmcufinder\plugins\mcufinder/ => C:\Users\91916\.stmcufinder\plugins\mcufinder
2023-10-27 23:28:26,048 [WARN] DbFile:41 - Overriding database path with different value: C:\Users\91916\.stmcufinder\plugins\mcufinder/ => C:\Users\91916\.stmcufinder\plugins\mcufinder
2023-10-27 23:28:26,049 [INFO] CrossReferenceDbSqlite:203 - Set database path to: C:\Users\91916\.stmcufinder\plugins\mcufinder//mcu/cs/
2023-10-27 23:28:26,405 [INFO] MainPanel:262 - HeapMemory: 268435456
2023-10-27 23:28:26,659 [INFO] DbMcusXml:78 - Set database path to: C:\ST\STM32CubeIDE_1.13.2\STM32CubeIDE\plugins\com.st.stm32cube.common.mx_6.9.2.202309101412\\db\/mcu/
2023-10-27 23:28:26,659 [INFO] ApiDb:274 - Set plugin database path to: C:\ST\STM32CubeIDE_1.13.2\STM32CubeIDE\plugins\com.st.stm32cube.common.mx_6.9.2.202309101412\\db\/plugins/boardmanager/
2023-10-27 23:28:26,660 [INFO] ApiDb:261 - Set plugin images path to: C:\ST\STM32CubeIDE_1.13.2\STM32CubeIDE\plugins\com.st.stm32cube.common.mx_6.9.2.202309101412\\db\/plugins/mcufinder/images/
2023-10-27 23:28:26,661 [WARN] DbFile:41 - Overriding database path with different value: C:\Users\91916\.stmcufinder\plugins\mcufinder/ => C:\Users\91916\.stmcufinder\plugins\mcufinder
2023-10-27 23:28:26,661 [INFO] ApiDb:250 - Set database path to: C:\Users\91916\.stmcufinder\plugins\mcufinder//mcu/
2023-10-27 23:28:26,661 [WARN] DbFile:41 - Overriding database path with different value: C:\Users\91916\.stmcufinder\plugins\mcufinder/ => C:\Users\91916\.stmcufinder\plugins\mcufinder
2023-10-27 23:28:26,662 [INFO] DbMcusAds:125 - Set database path to: C:\Users\91916\.stmcufinder\plugins\mcufinder//mcu/
2023-10-27 23:28:26,662 [WARN] DbFile:41 - Overriding database path with different value: C:\Users\91916\.stmcufinder\plugins\mcufinder/ => C:\Users\91916\.stmcufinder\plugins\mcufinder
2023-10-27 23:28:26,662 [WARN] DbFile:41 - Overriding database path with different value: C:\Users\91916\.stmcufinder\plugins\mcufinder/ => C:\Users\91916\.stmcufinder\plugins\mcufinder
2023-10-27 23:28:26,670 [INFO] CrossReferenceDbSqlite:203 - Set database path to: C:\Users\91916\.stmcufinder\plugins\mcufinder//mcu/cs/
2023-10-27 23:28:26,724 [INFO] ApplicationProperties:184 - Using Application install path: C:\ST\STM32CubeIDE_1.13.2\STM32CubeIDE\plugins\com.st.stm32cube.common.mx_6.9.2.202309101412
2023-10-27 23:28:26,728 [INFO] PluginManage:196 - Search for loadable plugins [exclusion list=, ]
2023-10-27 23:28:26,733 [INFO] PluginManage:310 - Check plugin analytics
2023-10-27 23:28:31,971 [INFO] AnalyticsPlugin:253 - Accepted Software Licenses: STM32CubeMX.6.9.2
2023-10-27 23:28:31,973 [INFO] AnalyticsPlugin:255 - Accepted CMSIS Pack Licenses: 
2023-10-27 23:28:31,974 [INFO] AnalyticsPlugin:257 - Accepted Firmware Licenses: FW.F4.1.27.0
2023-10-27 23:28:31,984 [INFO] PluginManage:359 - Loaded plugin analytics (category:tool,tabindex:-1)
2023-10-27 23:28:31,985 [INFO] PluginManage:310 - Check plugin cadmodel
2023-10-27 23:28:32,061 [INFO] CADModel:105 - Init CAD model plugin
2023-10-27 23:28:32,062 [INFO] PluginManage:359 - Loaded plugin cadmodel (category:power,tabindex:5)
2023-10-27 23:28:32,062 [INFO] PluginManage:310 - Check plugin clock
2023-10-27 23:28:32,153 [INFO] PluginManage:359 - Loaded plugin clock (category:base,tabindex:2)
2023-10-27 23:28:32,154 [INFO] PluginManage:310 - Check plugin ddr
2023-10-27 23:28:32,163 [INFO] PluginManage:359 - Loaded plugin ddr (category:tool,tabindex:6)
2023-10-27 23:28:32,164 [INFO] PluginManage:310 - Check plugin filemanager
2023-10-27 23:28:32,461 [INFO] PluginManage:359 - Loaded plugin filemanager (category:base,tabindex:10)
2023-10-27 23:28:32,461 [INFO] PluginManage:310 - Check plugin ipmanager
2023-10-27 23:28:32,478 [INFO] PluginManage:359 - Loaded plugin ipmanager (category:base,tabindex:5)
2023-10-27 23:28:32,478 [INFO] PluginManage:310 - Check plugin lpbam
2023-10-27 23:28:32,512 [INFO] PluginManage:359 - Loaded plugin lpbam (category:base,tabindex:0)
2023-10-27 23:28:32,512 [INFO] PluginManage:310 - Check plugin memorymap
2023-10-27 23:28:32,557 [INFO] PluginManage:359 - Loaded plugin memorymap (category:base,tabindex:4)
2023-10-27 23:28:32,558 [INFO] PluginManage:310 - Check plugin pinoutandconfiguration
2023-10-27 23:28:32,591 [INFO] PluginManage:359 - Loaded plugin pinoutandconfiguration (category:base,tabindex:1)
2023-10-27 23:28:32,592 [INFO] PluginManage:310 - Check plugin pinoutconfig
2023-10-27 23:28:32,815 [WARN] SupportedApi:132 - Cannot load RTOS API schema: s4s-elt-must-match.1: The content of 'definitions' must match (annotation?, (simpleType | complexType)?, (unique | key | keyref)*)). A problem was found starting at: attribute.
2023-10-27 23:28:33,107 [INFO] PluginManage:359 - Loaded plugin pinoutconfig (category:base,tabindex:0)
2023-10-27 23:28:33,107 [INFO] PluginManage:310 - Check plugin power
2023-10-27 23:28:33,153 [INFO] PluginManage:359 - Loaded plugin power (category:power,tabindex:4)
2023-10-27 23:28:33,153 [INFO] PluginManage:310 - Check plugin projectmanager
2023-10-27 23:28:33,198 [INFO] PluginManage:359 - Loaded plugin projectmanager (category:projectmanager,tabindex:3)
2023-10-27 23:28:33,199 [INFO] PluginManage:310 - Check plugin thirdparty
2023-10-27 23:28:34,155 [INFO] PluginManage:359 - Loaded plugin thirdparty (category:base,tabindex:-1)
2023-10-27 23:28:34,156 [INFO] PluginManage:310 - Check plugin tools
2023-10-27 23:28:34,162 [WARN] IntegrityCheckThread:84 - waiting for thirdparty lock release [integrity check]
2023-10-27 23:28:34,165 [INFO] IntegrityCheckThread:86 - entering critical section [integrity check]
2023-10-27 23:28:34,170 [INFO] ThirdPartyUpdaterWithRetryManager:70 - Updater plugin not ready yet. [1/15]
2023-10-27 23:28:34,455 [INFO] PluginManage:359 - Loaded plugin tools (category:base,tabindex:7)
2023-10-27 23:28:34,455 [INFO] PluginManage:310 - Check plugin tutovideos
2023-10-27 23:28:34,879 [INFO] PluginManage:359 - Loaded plugin tutovideos (category:base,tabindex:-1)
2023-10-27 23:28:34,880 [INFO] PluginManage:310 - Check plugin updater
2023-10-27 23:28:34,903 [INFO] PluginManage:359 - Loaded plugin updater (category:base,tabindex:12)
2023-10-27 23:28:34,904 [INFO] PluginManage:310 - Check plugin userauth
2023-10-27 23:28:34,914 [INFO] UserAuth:113 - Init User Auth plugin
2023-10-27 23:28:34,914 [INFO] PluginManage:359 - Loaded plugin userauth (category:base,tabindex:14)
2023-10-27 23:28:34,915 [INFO] PluginManage:283 - PluginManage : Loaded plugins [17]
2023-10-27 23:28:35,432 [INFO] PinOutPanel:1499 - setPackage(No Configuration,No Configuration)
2023-10-27 23:28:35,702 [INFO] CADModel:165 - CPN selected for project level
2023-10-27 23:28:35,703 [INFO] CADModel:114 - Register for checkConnection events
2023-10-27 23:28:35,760 [INFO] IPUIPlugin:80 - create IPUIPlugin
2023-10-27 23:28:35,761 [INFO] PluginManager:220 - loadIPPluginJar : add adc
2023-10-27 23:28:35,860 [INFO] IPUIPlugin:80 - create IPUIPlugin
2023-10-27 23:28:35,861 [INFO] PluginManager:220 - loadIPPluginJar : add aes
2023-10-27 23:28:35,945 [INFO] IPUIPlugin:80 - create IPUIPlugin
2023-10-27 23:28:35,946 [INFO] PluginManager:220 - loadIPPluginJar : add can
2023-10-27 23:28:35,991 [INFO] IPUIPlugin:80 - create IPUIPlugin
2023-10-27 23:28:35,991 [INFO] PluginManager:220 - loadIPPluginJar : add comp
2023-10-27 23:28:36,074 [INFO] IPUIPlugin:80 - create IPUIPlugin
2023-10-27 23:28:36,074 [INFO] PluginManager:220 - loadIPPluginJar : add cryp
2023-10-27 23:28:36,163 [INFO] IPUIPlugin:80 - create IPUIPlugin
2023-10-27 23:28:36,163 [INFO] PluginManager:220 - loadIPPluginJar : add dfsdm
2023-10-27 23:28:36,192 [INFO] IPUIPlugin:80 - create IPUIPlugin
2023-10-27 23:28:36,193 [INFO] PluginManager:220 - loadIPPluginJar : add dma
2023-10-27 23:28:36,282 [INFO] IPUIPlugin:80 - create IPUIPlugin
2023-10-27 23:28:36,282 [INFO] PluginManager:220 - loadIPPluginJar : add dma3
2023-10-27 23:28:36,325 [INFO] IPUIPlugin:80 - create IPUIPlugin
2023-10-27 23:28:36,325 [INFO] PluginManager:220 - loadIPPluginJar : add fatfs
2023-10-27 23:28:36,426 [INFO] IPUIPlugin:80 - create IPUIPlugin
2023-10-27 23:28:36,426 [INFO] PluginManager:220 - loadIPPluginJar : add fmc
2023-10-27 23:28:36,454 [INFO] IPUIPlugin:80 - create IPUIPlugin
2023-10-27 23:28:36,455 [INFO] PluginManager:220 - loadIPPluginJar : add freertos
2023-10-27 23:28:36,497 [INFO] IPUIPlugin:80 - create IPUIPlugin
2023-10-27 23:28:36,497 [INFO] PluginManager:220 - loadIPPluginJar : add genericplugin
2023-10-27 23:28:36,699 [INFO] IPUIPlugin:80 - create IPUIPlugin
2023-10-27 23:28:36,699 [INFO] PluginManager:220 - loadIPPluginJar : add gfxmmu
2023-10-27 23:28:36,987 [INFO] IPUIPlugin:80 - create IPUIPlugin
2023-10-27 23:28:36,988 [INFO] PluginManager:220 - loadIPPluginJar : add gic
2023-10-27 23:28:37,013 [INFO] IPUIPlugin:80 - create IPUIPlugin
2023-10-27 23:28:37,014 [INFO] PluginManager:220 - loadIPPluginJar : add gpio
2023-10-27 23:28:37,171 [INFO] ThirdPartyUpdaterWithRetryManager:70 - Updater plugin not ready yet. [2/15]
2023-10-27 23:28:37,215 [INFO] IPUIPlugin:80 - create IPUIPlugin
2023-10-27 23:28:37,215 [INFO] PluginManager:220 - loadIPPluginJar : add gtzc
2023-10-27 23:28:37,281 [INFO] IPUIPlugin:80 - create IPUIPlugin
2023-10-27 23:28:37,281 [INFO] PluginManager:220 - loadIPPluginJar : add hash
2023-10-27 23:28:37,392 [INFO] IPUIPlugin:80 - create IPUIPlugin
2023-10-27 23:28:37,393 [INFO] PluginManager:220 - loadIPPluginJar : add i2c
2023-10-27 23:28:37,474 [INFO] IPUIPlugin:80 - create IPUIPlugin
2023-10-27 23:28:37,475 [INFO] PluginManager:220 - loadIPPluginJar : add i2s
2023-10-27 23:28:37,559 [INFO] IPUIPlugin:80 - create IPUIPlugin
2023-10-27 23:28:37,560 [INFO] PluginManager:220 - loadIPPluginJar : add i3c
2023-10-27 23:28:37,801 [INFO] IPUIPlugin:80 - create IPUIPlugin
2023-10-27 23:28:37,801 [INFO] PluginManager:220 - loadIPPluginJar : add ipddr
2023-10-27 23:28:37,999 [INFO] IPUIPlugin:80 - create IPUIPlugin
2023-10-27 23:28:37,999 [INFO] PluginManager:220 - loadIPPluginJar : add linkedlist
2023-10-27 23:28:38,072 [INFO] IPUIPlugin:80 - create IPUIPlugin
2023-10-27 23:28:38,073 [INFO] PluginManager:220 - loadIPPluginJar : add lorawan
2023-10-27 23:28:38,148 [INFO] IPUIPlugin:80 - create IPUIPlugin
2023-10-27 23:28:38,149 [INFO] PluginManager:220 - loadIPPluginJar : add ltdc
2023-10-27 23:28:38,179 [INFO] IPUIPlugin:80 - create IPUIPlugin
2023-10-27 23:28:38,179 [INFO] PluginManager:220 - loadIPPluginJar : add mdma
2023-10-27 23:28:38,218 [INFO] IPUIPlugin:80 - create IPUIPlugin
2023-10-27 23:28:38,218 [INFO] PluginManager:220 - loadIPPluginJar : add nvic
2023-10-27 23:28:38,308 [INFO] IPUIPlugin:80 - create IPUIPlugin
2023-10-27 23:28:38,308 [INFO] PluginManager:220 - loadIPPluginJar : add opamp
2023-10-27 23:28:38,462 [INFO] IPUIPlugin:80 - create IPUIPlugin
2023-10-27 23:28:38,463 [INFO] PluginManager:220 - loadIPPluginJar : add openamp
2023-10-27 23:28:38,561 [INFO] IPUIPlugin:80 - create IPUIPlugin
2023-10-27 23:28:38,561 [INFO] PluginManager:220 - loadIPPluginJar : add pdm2pcm
2023-10-27 23:28:38,589 [INFO] IPUIPlugin:80 - create IPUIPlugin
2023-10-27 23:28:38,601 [INFO] PluginManager:220 - loadIPPluginJar : add plateformsettings
2023-10-27 23:28:38,646 [INFO] IPUIPlugin:80 - create IPUIPlugin
2023-10-27 23:28:38,646 [INFO] PluginManager:220 - loadIPPluginJar : add quadspi
2023-10-27 23:28:38,671 [INFO] IPUIPlugin:80 - create IPUIPlugin
2023-10-27 23:28:38,671 [INFO] PluginManager:220 - loadIPPluginJar : add resmgrutility
2023-10-27 23:28:38,776 [INFO] IPUIPlugin:80 - create IPUIPlugin
2023-10-27 23:28:38,777 [INFO] PluginManager:220 - loadIPPluginJar : add sai
2023-10-27 23:28:38,857 [INFO] IPUIPlugin:80 - create IPUIPlugin
2023-10-27 23:28:38,858 [INFO] PluginManager:220 - loadIPPluginJar : add spi
2023-10-27 23:28:38,983 [INFO] IPUIPlugin:80 - create IPUIPlugin
2023-10-27 23:28:38,983 [INFO] PluginManager:220 - loadIPPluginJar : add stm32_wpan
2023-10-27 23:28:39,030 [INFO] IPUIPlugin:80 - create IPUIPlugin
2023-10-27 23:28:39,030 [INFO] PluginManager:220 - loadIPPluginJar : add tim
2023-10-27 23:28:39,150 [INFO] IPUIPlugin:80 - create IPUIPlugin
2023-10-27 23:28:39,150 [INFO] PluginManager:220 - loadIPPluginJar : add touchsensing
2023-10-27 23:28:39,202 [INFO] IPUIPlugin:80 - create IPUIPlugin
2023-10-27 23:28:39,202 [INFO] PluginManager:220 - loadIPPluginJar : add tracer_emb
2023-10-27 23:28:39,249 [INFO] IPUIPlugin:80 - create IPUIPlugin
2023-10-27 23:28:39,250 [INFO] PluginManager:220 - loadIPPluginJar : add ts
2023-10-27 23:28:39,291 [INFO] IPUIPlugin:80 - create IPUIPlugin
2023-10-27 23:28:39,291 [INFO] PluginManager:220 - loadIPPluginJar : add tsc
2023-10-27 23:28:39,337 [INFO] IPUIPlugin:80 - create IPUIPlugin
2023-10-27 23:28:39,337 [INFO] PluginManager:220 - loadIPPluginJar : add ucpd
2023-10-27 23:28:39,429 [INFO] IPUIPlugin:80 - create IPUIPlugin
2023-10-27 23:28:39,430 [INFO] PluginManager:220 - loadIPPluginJar : add usart
2023-10-27 23:28:39,519 [INFO] IPUIPlugin:80 - create IPUIPlugin
2023-10-27 23:28:39,519 [INFO] PluginManager:220 - loadIPPluginJar : add usbx
2023-10-27 23:28:39,728 [INFO] CADModel:165 - CPN selected for project level
2023-10-27 23:28:39,728 [INFO] CADModel:114 - Register for checkConnection events
2023-10-27 23:28:39,729 [FATAL] Updater:308 - Updater called before beeing initialized
2023-10-27 23:28:39,729 [ERROR] CADModel:125 - Updater not yet initialized, retry later 
2023-10-27 23:28:40,022 [INFO] CADModel:165 - CPN selected for project level
2023-10-27 23:28:40,022 [INFO] CADModel:114 - Register for checkConnection events
2023-10-27 23:28:40,022 [FATAL] Updater:308 - Updater called before beeing initialized
2023-10-27 23:28:40,022 [ERROR] CADModel:125 - Updater not yet initialized, retry later 
2023-10-27 23:28:40,029 [FATAL] Updater:308 - Updater called before beeing initialized
2023-10-27 23:28:40,177 [INFO] ThirdPartyUpdaterWithRetryManager:70 - Updater plugin not ready yet. [3/15]
2023-10-27 23:28:40,324 [FATAL] Updater:308 - Updater called before beeing initialized
2023-10-27 23:28:40,356 [INFO] DbMcusAds:53 - JSON generation date=Tue Mar 07 14:20:55 IST 2023 (1678179055114)
2023-10-27 23:28:40,357 [FATAL] Updater:308 - Updater called before beeing initialized
2023-10-27 23:28:40,558 [WARN] DetailPanel:346 - Failed to get advertising image, set to default
2023-10-27 23:28:40,905 [FATAL] Updater:308 - Updater called before beeing initialized
2023-10-27 23:28:40,916 [FATAL] Updater:308 - Updater called before beeing initialized
2023-10-27 23:28:40,916 [FATAL] Updater:308 - Updater called before beeing initialized
2023-10-27 23:28:40,917 [WARN] DetailPanel:346 - Failed to get advertising image, set to default
2023-10-27 23:28:40,920 [FATAL] Updater:308 - Updater called before beeing initialized
2023-10-27 23:28:41,168 [ERROR] Updater:1120 - MainUpdater not yet initialized. External WinMGr cannot be set.
2023-10-27 23:28:41,203 [INFO] Updater:1056 - Updater Version found : 6.9.2
2023-10-27 23:28:41,255 [INFO] ApplicationProperties:184 - Using Application install path: C:\ST\STM32CubeIDE_1.13.2\STM32CubeIDE\plugins\com.st.stm32cube.common.mx_6.9.2.202309101412
2023-10-27 23:28:41,723 [INFO] MainUpdater:2868 - connection check result : 10
2023-10-27 23:28:41,727 [INFO] MainUpdater:285 - Updater Check For Update Now.
2023-10-27 23:28:41,727 [INFO] MicroXplorer:498 - Change Database Version : DB.6.0.92
2023-10-27 23:28:41,778 [INFO] McuFinderGlobals:63 - Set McuFinder mode to 2 (CubeIDE integrated)
2023-10-27 23:28:41,780 [INFO] UserAuth:179 - activating auth plugin
2023-10-27 23:28:41,824 [INFO] UserAuth:393 - Internet connection configuration mode: 1
2023-10-27 23:28:41,917 [INFO] JxBrowserEngine:151 - Initiate JxBrowser Engine with user profile folder
2023-10-27 23:28:42,514 [INFO] CheckServerUpdateThread:120 - End of CheckServer Thread
2023-10-27 23:28:44,008 [WARN] PackLoader:240 - Cannot read IP mode file for STMicroelectronics.X-CUBE-SMBUS.2.1.0
2023-10-27 23:28:44,231 [WARN] PackLoader:240 - Cannot read IP mode file for STMicroelectronics.X-CUBE-AZRTOS-F7.1.1.0
2023-10-27 23:28:44,309 [WARN] PackLoader:240 - Cannot read IP mode file for STMicroelectronics.FP-SNS-MOTENV1.4.3.2
2023-10-27 23:28:44,379 [WARN] PackLoader:240 - Cannot read IP mode file for STMicroelectronics.FP-SNS-FLIGHT1.5.0.2
2023-10-27 23:28:44,455 [WARN] PackLoader:240 - Cannot read IP mode file for STMicroelectronics.X-CUBE-DISPLAY.3.0.0
2023-10-27 23:28:44,517 [WARN] PackLoader:240 - Cannot read IP mode file for STMicroelectronics.X-CUBE-BLE1.7.0.0
2023-10-27 23:28:44,569 [WARN] PackLoader:240 - Cannot read IP mode file for emotas.I-CUBE-CANOPEN.1.3.0
2023-10-27 23:28:44,616 [WARN] PackLoader:240 - Cannot read IP mode file for STMicroelectronics.X-CUBE-TOUCHGFX.4.22.1
2023-10-27 23:28:44,661 [WARN] PackLoader:240 - Cannot read IP mode file for STMicroelectronics.FP-SNS-SMARTAG2.1.2.0
2023-10-27 23:28:44,735 [INFO] LogOutputStream:77 - [STDOUT_REDIRECT] 1 : Invalid condition id : UX_CORESTACK_Condition cause : null
2023-10-27 23:28:44,737 [INFO] LogOutputStream:77 - [STDOUT_REDIRECT] 1 : Invalid condition id : UX_CORESTACK_Condition cause : null
2023-10-27 23:28:44,743 [INFO] LogOutputStream:77 - [STDOUT_REDIRECT] 1 : Invalid condition id : UX_CORESTACK_Condition cause : null
2023-10-27 23:28:44,758 [INFO] LogOutputStream:77 - [STDOUT_REDIRECT] 1 : Invalid condition id : UX_CORESTACK_Condition cause : null
2023-10-27 23:28:44,763 [INFO] LogOutputStream:77 - [STDOUT_REDIRECT] 1 : Invalid condition id : UX_CORESTACK_Condition cause : null
2023-10-27 23:28:44,784 [WARN] PackLoader:240 - Cannot read IP mode file for STMicroelectronics.X-CUBE-AZRTOS-WL.2.0.0
2023-10-27 23:28:44,853 [WARN] PackLoader:240 - Cannot read IP mode file for WES.I-CUBE-Cesium.1.3.0
2023-10-27 23:28:44,895 [WARN] PackLoader:240 - Cannot read IP mode file for STMicroelectronics.X-CUBE-BLE2.3.3.0
2023-10-27 23:28:44,945 [WARN] PackLoader:240 - Cannot read IP mode file for STMicroelectronics.X-CUBE-ALGOBUILD.1.3.0
2023-10-27 23:28:45,096 [WARN] PackLoader:240 - Cannot read IP mode file for STMicroelectronics.X-CUBE-AZRTOS-G0.1.1.0
2023-10-27 23:28:45,141 [WARN] PackLoader:240 - Cannot read IP mode file for STMicroelectronics.X-CUBE-NFC4.3.0.0
2023-10-27 23:28:45,177 [WARN] PackLoader:240 - Cannot read IP mode file for STMicroelectronics.FP-ATR-SIGFOX1.3.2.0
2023-10-27 23:28:45,349 [WARN] PackLoader:240 - Cannot read IP mode file for SEGGER.I-CUBE-embOS.1.3.1
2023-10-27 23:28:45,569 [WARN] PackLoader:240 - Cannot read IP mode file for STMicroelectronics.X-CUBE-GNSS1.6.0.0
2023-10-27 23:28:45,678 [WARN] PackLoader:240 - Cannot read IP mode file for STMicroelectronics.X-CUBE-AZRTOS-F4.1.1.0
2023-10-27 23:28:45,722 [WARN] PackLoader:240 - Cannot read IP mode file for wolfSSL.I-CUBE-wolfSSL.5.6.3
2023-10-27 23:28:45,828 [WARN] PackLoader:240 - Cannot read IP mode file for STMicroelectronics.X-CUBE-AZRTOS-L5.2.0.0
2023-10-27 23:28:45,896 [WARN] PackLoader:240 - Cannot read IP mode file for STMicroelectronics.X-CUBE-EEPRMA1.4.2.0
2023-10-27 23:28:45,949 [WARN] PackLoader:240 - Cannot read IP mode file for ITTIA_DB.I-CUBE-ITTIADB.8.8.0
2023-10-27 23:28:45,996 [WARN] PackLoader:240 - Cannot read IP mode file for STMicroelectronics.X-CUBE-BLEMGR.2.0.0
2023-10-27 23:28:46,103 [WARN] ConditionMgr:438 - getConditionDescription Invalid condition id : UX DEVICE CLASS RTOS Condition cause : null
2023-10-27 23:28:46,104 [WARN] ConditionMgr:438 - getConditionDescription Invalid condition id : UX DEVICE CLASS RTOS Condition cause : null
2023-10-27 23:28:46,114 [WARN] PackLoader:240 - Cannot read IP mode file for STMicroelectronics.X-CUBE-AZRTOS-H7.3.1.0
2023-10-27 23:28:46,117 [WARN] ConditionMgr:1039 - genDependencies : Invalid condition id : UX DEVICE CLASS RTOS Condition cause : null
2023-10-27 23:28:46,119 [WARN] ConditionMgr:1039 - genDependencies : Invalid condition id : UX DEVICE CLASS RTOS Condition cause : null
2023-10-27 23:28:46,121 [WARN] ConditionMgr:1039 - genDependencies : Invalid condition id : UX DEVICE CLASS RTOS Condition cause : null
2023-10-27 23:28:46,123 [WARN] ConditionMgr:1039 - genDependencies : Invalid condition id : UX DEVICE CLASS RTOS Condition cause : null
2023-10-27 23:28:46,124 [WARN] ConditionMgr:1039 - genDependencies : Invalid condition id : UX DEVICE CLASS RTOS Condition cause : null
2023-10-27 23:28:46,239 [WARN] PackLoader:240 - Cannot read IP mode file for STMicroelectronics.X-CUBE-NFC7.1.0.1
2023-10-27 23:28:46,291 [WARN] PackLoader:240 - Cannot read IP mode file for STMicroelectronics.X-CUBE-NFC6.3.0.0
2023-10-27 23:28:46,332 [WARN] PackLoader:240 - Cannot read IP mode file for STMicroelectronics.X-CUBE-EEPRMA1.4.1.0
2023-10-27 23:28:46,384 [WARN] PackLoader:240 - Cannot read IP mode file for STMicroelectronics.X-CUBE-AI.8.1.0
2023-10-27 23:28:46,477 [WARN] ConditionMgr:438 - getConditionDescription Invalid condition id : LAN8742 Phy interface Condition cause : null
2023-10-27 23:28:46,479 [WARN] PackLoader:240 - Cannot read IP mode file for STMicroelectronics.X-CUBE-AZRTOS-L4.2.0.0
2023-10-27 23:28:46,483 [WARN] ConditionMgr:1039 - genDependencies : Invalid condition id : LAN8742 Phy interface Condition cause : null
2023-10-27 23:28:46,484 [WARN] ConditionMgr:1039 - genDependencies : Invalid condition id : LAN8742 Phy interface Condition cause : null
2023-10-27 23:28:46,486 [WARN] ConditionMgr:1039 - genDependencies : Invalid condition id : LAN8742 Phy interface Condition cause : null
2023-10-27 23:28:46,529 [WARN] PackLoader:240 - Cannot read IP mode file for STMicroelectronics.X-CUBE-SFXS2LP1.4.0.0
2023-10-27 23:28:46,572 [WARN] PackLoader:240 - Cannot read IP mode file for STMicroelectronics.X-CUBE-ISPU.1.1.0
2023-10-27 23:28:46,663 [WARN] ConditionMgr:438 - getConditionDescription Invalid condition id : UX DEVICE CLASS RTOS Condition cause : null
2023-10-27 23:28:46,665 [WARN] ConditionMgr:438 - getConditionDescription Invalid condition id : UX DEVICE CLASS RTOS Condition cause : null
2023-10-27 23:28:46,672 [WARN] PackLoader:240 - Cannot read IP mode file for STMicroelectronics.X-CUBE-AZRTOS-WB.2.0.0
2023-10-27 23:28:46,675 [WARN] ConditionMgr:1039 - genDependencies : Invalid condition id : UX DEVICE CLASS RTOS Condition cause : null
2023-10-27 23:28:46,675 [WARN] ConditionMgr:1039 - genDependencies : Invalid condition id : UX DEVICE CLASS RTOS Condition cause : null
2023-10-27 23:28:46,677 [WARN] ConditionMgr:1039 - genDependencies : Invalid condition id : UX DEVICE CLASS RTOS Condition cause : null
2023-10-27 23:28:46,678 [WARN] ConditionMgr:1039 - genDependencies : Invalid condition id : UX DEVICE CLASS RTOS Condition cause : null
2023-10-27 23:28:46,678 [WARN] ConditionMgr:1039 - genDependencies : Invalid condition id : UX DEVICE CLASS RTOS Condition cause : null
2023-10-27 23:28:46,766 [WARN] PackLoader:240 - Cannot read IP mode file for STMicroelectronics.X-CUBE-SUBG2.5.0.0
2023-10-27 23:28:46,868 [WARN] PackLoader:240 - Cannot read IP mode file for STMicroelectronics.X-CUBE-TOF1.3.3.1
2023-10-27 23:28:46,988 [WARN] PackLoader:240 - Cannot read IP mode file for STMicroelectronics.X-CUBE-AZRTOS-G4.2.0.0
2023-10-27 23:28:47,059 [WARN] PackLoader:240 - Cannot read IP mode file for Infineon.AIROC-Wi-Fi-Bluetooth-STM32.1.5.1
2023-10-27 23:28:47,288 [WARN] PackLoader:240 - Cannot read IP mode file for STMicroelectronics.X-CUBE-MEMS1.10.0.0
2023-10-27 23:28:47,830 [WARN] PackLoader:240 - Cannot read IP mode file for STMicroelectronics.X-CUBE-FREERTOS.1.1.0
2023-10-27 23:28:47,871 [WARN] PackLoader:240 - Cannot read IP mode file for portGmbH.I-Cube-SoM-uGOAL.1.1.0
2023-10-27 23:28:47,902 [WARN] PackLoader:240 - Cannot read IP mode file for STMicroelectronics.X-CUBE-ALS.1.0.1
2023-10-27 23:28:47,937 [WARN] PackLoader:240 - Cannot read IP mode file for STMicroelectronics.FP-ATR-ASTRA1.2.0.0
2023-10-27 23:28:47,940 [INFO] ThirdParty:978 - Integrity check success = true
2023-10-27 23:28:47,941 [INFO] IntegrityCheckThread:100 - exiting critical section [integrity check]
2023-10-27 23:28:47,941 [INFO] IntegrityCheckThread:103 - End integrity checks thread
2023-10-27 23:28:50,027 [INFO] WebApp:157 - Instantiating new browser for Auth
2023-10-27 23:28:51,988 [INFO] WebApp:753 - Register for checkConnection events
2023-10-27 23:28:51,989 [INFO] WebApp:390 - Apply proxy settings
2023-10-27 23:28:51,989 [INFO] WebApp:475 - Chromium requires no authentication
2023-10-27 23:28:52,005 [INFO] WebApp:418 - Direct internet connection detected
2023-10-27 23:28:52,398 [INFO] WebApp:188 - Starting web application
2023-10-27 23:28:52,398 [INFO] WebApp:520 - Web application path used C:\ST\STM32CubeIDE_1.13.2\STM32CubeIDE\plugins\com.st.stm32cube.common.mx_6.9.2.202309101412\db\plugins\mcufinder\reactClient1\index.html
2023-10-27 23:29:15,124 [ERROR] LogOutputStream:75 - [STDERR_REDIRECT] SLF4J: Failed to load class "org.slf4j.impl.StaticLoggerBinder".
2023-10-27 23:29:15,124 [ERROR] LogOutputStream:75 - [STDERR_REDIRECT] SLF4J: Defaulting to no-operation (NOP) logger implementation
2023-10-27 23:29:15,128 [ERROR] LogOutputStream:75 - [STDERR_REDIRECT] SLF4J: See http://www.slf4j.org/codes.html#StaticLoggerBinder for further details.
