2023-10-24 21:20:06,495 [ERROR] LogOutputStream:75 - [STDERR_REDIRECT] 
2023-10-24 21:27:28,185 [INFO] Activator:176 - 


2023-10-24 21:27:28,191 [INFO] Activator:177 - !SESSION log4j initialized
2023-10-24 21:27:45,159 [INFO] LogOutputStream:77 - [STDOUT_REDIRECT] 
2023-10-24 21:27:57,348 [INFO] ApplicationProperties:184 - Using Application install path: C:\ST\STM32CubeIDE_1.13.2\STM32CubeIDE\plugins\com.st.stm32cube.common.mx_6.9.2.202309101412
2023-10-24 21:27:57,397 [INFO] DbMcusXml:78 - Set database path to: C:\ST\STM32CubeIDE_1.13.2\STM32CubeIDE\plugins\com.st.stm32cube.common.mx_6.9.2.202309101412\\db\/mcu/
2023-10-24 21:27:57,398 [INFO] ApiDb:274 - Set plugin database path to: C:\ST\STM32CubeIDE_1.13.2\STM32CubeIDE\plugins\com.st.stm32cube.common.mx_6.9.2.202309101412\\db\/plugins/boardmanager/
2023-10-24 21:27:57,399 [WARN] ApiDb:259 - Overriding images path with different value:  => C:\ST\STM32CubeIDE_1.13.2\STM32CubeIDE\plugins\com.st.stm32cube.common.mx_6.9.2.202309101412\\db\/plugins/mcufinder/images/
2023-10-24 21:27:57,435 [INFO] ApiDb:250 - Set database path to: C:\Users\91916\.stmcufinder\plugins\mcufinder//mcu/
2023-10-24 21:27:57,438 [INFO] DbMcusAds:125 - Set database path to: C:\Users\91916\.stmcufinder\plugins\mcufinder//mcu/
2023-10-24 21:27:57,485 [INFO] CrossReferenceDbSqlite:203 - Set database path to: C:\Users\91916\.stmcufinder\plugins\mcufinder//mcu/cs/
2023-10-24 21:27:57,793 [INFO] RulesReader:64 - Compatibility file has been processed (293 Rules)
2023-10-24 21:27:57,998 [INFO] DbMcusXml:78 - Set database path to: C:\ST\STM32CubeIDE_1.13.2\STM32CubeIDE\plugins\com.st.stm32cube.common.mx_6.9.2.202309101412\\db\/mcu/
2023-10-24 21:27:57,999 [INFO] ApiDb:274 - Set plugin database path to: C:\ST\STM32CubeIDE_1.13.2\STM32CubeIDE\plugins\com.st.stm32cube.common.mx_6.9.2.202309101412\\db\/plugins/boardmanager/
2023-10-24 21:27:57,999 [INFO] ApiDb:261 - Set plugin images path to: C:\ST\STM32CubeIDE_1.13.2\STM32CubeIDE\plugins\com.st.stm32cube.common.mx_6.9.2.202309101412\\db\/plugins/mcufinder/images/
2023-10-24 21:27:58,000 [WARN] DbFile:41 - Overriding database path with different value: C:\Users\91916\.stmcufinder\plugins\mcufinder/ => C:\Users\91916\.stmcufinder\plugins\mcufinder
2023-10-24 21:27:58,000 [INFO] ApiDb:250 - Set database path to: C:\Users\91916\.stmcufinder\plugins\mcufinder//mcu/
2023-10-24 21:27:58,001 [WARN] DbFile:41 - Overriding database path with different value: C:\Users\91916\.stmcufinder\plugins\mcufinder/ => C:\Users\91916\.stmcufinder\plugins\mcufinder
2023-10-24 21:27:58,001 [INFO] DbMcusAds:125 - Set database path to: C:\Users\91916\.stmcufinder\plugins\mcufinder//mcu/
2023-10-24 21:27:58,001 [WARN] DbFile:41 - Overriding database path with different value: C:\Users\91916\.stmcufinder\plugins\mcufinder/ => C:\Users\91916\.stmcufinder\plugins\mcufinder
2023-10-24 21:27:58,001 [WARN] DbFile:41 - Overriding database path with different value: C:\Users\91916\.stmcufinder\plugins\mcufinder/ => C:\Users\91916\.stmcufinder\plugins\mcufinder
2023-10-24 21:27:58,001 [INFO] CrossReferenceDbSqlite:203 - Set database path to: C:\Users\91916\.stmcufinder\plugins\mcufinder//mcu/cs/
2023-10-24 21:27:58,198 [INFO] MainPanel:262 - HeapMemory: 268435456
2023-10-24 21:27:58,423 [INFO] DbMcusXml:78 - Set database path to: C:\ST\STM32CubeIDE_1.13.2\STM32CubeIDE\plugins\com.st.stm32cube.common.mx_6.9.2.202309101412\\db\/mcu/
2023-10-24 21:27:58,423 [INFO] ApiDb:274 - Set plugin database path to: C:\ST\STM32CubeIDE_1.13.2\STM32CubeIDE\plugins\com.st.stm32cube.common.mx_6.9.2.202309101412\\db\/plugins/boardmanager/
2023-10-24 21:27:58,424 [INFO] ApiDb:261 - Set plugin images path to: C:\ST\STM32CubeIDE_1.13.2\STM32CubeIDE\plugins\com.st.stm32cube.common.mx_6.9.2.202309101412\\db\/plugins/mcufinder/images/
2023-10-24 21:27:58,425 [WARN] DbFile:41 - Overriding database path with different value: C:\Users\91916\.stmcufinder\plugins\mcufinder/ => C:\Users\91916\.stmcufinder\plugins\mcufinder
2023-10-24 21:27:58,425 [INFO] ApiDb:250 - Set database path to: C:\Users\91916\.stmcufinder\plugins\mcufinder//mcu/
2023-10-24 21:27:58,425 [WARN] DbFile:41 - Overriding database path with different value: C:\Users\91916\.stmcufinder\plugins\mcufinder/ => C:\Users\91916\.stmcufinder\plugins\mcufinder
2023-10-24 21:27:58,426 [INFO] DbMcusAds:125 - Set database path to: C:\Users\91916\.stmcufinder\plugins\mcufinder//mcu/
2023-10-24 21:27:58,426 [WARN] DbFile:41 - Overriding database path with different value: C:\Users\91916\.stmcufinder\plugins\mcufinder/ => C:\Users\91916\.stmcufinder\plugins\mcufinder
2023-10-24 21:27:58,426 [WARN] DbFile:41 - Overriding database path with different value: C:\Users\91916\.stmcufinder\plugins\mcufinder/ => C:\Users\91916\.stmcufinder\plugins\mcufinder
2023-10-24 21:27:58,426 [INFO] CrossReferenceDbSqlite:203 - Set database path to: C:\Users\91916\.stmcufinder\plugins\mcufinder//mcu/cs/
2023-10-24 21:27:58,471 [INFO] ApplicationProperties:184 - Using Application install path: C:\ST\STM32CubeIDE_1.13.2\STM32CubeIDE\plugins\com.st.stm32cube.common.mx_6.9.2.202309101412
2023-10-24 21:27:58,474 [INFO] PluginManage:196 - Search for loadable plugins [exclusion list=, ]
2023-10-24 21:27:58,478 [INFO] PluginManage:310 - Check plugin analytics
2023-10-24 21:28:03,485 [INFO] AnalyticsPlugin:253 - Accepted Software Licenses: 
2023-10-24 21:28:03,485 [INFO] AnalyticsPlugin:255 - Accepted CMSIS Pack Licenses: 
2023-10-24 21:28:03,486 [INFO] AnalyticsPlugin:257 - Accepted Firmware Licenses: 
2023-10-24 21:28:03,493 [INFO] PluginManage:359 - Loaded plugin analytics (category:tool,tabindex:-1)
2023-10-24 21:28:03,494 [INFO] PluginManage:310 - Check plugin cadmodel
2023-10-24 21:28:03,545 [INFO] CADModel:105 - Init CAD model plugin
2023-10-24 21:28:03,546 [INFO] PluginManage:359 - Loaded plugin cadmodel (category:power,tabindex:5)
2023-10-24 21:28:03,547 [INFO] PluginManage:310 - Check plugin clock
2023-10-24 21:28:03,611 [INFO] PluginManage:359 - Loaded plugin clock (category:base,tabindex:2)
2023-10-24 21:28:03,612 [INFO] PluginManage:310 - Check plugin ddr
2023-10-24 21:28:03,619 [INFO] PluginManage:359 - Loaded plugin ddr (category:tool,tabindex:6)
2023-10-24 21:28:03,619 [INFO] PluginManage:310 - Check plugin filemanager
2023-10-24 21:28:03,943 [INFO] PluginManage:359 - Loaded plugin filemanager (category:base,tabindex:10)
2023-10-24 21:28:03,944 [INFO] PluginManage:310 - Check plugin ipmanager
2023-10-24 21:28:03,972 [INFO] PluginManage:359 - Loaded plugin ipmanager (category:base,tabindex:5)
2023-10-24 21:28:03,973 [INFO] PluginManage:310 - Check plugin lpbam
2023-10-24 21:28:04,012 [INFO] PluginManage:359 - Loaded plugin lpbam (category:base,tabindex:0)
2023-10-24 21:28:04,013 [INFO] PluginManage:310 - Check plugin memorymap
2023-10-24 21:28:04,059 [INFO] PluginManage:359 - Loaded plugin memorymap (category:base,tabindex:4)
2023-10-24 21:28:04,060 [INFO] PluginManage:310 - Check plugin pinoutandconfiguration
2023-10-24 21:28:04,096 [INFO] PluginManage:359 - Loaded plugin pinoutandconfiguration (category:base,tabindex:1)
2023-10-24 21:28:04,097 [INFO] PluginManage:310 - Check plugin pinoutconfig
2023-10-24 21:28:04,356 [WARN] SupportedApi:132 - Cannot load RTOS API schema: s4s-elt-must-match.1: The content of 'definitions' must match (annotation?, (simpleType | complexType)?, (unique | key | keyref)*)). A problem was found starting at: attribute.
2023-10-24 21:28:04,709 [INFO] PluginManage:359 - Loaded plugin pinoutconfig (category:base,tabindex:0)
2023-10-24 21:28:04,710 [INFO] PluginManage:310 - Check plugin power
2023-10-24 21:28:04,765 [INFO] PluginManage:359 - Loaded plugin power (category:power,tabindex:4)
2023-10-24 21:28:04,765 [INFO] PluginManage:310 - Check plugin projectmanager
2023-10-24 21:28:04,808 [INFO] PluginManage:359 - Loaded plugin projectmanager (category:projectmanager,tabindex:3)
2023-10-24 21:28:04,809 [INFO] PluginManage:310 - Check plugin thirdparty
2023-10-24 21:28:05,551 [INFO] PluginManage:359 - Loaded plugin thirdparty (category:base,tabindex:-1)
2023-10-24 21:28:05,550 [WARN] IntegrityCheckThread:84 - waiting for thirdparty lock release [integrity check]
2023-10-24 21:28:05,551 [INFO] PluginManage:310 - Check plugin tools
2023-10-24 21:28:05,552 [INFO] IntegrityCheckThread:86 - entering critical section [integrity check]
2023-10-24 21:28:05,554 [INFO] ThirdPartyUpdaterWithRetryManager:70 - Updater plugin not ready yet. [1/15]
2023-10-24 21:28:05,638 [INFO] PluginManage:359 - Loaded plugin tools (category:base,tabindex:7)
2023-10-24 21:28:05,638 [INFO] PluginManage:310 - Check plugin tutovideos
2023-10-24 21:28:06,057 [INFO] PluginManage:359 - Loaded plugin tutovideos (category:base,tabindex:-1)
2023-10-24 21:28:06,058 [INFO] PluginManage:310 - Check plugin updater
2023-10-24 21:28:06,085 [INFO] PluginManage:359 - Loaded plugin updater (category:base,tabindex:12)
2023-10-24 21:28:06,086 [INFO] PluginManage:310 - Check plugin userauth
2023-10-24 21:28:06,096 [INFO] UserAuth:113 - Init User Auth plugin
2023-10-24 21:28:06,097 [INFO] PluginManage:359 - Loaded plugin userauth (category:base,tabindex:14)
2023-10-24 21:28:06,098 [INFO] PluginManage:283 - PluginManage : Loaded plugins [17]
2023-10-24 21:28:06,610 [INFO] PinOutPanel:1499 - setPackage(No Configuration,No Configuration)
2023-10-24 21:28:06,884 [INFO] CADModel:165 - CPN selected for project level
2023-10-24 21:28:06,885 [INFO] CADModel:114 - Register for checkConnection events
2023-10-24 21:28:06,942 [INFO] IPUIPlugin:80 - create IPUIPlugin
2023-10-24 21:28:06,942 [INFO] PluginManager:220 - loadIPPluginJar : add adc
2023-10-24 21:28:07,020 [INFO] IPUIPlugin:80 - create IPUIPlugin
2023-10-24 21:28:07,021 [INFO] PluginManager:220 - loadIPPluginJar : add aes
2023-10-24 21:28:07,108 [INFO] IPUIPlugin:80 - create IPUIPlugin
2023-10-24 21:28:07,108 [INFO] PluginManager:220 - loadIPPluginJar : add can
2023-10-24 21:28:07,157 [INFO] IPUIPlugin:80 - create IPUIPlugin
2023-10-24 21:28:07,157 [INFO] PluginManager:220 - loadIPPluginJar : add comp
2023-10-24 21:28:07,230 [INFO] IPUIPlugin:80 - create IPUIPlugin
2023-10-24 21:28:07,230 [INFO] PluginManager:220 - loadIPPluginJar : add cryp
2023-10-24 21:28:07,296 [INFO] IPUIPlugin:80 - create IPUIPlugin
2023-10-24 21:28:07,297 [INFO] PluginManager:220 - loadIPPluginJar : add dfsdm
2023-10-24 21:28:07,327 [INFO] IPUIPlugin:80 - create IPUIPlugin
2023-10-24 21:28:07,328 [INFO] PluginManager:220 - loadIPPluginJar : add dma
2023-10-24 21:28:07,422 [INFO] IPUIPlugin:80 - create IPUIPlugin
2023-10-24 21:28:07,423 [INFO] PluginManager:220 - loadIPPluginJar : add dma3
2023-10-24 21:28:07,466 [INFO] IPUIPlugin:80 - create IPUIPlugin
2023-10-24 21:28:07,467 [INFO] PluginManager:220 - loadIPPluginJar : add fatfs
2023-10-24 21:28:07,571 [INFO] IPUIPlugin:80 - create IPUIPlugin
2023-10-24 21:28:07,571 [INFO] PluginManager:220 - loadIPPluginJar : add fmc
2023-10-24 21:28:07,603 [INFO] IPUIPlugin:80 - create IPUIPlugin
2023-10-24 21:28:07,604 [INFO] PluginManager:220 - loadIPPluginJar : add freertos
2023-10-24 21:28:07,650 [INFO] IPUIPlugin:80 - create IPUIPlugin
2023-10-24 21:28:07,650 [INFO] PluginManager:220 - loadIPPluginJar : add genericplugin
2023-10-24 21:28:07,857 [INFO] IPUIPlugin:80 - create IPUIPlugin
2023-10-24 21:28:07,857 [INFO] PluginManager:220 - loadIPPluginJar : add gfxmmu
2023-10-24 21:28:08,162 [INFO] IPUIPlugin:80 - create IPUIPlugin
2023-10-24 21:28:08,162 [INFO] PluginManager:220 - loadIPPluginJar : add gic
2023-10-24 21:28:08,190 [INFO] IPUIPlugin:80 - create IPUIPlugin
2023-10-24 21:28:08,191 [INFO] PluginManager:220 - loadIPPluginJar : add gpio
2023-10-24 21:28:08,413 [INFO] IPUIPlugin:80 - create IPUIPlugin
2023-10-24 21:28:08,414 [INFO] PluginManager:220 - loadIPPluginJar : add gtzc
2023-10-24 21:28:08,555 [INFO] ThirdPartyUpdaterWithRetryManager:70 - Updater plugin not ready yet. [2/15]
2023-10-24 21:28:08,631 [INFO] IPUIPlugin:80 - create IPUIPlugin
2023-10-24 21:28:08,631 [INFO] PluginManager:220 - loadIPPluginJar : add hash
2023-10-24 21:28:08,820 [INFO] IPUIPlugin:80 - create IPUIPlugin
2023-10-24 21:28:08,821 [INFO] PluginManager:220 - loadIPPluginJar : add i2c
2023-10-24 21:28:08,924 [INFO] IPUIPlugin:80 - create IPUIPlugin
2023-10-24 21:28:08,924 [INFO] PluginManager:220 - loadIPPluginJar : add i2s
2023-10-24 21:28:09,028 [INFO] IPUIPlugin:80 - create IPUIPlugin
2023-10-24 21:28:09,028 [INFO] PluginManager:220 - loadIPPluginJar : add i3c
2023-10-24 21:28:09,264 [INFO] IPUIPlugin:80 - create IPUIPlugin
2023-10-24 21:28:09,265 [INFO] PluginManager:220 - loadIPPluginJar : add ipddr
2023-10-24 21:28:09,459 [INFO] IPUIPlugin:80 - create IPUIPlugin
2023-10-24 21:28:09,459 [INFO] PluginManager:220 - loadIPPluginJar : add linkedlist
2023-10-24 21:28:09,532 [INFO] IPUIPlugin:80 - create IPUIPlugin
2023-10-24 21:28:09,532 [INFO] PluginManager:220 - loadIPPluginJar : add lorawan
2023-10-24 21:28:09,611 [INFO] IPUIPlugin:80 - create IPUIPlugin
2023-10-24 21:28:09,612 [INFO] PluginManager:220 - loadIPPluginJar : add ltdc
2023-10-24 21:28:09,643 [INFO] IPUIPlugin:80 - create IPUIPlugin
2023-10-24 21:28:09,643 [INFO] PluginManager:220 - loadIPPluginJar : add mdma
2023-10-24 21:28:09,669 [INFO] IPUIPlugin:80 - create IPUIPlugin
2023-10-24 21:28:09,669 [INFO] PluginManager:220 - loadIPPluginJar : add nvic
2023-10-24 21:28:09,745 [INFO] IPUIPlugin:80 - create IPUIPlugin
2023-10-24 21:28:09,746 [INFO] PluginManager:220 - loadIPPluginJar : add opamp
2023-10-24 21:28:09,882 [INFO] IPUIPlugin:80 - create IPUIPlugin
2023-10-24 21:28:09,882 [INFO] PluginManager:220 - loadIPPluginJar : add openamp
2023-10-24 21:28:09,988 [INFO] IPUIPlugin:80 - create IPUIPlugin
2023-10-24 21:28:09,989 [INFO] PluginManager:220 - loadIPPluginJar : add pdm2pcm
2023-10-24 21:28:10,030 [INFO] IPUIPlugin:80 - create IPUIPlugin
2023-10-24 21:28:10,035 [INFO] PluginManager:220 - loadIPPluginJar : add plateformsettings
2023-10-24 21:28:10,084 [INFO] IPUIPlugin:80 - create IPUIPlugin
2023-10-24 21:28:10,084 [INFO] PluginManager:220 - loadIPPluginJar : add quadspi
2023-10-24 21:28:10,112 [INFO] IPUIPlugin:80 - create IPUIPlugin
2023-10-24 21:28:10,112 [INFO] PluginManager:220 - loadIPPluginJar : add resmgrutility
2023-10-24 21:28:10,221 [INFO] IPUIPlugin:80 - create IPUIPlugin
2023-10-24 21:28:10,222 [INFO] PluginManager:220 - loadIPPluginJar : add sai
2023-10-24 21:28:10,306 [INFO] IPUIPlugin:80 - create IPUIPlugin
2023-10-24 21:28:10,307 [INFO] PluginManager:220 - loadIPPluginJar : add spi
2023-10-24 21:28:10,434 [INFO] IPUIPlugin:80 - create IPUIPlugin
2023-10-24 21:28:10,434 [INFO] PluginManager:220 - loadIPPluginJar : add stm32_wpan
2023-10-24 21:28:10,481 [INFO] IPUIPlugin:80 - create IPUIPlugin
2023-10-24 21:28:10,481 [INFO] PluginManager:220 - loadIPPluginJar : add tim
2023-10-24 21:28:10,599 [INFO] IPUIPlugin:80 - create IPUIPlugin
2023-10-24 21:28:10,599 [INFO] PluginManager:220 - loadIPPluginJar : add touchsensing
2023-10-24 21:28:10,647 [INFO] IPUIPlugin:80 - create IPUIPlugin
2023-10-24 21:28:10,648 [INFO] PluginManager:220 - loadIPPluginJar : add tracer_emb
2023-10-24 21:28:10,697 [INFO] IPUIPlugin:80 - create IPUIPlugin
2023-10-24 21:28:10,697 [INFO] PluginManager:220 - loadIPPluginJar : add ts
2023-10-24 21:28:10,746 [INFO] IPUIPlugin:80 - create IPUIPlugin
2023-10-24 21:28:10,746 [INFO] PluginManager:220 - loadIPPluginJar : add tsc
2023-10-24 21:28:10,795 [INFO] IPUIPlugin:80 - create IPUIPlugin
2023-10-24 21:28:10,795 [INFO] PluginManager:220 - loadIPPluginJar : add ucpd
2023-10-24 21:28:10,902 [INFO] IPUIPlugin:80 - create IPUIPlugin
2023-10-24 21:28:10,902 [INFO] PluginManager:220 - loadIPPluginJar : add usart
2023-10-24 21:28:11,003 [INFO] IPUIPlugin:80 - create IPUIPlugin
2023-10-24 21:28:11,003 [INFO] PluginManager:220 - loadIPPluginJar : add usbx
2023-10-24 21:28:11,218 [INFO] CADModel:165 - CPN selected for project level
2023-10-24 21:28:11,218 [INFO] CADModel:114 - Register for checkConnection events
2023-10-24 21:28:11,219 [FATAL] Updater:308 - Updater called before beeing initialized
2023-10-24 21:28:11,219 [ERROR] CADModel:125 - Updater not yet initialized, retry later 
2023-10-24 21:28:11,557 [INFO] ThirdPartyUpdaterWithRetryManager:70 - Updater plugin not ready yet. [3/15]
2023-10-24 21:28:11,638 [INFO] CADModel:165 - CPN selected for project level
2023-10-24 21:28:11,639 [INFO] CADModel:114 - Register for checkConnection events
2023-10-24 21:28:11,639 [FATAL] Updater:308 - Updater called before beeing initialized
2023-10-24 21:28:11,639 [ERROR] CADModel:125 - Updater not yet initialized, retry later 
2023-10-24 21:28:11,647 [FATAL] Updater:308 - Updater called before beeing initialized
2023-10-24 21:28:11,979 [FATAL] Updater:308 - Updater called before beeing initialized
2023-10-24 21:28:12,023 [INFO] DbMcusAds:53 - JSON generation date=Tue Mar 07 14:20:55 IST 2023 (1678179055114)
2023-10-24 21:28:12,024 [FATAL] Updater:308 - Updater called before beeing initialized
2023-10-24 21:28:12,230 [WARN] DetailPanel:346 - Failed to get advertising image, set to default
2023-10-24 21:28:12,557 [FATAL] Updater:308 - Updater called before beeing initialized
2023-10-24 21:28:12,562 [FATAL] Updater:308 - Updater called before beeing initialized
2023-10-24 21:28:12,563 [FATAL] Updater:308 - Updater called before beeing initialized
2023-10-24 21:28:12,563 [WARN] DetailPanel:346 - Failed to get advertising image, set to default
2023-10-24 21:28:12,566 [FATAL] Updater:308 - Updater called before beeing initialized
2023-10-24 21:28:12,769 [ERROR] Updater:1120 - MainUpdater not yet initialized. External WinMGr cannot be set.
2023-10-24 21:28:12,801 [INFO] Updater:1056 - Updater Version found : 6.9.2
2023-10-24 21:28:12,851 [INFO] ApplicationProperties:184 - Using Application install path: C:\ST\STM32CubeIDE_1.13.2\STM32CubeIDE\plugins\com.st.stm32cube.common.mx_6.9.2.202309101412
2023-10-24 21:28:13,284 [INFO] MainUpdater:2868 - connection check result : 10
2023-10-24 21:28:13,284 [INFO] MainUpdater:3562 - Updater definition file requires update
2023-10-24 21:28:13,287 [INFO] MainUpdater:285 - Updater Check For Update Now.
2023-10-24 21:28:13,288 [INFO] MicroXplorer:498 - Change Database Version : DB.6.0.92
2023-10-24 21:28:13,349 [INFO] McuFinderGlobals:63 - Set McuFinder mode to 2 (CubeIDE integrated)
2023-10-24 21:28:13,350 [INFO] UserAuth:179 - activating auth plugin
2023-10-24 21:28:13,358 [INFO] UserAuth:393 - Internet connection configuration mode: 1
2023-10-24 21:28:13,370 [INFO] ServerAccessManage:473 - Download File updaters.zip
2023-10-24 21:28:13,460 [INFO] JxBrowserEngine:151 - Initiate JxBrowser Engine with user profile folder
2023-10-24 21:28:13,733 [INFO] FileExtend:240 - Unzip File : updaters.zip
2023-10-24 21:28:13,734 [INFO] FileExtend:255 - Standard Zip Deflate
2023-10-24 21:28:14,558 [WARN] MainUpdater:1189 - Updater busy. Cannot search thirdparties
2023-10-24 21:28:14,559 [INFO] ThirdPartyUpdaterWithRetryManager:96 - Updater plugin is busy. [1/15]
2023-10-24 21:28:15,053 [INFO] ServerAccessManage:473 - Download File PacksControlFlags.xml
2023-10-24 21:28:15,525 [INFO] ServerAccessManage:473 - Download File cubemx.pidx
2023-10-24 21:28:17,560 [WARN] MainUpdater:1189 - Updater busy. Cannot search thirdparties
2023-10-24 21:28:17,561 [INFO] ThirdPartyUpdaterWithRetryManager:96 - Updater plugin is busy. [2/15]
2023-10-24 21:28:17,577 [INFO] ServerAccessManage:473 - Download File STMicroelectronics.X-CUBE-EEPRMA1.pdsc
2023-10-24 21:28:18,464 [ERROR] ServerAccessManage:1089 - Problem, file not found on Server
2023-10-24 21:28:20,572 [WARN] MainUpdater:1189 - Updater busy. Cannot search thirdparties
2023-10-24 21:28:20,574 [INFO] ThirdPartyUpdaterWithRetryManager:96 - Updater plugin is busy. [3/15]
2023-10-24 21:28:21,992 [ERROR] ServerAccessManage:1096 - Problem, Http access forbiden
2023-10-24 21:28:21,993 [ERROR] ServerAccessManage:651 - Problem, Http access forbiden : RoweBots.I-CUBE-UNISONRTOS.pdsc.
2023-10-24 21:28:23,038 [WARN] PackLoader:240 - Cannot read IP mode file for STMicroelectronics.X-CUBE-EEPRMA1.4.2.0
2023-10-24 21:28:23,058 [INFO] PopulateThirdPartyThread:66 - Ending populate Thread
2023-10-24 21:28:23,061 [INFO] ThirdParty:1030 - CMSIS Pack Vendor :STMicroelectronics X-CUBE-EEPRMA1 4.2.0
2023-10-24 21:28:23,061 [INFO] LoadServerUpdatesThread:373 - End of LoadServerUpdate Thread
2023-10-24 21:28:23,136 [INFO] WebApp:157 - Instantiating new browser for Auth
2023-10-24 21:28:23,577 [WARN] MainUpdater:1189 - Updater busy. Cannot search thirdparties
2023-10-24 21:28:23,580 [INFO] ThirdPartyUpdaterWithRetryManager:96 - Updater plugin is busy. [4/15]
2023-10-24 21:28:23,775 [INFO] CheckServerUpdateThread:120 - End of CheckServer Thread
2023-10-24 21:28:25,278 [INFO] WebApp:753 - Register for checkConnection events
2023-10-24 21:28:25,279 [INFO] WebApp:390 - Apply proxy settings
2023-10-24 21:28:25,279 [INFO] WebApp:475 - Chromium requires no authentication
2023-10-24 21:28:25,304 [INFO] WebApp:418 - Direct internet connection detected
2023-10-24 21:28:25,961 [INFO] WebApp:188 - Starting web application
2023-10-24 21:28:25,962 [INFO] WebApp:520 - Web application path used C:\ST\STM32CubeIDE_1.13.2\STM32CubeIDE\plugins\com.st.stm32cube.common.mx_6.9.2.202309101412\db\plugins\mcufinder\reactClient1\index.html
2023-10-24 21:28:27,894 [WARN] PackLoader:240 - Cannot read IP mode file for STMicroelectronics.X-CUBE-SMBUS.2.1.0
2023-10-24 21:28:28,142 [WARN] PackLoader:240 - Cannot read IP mode file for STMicroelectronics.X-CUBE-AZRTOS-F7.1.1.0
2023-10-24 21:28:28,279 [WARN] PackLoader:240 - Cannot read IP mode file for STMicroelectronics.FP-SNS-MOTENV1.4.3.2
2023-10-24 21:28:28,290 [ERROR] LogOutputStream:75 - [STDERR_REDIRECT] 
2023-10-24 21:48:59,019 [INFO] Activator:176 - 


2023-10-24 21:48:59,023 [INFO] Activator:177 - !SESSION log4j initialized
2023-10-24 21:49:10,783 [INFO] LogOutputStream:77 - [STDOUT_REDIRECT] 
2023-10-24 21:49:13,403 [INFO] ApplicationProperties:184 - Using Application install path: C:\ST\STM32CubeIDE_1.13.2\STM32CubeIDE\plugins\com.st.stm32cube.common.mx_6.9.2.202309101412
2023-10-24 21:49:13,447 [INFO] DbMcusXml:78 - Set database path to: C:\ST\STM32CubeIDE_1.13.2\STM32CubeIDE\plugins\com.st.stm32cube.common.mx_6.9.2.202309101412\\db\/mcu/
2023-10-24 21:49:13,448 [INFO] ApiDb:274 - Set plugin database path to: C:\ST\STM32CubeIDE_1.13.2\STM32CubeIDE\plugins\com.st.stm32cube.common.mx_6.9.2.202309101412\\db\/plugins/boardmanager/
2023-10-24 21:49:13,449 [WARN] ApiDb:259 - Overriding images path with different value:  => C:\ST\STM32CubeIDE_1.13.2\STM32CubeIDE\plugins\com.st.stm32cube.common.mx_6.9.2.202309101412\\db\/plugins/mcufinder/images/
2023-10-24 21:49:13,477 [INFO] ApiDb:250 - Set database path to: C:\Users\91916\.stmcufinder\plugins\mcufinder//mcu/
2023-10-24 21:49:13,481 [INFO] DbMcusAds:125 - Set database path to: C:\Users\91916\.stmcufinder\plugins\mcufinder//mcu/
2023-10-24 21:49:13,487 [INFO] CrossReferenceDbSqlite:203 - Set database path to: C:\Users\91916\.stmcufinder\plugins\mcufinder//mcu/cs/
2023-10-24 21:49:14,009 [INFO] RulesReader:64 - Compatibility file has been processed (293 Rules)
2023-10-24 21:49:14,202 [INFO] DbMcusXml:78 - Set database path to: C:\ST\STM32CubeIDE_1.13.2\STM32CubeIDE\plugins\com.st.stm32cube.common.mx_6.9.2.202309101412\\db\/mcu/
2023-10-24 21:49:14,203 [INFO] ApiDb:274 - Set plugin database path to: C:\ST\STM32CubeIDE_1.13.2\STM32CubeIDE\plugins\com.st.stm32cube.common.mx_6.9.2.202309101412\\db\/plugins/boardmanager/
2023-10-24 21:49:14,203 [INFO] ApiDb:261 - Set plugin images path to: C:\ST\STM32CubeIDE_1.13.2\STM32CubeIDE\plugins\com.st.stm32cube.common.mx_6.9.2.202309101412\\db\/plugins/mcufinder/images/
2023-10-24 21:49:14,204 [WARN] DbFile:41 - Overriding database path with different value: C:\Users\91916\.stmcufinder\plugins\mcufinder/ => C:\Users\91916\.stmcufinder\plugins\mcufinder
2023-10-24 21:49:14,205 [INFO] ApiDb:250 - Set database path to: C:\Users\91916\.stmcufinder\plugins\mcufinder//mcu/
2023-10-24 21:49:14,205 [WARN] DbFile:41 - Overriding database path with different value: C:\Users\91916\.stmcufinder\plugins\mcufinder/ => C:\Users\91916\.stmcufinder\plugins\mcufinder
2023-10-24 21:49:14,206 [INFO] DbMcusAds:125 - Set database path to: C:\Users\91916\.stmcufinder\plugins\mcufinder//mcu/
2023-10-24 21:49:14,206 [WARN] DbFile:41 - Overriding database path with different value: C:\Users\91916\.stmcufinder\plugins\mcufinder/ => C:\Users\91916\.stmcufinder\plugins\mcufinder
2023-10-24 21:49:14,207 [WARN] DbFile:41 - Overriding database path with different value: C:\Users\91916\.stmcufinder\plugins\mcufinder/ => C:\Users\91916\.stmcufinder\plugins\mcufinder
2023-10-24 21:49:14,207 [INFO] CrossReferenceDbSqlite:203 - Set database path to: C:\Users\91916\.stmcufinder\plugins\mcufinder//mcu/cs/
2023-10-24 21:49:14,398 [INFO] MainPanel:262 - HeapMemory: 268435456
2023-10-24 21:49:14,590 [INFO] DbMcusXml:78 - Set database path to: C:\ST\STM32CubeIDE_1.13.2\STM32CubeIDE\plugins\com.st.stm32cube.common.mx_6.9.2.202309101412\\db\/mcu/
2023-10-24 21:49:14,590 [INFO] ApiDb:274 - Set plugin database path to: C:\ST\STM32CubeIDE_1.13.2\STM32CubeIDE\plugins\com.st.stm32cube.common.mx_6.9.2.202309101412\\db\/plugins/boardmanager/
2023-10-24 21:49:14,591 [INFO] ApiDb:261 - Set plugin images path to: C:\ST\STM32CubeIDE_1.13.2\STM32CubeIDE\plugins\com.st.stm32cube.common.mx_6.9.2.202309101412\\db\/plugins/mcufinder/images/
2023-10-24 21:49:14,591 [WARN] DbFile:41 - Overriding database path with different value: C:\Users\91916\.stmcufinder\plugins\mcufinder/ => C:\Users\91916\.stmcufinder\plugins\mcufinder
2023-10-24 21:49:14,592 [INFO] ApiDb:250 - Set database path to: C:\Users\91916\.stmcufinder\plugins\mcufinder//mcu/
2023-10-24 21:49:14,592 [WARN] DbFile:41 - Overriding database path with different value: C:\Users\91916\.stmcufinder\plugins\mcufinder/ => C:\Users\91916\.stmcufinder\plugins\mcufinder
2023-10-24 21:49:14,592 [INFO] DbMcusAds:125 - Set database path to: C:\Users\91916\.stmcufinder\plugins\mcufinder//mcu/
2023-10-24 21:49:14,592 [WARN] DbFile:41 - Overriding database path with different value: C:\Users\91916\.stmcufinder\plugins\mcufinder/ => C:\Users\91916\.stmcufinder\plugins\mcufinder
2023-10-24 21:49:14,592 [WARN] DbFile:41 - Overriding database path with different value: C:\Users\91916\.stmcufinder\plugins\mcufinder/ => C:\Users\91916\.stmcufinder\plugins\mcufinder
2023-10-24 21:49:14,593 [INFO] CrossReferenceDbSqlite:203 - Set database path to: C:\Users\91916\.stmcufinder\plugins\mcufinder//mcu/cs/
2023-10-24 21:49:14,635 [INFO] ApplicationProperties:184 - Using Application install path: C:\ST\STM32CubeIDE_1.13.2\STM32CubeIDE\plugins\com.st.stm32cube.common.mx_6.9.2.202309101412
2023-10-24 21:49:14,638 [INFO] PluginManage:196 - Search for loadable plugins [exclusion list=, ]
2023-10-24 21:49:14,641 [INFO] PluginManage:310 - Check plugin analytics
2023-10-24 21:49:15,121 [INFO] AnalyticsPlugin:253 - Accepted Software Licenses: 
2023-10-24 21:49:15,122 [INFO] AnalyticsPlugin:255 - Accepted CMSIS Pack Licenses: 
2023-10-24 21:49:15,122 [INFO] AnalyticsPlugin:257 - Accepted Firmware Licenses: 
2023-10-24 21:49:15,133 [INFO] PluginManage:359 - Loaded plugin analytics (category:tool,tabindex:-1)
2023-10-24 21:49:15,134 [INFO] PluginManage:310 - Check plugin cadmodel
2023-10-24 21:49:15,143 [INFO] CADModel:105 - Init CAD model plugin
2023-10-24 21:49:15,144 [INFO] PluginManage:359 - Loaded plugin cadmodel (category:power,tabindex:5)
2023-10-24 21:49:15,145 [INFO] PluginManage:310 - Check plugin clock
2023-10-24 21:49:15,169 [INFO] PluginManage:359 - Loaded plugin clock (category:base,tabindex:2)
2023-10-24 21:49:15,170 [INFO] PluginManage:310 - Check plugin ddr
2023-10-24 21:49:15,175 [INFO] PluginManage:359 - Loaded plugin ddr (category:tool,tabindex:6)
2023-10-24 21:49:15,176 [INFO] PluginManage:310 - Check plugin filemanager
2023-10-24 21:49:15,477 [INFO] PluginManage:359 - Loaded plugin filemanager (category:base,tabindex:10)
2023-10-24 21:49:15,478 [INFO] PluginManage:310 - Check plugin ipmanager
2023-10-24 21:49:15,498 [INFO] PluginManage:359 - Loaded plugin ipmanager (category:base,tabindex:5)
2023-10-24 21:49:15,498 [INFO] PluginManage:310 - Check plugin lpbam
2023-10-24 21:49:15,520 [INFO] PluginManage:359 - Loaded plugin lpbam (category:base,tabindex:0)
2023-10-24 21:49:15,521 [INFO] PluginManage:310 - Check plugin memorymap
2023-10-24 21:49:15,544 [INFO] PluginManage:359 - Loaded plugin memorymap (category:base,tabindex:4)
2023-10-24 21:49:15,547 [INFO] PluginManage:310 - Check plugin pinoutandconfiguration
2023-10-24 21:49:15,561 [INFO] PluginManage:359 - Loaded plugin pinoutandconfiguration (category:base,tabindex:1)
2023-10-24 21:49:15,561 [INFO] PluginManage:310 - Check plugin pinoutconfig
2023-10-24 21:49:15,771 [WARN] SupportedApi:132 - Cannot load RTOS API schema: s4s-elt-must-match.1: The content of 'definitions' must match (annotation?, (simpleType | complexType)?, (unique | key | keyref)*)). A problem was found starting at: attribute.
2023-10-24 21:49:16,124 [INFO] PluginManage:359 - Loaded plugin pinoutconfig (category:base,tabindex:0)
2023-10-24 21:49:16,124 [INFO] PluginManage:310 - Check plugin power
2023-10-24 21:49:16,147 [INFO] PluginManage:359 - Loaded plugin power (category:power,tabindex:4)
2023-10-24 21:49:16,147 [INFO] PluginManage:310 - Check plugin projectmanager
2023-10-24 21:49:16,188 [INFO] PluginManage:359 - Loaded plugin projectmanager (category:projectmanager,tabindex:3)
2023-10-24 21:49:16,189 [INFO] PluginManage:310 - Check plugin thirdparty
2023-10-24 21:49:16,502 [INFO] PluginManage:359 - Loaded plugin thirdparty (category:base,tabindex:-1)
2023-10-24 21:49:16,502 [WARN] IntegrityCheckThread:84 - waiting for thirdparty lock release [integrity check]
2023-10-24 21:49:16,503 [INFO] PluginManage:310 - Check plugin tools
2023-10-24 21:49:16,504 [INFO] IntegrityCheckThread:86 - entering critical section [integrity check]
2023-10-24 21:49:16,505 [INFO] ThirdPartyUpdaterWithRetryManager:70 - Updater plugin not ready yet. [1/15]
2023-10-24 21:49:16,509 [INFO] PluginManage:359 - Loaded plugin tools (category:base,tabindex:7)
2023-10-24 21:49:16,509 [INFO] PluginManage:310 - Check plugin tutovideos
2023-10-24 21:49:16,883 [INFO] PluginManage:359 - Loaded plugin tutovideos (category:base,tabindex:-1)
2023-10-24 21:49:16,884 [INFO] PluginManage:310 - Check plugin updater
2023-10-24 21:49:16,908 [INFO] PluginManage:359 - Loaded plugin updater (category:base,tabindex:12)
2023-10-24 21:49:16,908 [INFO] PluginManage:310 - Check plugin userauth
2023-10-24 21:49:16,920 [INFO] UserAuth:113 - Init User Auth plugin
2023-10-24 21:49:16,921 [INFO] PluginManage:359 - Loaded plugin userauth (category:base,tabindex:14)
2023-10-24 21:49:16,922 [INFO] PluginManage:283 - PluginManage : Loaded plugins [17]
2023-10-24 21:49:17,422 [INFO] PinOutPanel:1499 - setPackage(No Configuration,No Configuration)
2023-10-24 21:49:17,691 [INFO] CADModel:165 - CPN selected for project level
2023-10-24 21:49:17,692 [INFO] CADModel:114 - Register for checkConnection events
2023-10-24 21:49:17,723 [INFO] IPUIPlugin:80 - create IPUIPlugin
2023-10-24 21:49:17,723 [INFO] PluginManager:220 - loadIPPluginJar : add adc
2023-10-24 21:49:17,730 [INFO] IPUIPlugin:80 - create IPUIPlugin
2023-10-24 21:49:17,730 [INFO] PluginManager:220 - loadIPPluginJar : add aes
2023-10-24 21:49:17,737 [INFO] IPUIPlugin:80 - create IPUIPlugin
2023-10-24 21:49:17,737 [INFO] PluginManager:220 - loadIPPluginJar : add can
2023-10-24 21:49:17,741 [INFO] IPUIPlugin:80 - create IPUIPlugin
2023-10-24 21:49:17,742 [INFO] PluginManager:220 - loadIPPluginJar : add comp
2023-10-24 21:49:17,748 [INFO] IPUIPlugin:80 - create IPUIPlugin
2023-10-24 21:49:17,749 [INFO] PluginManager:220 - loadIPPluginJar : add cryp
2023-10-24 21:49:17,758 [INFO] IPUIPlugin:80 - create IPUIPlugin
2023-10-24 21:49:17,758 [INFO] PluginManager:220 - loadIPPluginJar : add dfsdm
2023-10-24 21:49:17,771 [INFO] IPUIPlugin:80 - create IPUIPlugin
2023-10-24 21:49:17,772 [INFO] PluginManager:220 - loadIPPluginJar : add dma
2023-10-24 21:49:17,777 [INFO] IPUIPlugin:80 - create IPUIPlugin
2023-10-24 21:49:17,777 [INFO] PluginManager:220 - loadIPPluginJar : add dma3
2023-10-24 21:49:17,780 [INFO] IPUIPlugin:80 - create IPUIPlugin
2023-10-24 21:49:17,781 [INFO] PluginManager:220 - loadIPPluginJar : add fatfs
2023-10-24 21:49:17,789 [INFO] IPUIPlugin:80 - create IPUIPlugin
2023-10-24 21:49:17,789 [INFO] PluginManager:220 - loadIPPluginJar : add fmc
2023-10-24 21:49:17,799 [INFO] IPUIPlugin:80 - create IPUIPlugin
2023-10-24 21:49:17,799 [INFO] PluginManager:220 - loadIPPluginJar : add freertos
2023-10-24 21:49:17,802 [INFO] IPUIPlugin:80 - create IPUIPlugin
2023-10-24 21:49:17,802 [INFO] PluginManager:220 - loadIPPluginJar : add genericplugin
2023-10-24 21:49:17,807 [INFO] IPUIPlugin:80 - create IPUIPlugin
2023-10-24 21:49:17,807 [INFO] PluginManager:220 - loadIPPluginJar : add gfxmmu
2023-10-24 21:49:17,816 [INFO] IPUIPlugin:80 - create IPUIPlugin
2023-10-24 21:49:17,817 [INFO] PluginManager:220 - loadIPPluginJar : add gic
2023-10-24 21:49:17,827 [INFO] IPUIPlugin:80 - create IPUIPlugin
2023-10-24 21:49:17,828 [INFO] PluginManager:220 - loadIPPluginJar : add gpio
2023-10-24 21:49:17,835 [INFO] IPUIPlugin:80 - create IPUIPlugin
2023-10-24 21:49:17,835 [INFO] PluginManager:220 - loadIPPluginJar : add gtzc
2023-10-24 21:49:17,841 [INFO] IPUIPlugin:80 - create IPUIPlugin
2023-10-24 21:49:17,841 [INFO] PluginManager:220 - loadIPPluginJar : add hash
2023-10-24 21:49:17,846 [INFO] IPUIPlugin:80 - create IPUIPlugin
2023-10-24 21:49:17,847 [INFO] PluginManager:220 - loadIPPluginJar : add i2c
2023-10-24 21:49:17,852 [INFO] IPUIPlugin:80 - create IPUIPlugin
2023-10-24 21:49:17,853 [INFO] PluginManager:220 - loadIPPluginJar : add i2s
2023-10-24 21:49:17,858 [INFO] IPUIPlugin:80 - create IPUIPlugin
2023-10-24 21:49:17,858 [INFO] PluginManager:220 - loadIPPluginJar : add i3c
2023-10-24 21:49:17,865 [INFO] IPUIPlugin:80 - create IPUIPlugin
2023-10-24 21:49:17,865 [INFO] PluginManager:220 - loadIPPluginJar : add ipddr
2023-10-24 21:49:17,879 [INFO] IPUIPlugin:80 - create IPUIPlugin
2023-10-24 21:49:17,880 [INFO] PluginManager:220 - loadIPPluginJar : add linkedlist
2023-10-24 21:49:17,886 [INFO] IPUIPlugin:80 - create IPUIPlugin
2023-10-24 21:49:17,886 [INFO] PluginManager:220 - loadIPPluginJar : add lorawan
2023-10-24 21:49:17,890 [INFO] IPUIPlugin:80 - create IPUIPlugin
2023-10-24 21:49:17,890 [INFO] PluginManager:220 - loadIPPluginJar : add ltdc
2023-10-24 21:49:17,903 [INFO] IPUIPlugin:80 - create IPUIPlugin
2023-10-24 21:49:17,903 [INFO] PluginManager:220 - loadIPPluginJar : add mdma
2023-10-24 21:49:17,912 [INFO] IPUIPlugin:80 - create IPUIPlugin
2023-10-24 21:49:17,913 [INFO] PluginManager:220 - loadIPPluginJar : add nvic
2023-10-24 21:49:17,919 [INFO] IPUIPlugin:80 - create IPUIPlugin
2023-10-24 21:49:17,920 [INFO] PluginManager:220 - loadIPPluginJar : add opamp
2023-10-24 21:49:17,926 [INFO] IPUIPlugin:80 - create IPUIPlugin
2023-10-24 21:49:17,926 [INFO] PluginManager:220 - loadIPPluginJar : add openamp
2023-10-24 21:49:17,932 [INFO] IPUIPlugin:80 - create IPUIPlugin
2023-10-24 21:49:17,932 [INFO] PluginManager:220 - loadIPPluginJar : add pdm2pcm
2023-10-24 21:49:17,944 [INFO] IPUIPlugin:80 - create IPUIPlugin
2023-10-24 21:49:17,949 [INFO] PluginManager:220 - loadIPPluginJar : add plateformsettings
2023-10-24 21:49:17,953 [INFO] IPUIPlugin:80 - create IPUIPlugin
2023-10-24 21:49:17,953 [INFO] PluginManager:220 - loadIPPluginJar : add quadspi
2023-10-24 21:49:17,959 [INFO] IPUIPlugin:80 - create IPUIPlugin
2023-10-24 21:49:17,960 [INFO] PluginManager:220 - loadIPPluginJar : add resmgrutility
2023-10-24 21:49:17,966 [INFO] IPUIPlugin:80 - create IPUIPlugin
2023-10-24 21:49:17,966 [INFO] PluginManager:220 - loadIPPluginJar : add sai
2023-10-24 21:49:17,971 [INFO] IPUIPlugin:80 - create IPUIPlugin
2023-10-24 21:49:17,971 [INFO] PluginManager:220 - loadIPPluginJar : add spi
2023-10-24 21:49:17,981 [INFO] IPUIPlugin:80 - create IPUIPlugin
2023-10-24 21:49:17,981 [INFO] PluginManager:220 - loadIPPluginJar : add stm32_wpan
2023-10-24 21:49:17,985 [INFO] IPUIPlugin:80 - create IPUIPlugin
2023-10-24 21:49:17,985 [INFO] PluginManager:220 - loadIPPluginJar : add tim
2023-10-24 21:49:17,991 [INFO] IPUIPlugin:80 - create IPUIPlugin
2023-10-24 21:49:17,991 [INFO] PluginManager:220 - loadIPPluginJar : add touchsensing
2023-10-24 21:49:17,996 [INFO] IPUIPlugin:80 - create IPUIPlugin
2023-10-24 21:49:17,996 [INFO] PluginManager:220 - loadIPPluginJar : add tracer_emb
2023-10-24 21:49:18,001 [INFO] IPUIPlugin:80 - create IPUIPlugin
2023-10-24 21:49:18,001 [INFO] PluginManager:220 - loadIPPluginJar : add ts
2023-10-24 21:49:18,006 [INFO] IPUIPlugin:80 - create IPUIPlugin
2023-10-24 21:49:18,006 [INFO] PluginManager:220 - loadIPPluginJar : add tsc
2023-10-24 21:49:18,011 [INFO] IPUIPlugin:80 - create IPUIPlugin
2023-10-24 21:49:18,012 [INFO] PluginManager:220 - loadIPPluginJar : add ucpd
2023-10-24 21:49:18,022 [INFO] IPUIPlugin:80 - create IPUIPlugin
2023-10-24 21:49:18,023 [INFO] PluginManager:220 - loadIPPluginJar : add usart
2023-10-24 21:49:18,031 [INFO] IPUIPlugin:80 - create IPUIPlugin
2023-10-24 21:49:18,031 [INFO] PluginManager:220 - loadIPPluginJar : add usbx
2023-10-24 21:49:18,248 [INFO] CADModel:165 - CPN selected for project level
2023-10-24 21:49:18,249 [INFO] CADModel:114 - Register for checkConnection events
2023-10-24 21:49:18,250 [FATAL] Updater:308 - Updater called before beeing initialized
2023-10-24 21:49:18,251 [ERROR] CADModel:125 - Updater not yet initialized, retry later 
2023-10-24 21:49:18,597 [INFO] CADModel:165 - CPN selected for project level
2023-10-24 21:49:18,597 [INFO] CADModel:114 - Register for checkConnection events
2023-10-24 21:49:18,598 [FATAL] Updater:308 - Updater called before beeing initialized
2023-10-24 21:49:18,598 [ERROR] CADModel:125 - Updater not yet initialized, retry later 
2023-10-24 21:49:18,604 [FATAL] Updater:308 - Updater called before beeing initialized
2023-10-24 21:49:18,859 [FATAL] Updater:308 - Updater called before beeing initialized
2023-10-24 21:49:18,875 [INFO] DbMcusAds:53 - JSON generation date=Tue Mar 07 14:20:55 IST 2023 (1678179055114)
2023-10-24 21:49:18,876 [FATAL] Updater:308 - Updater called before beeing initialized
2023-10-24 21:49:19,026 [WARN] DetailPanel:346 - Failed to get advertising image, set to default
2023-10-24 21:49:19,299 [FATAL] Updater:308 - Updater called before beeing initialized
2023-10-24 21:49:19,303 [FATAL] Updater:308 - Updater called before beeing initialized
2023-10-24 21:49:19,303 [FATAL] Updater:308 - Updater called before beeing initialized
2023-10-24 21:49:19,304 [WARN] DetailPanel:346 - Failed to get advertising image, set to default
2023-10-24 21:49:19,306 [FATAL] Updater:308 - Updater called before beeing initialized
2023-10-24 21:49:19,462 [ERROR] Updater:1120 - MainUpdater not yet initialized. External WinMGr cannot be set.
2023-10-24 21:49:19,466 [INFO] Updater:1056 - Updater Version found : 6.9.2
2023-10-24 21:49:19,497 [INFO] ApplicationProperties:184 - Using Application install path: C:\ST\STM32CubeIDE_1.13.2\STM32CubeIDE\plugins\com.st.stm32cube.common.mx_6.9.2.202309101412
2023-10-24 21:49:19,508 [INFO] ThirdPartyUpdaterWithRetryManager:70 - Updater plugin not ready yet. [2/15]
2023-10-24 21:49:19,780 [INFO] MainUpdater:2868 - connection check result : 10
2023-10-24 21:49:19,782 [INFO] MainUpdater:285 - Updater Check For Update Now.
2023-10-24 21:49:19,783 [INFO] MicroXplorer:498 - Change Database Version : DB.6.0.92
2023-10-24 21:49:19,798 [INFO] McuFinderGlobals:63 - Set McuFinder mode to 2 (CubeIDE integrated)
2023-10-24 21:49:19,798 [INFO] UserAuth:179 - activating auth plugin
2023-10-24 21:49:19,805 [INFO] UserAuth:393 - Internet connection configuration mode: 1
2023-10-24 21:49:19,836 [INFO] JxBrowserEngine:151 - Initiate JxBrowser Engine with user profile folder
2023-10-24 21:49:20,200 [INFO] CheckServerUpdateThread:120 - End of CheckServer Thread
2023-10-24 21:49:21,413 [INFO] WebApp:157 - Instantiating new browser for Auth
2023-10-24 21:49:22,703 [INFO] WebApp:753 - Register for checkConnection events
2023-10-24 21:49:22,703 [INFO] WebApp:390 - Apply proxy settings
2023-10-24 21:49:22,704 [INFO] WebApp:475 - Chromium requires no authentication
2023-10-24 21:49:22,727 [INFO] WebApp:418 - Direct internet connection detected
2023-10-24 21:49:23,118 [WARN] PackLoader:240 - Cannot read IP mode file for STMicroelectronics.X-CUBE-SMBUS.2.1.0
2023-10-24 21:49:23,276 [WARN] PackLoader:240 - Cannot read IP mode file for STMicroelectronics.X-CUBE-AZRTOS-F7.1.1.0
2023-10-24 21:49:23,320 [WARN] PackLoader:240 - Cannot read IP mode file for STMicroelectronics.FP-SNS-MOTENV1.4.3.2
2023-10-24 21:49:23,342 [WARN] PackLoader:240 - Cannot read IP mode file for STMicroelectronics.FP-SNS-FLIGHT1.5.0.2
2023-10-24 21:49:23,348 [INFO] WebApp:188 - Starting web application
2023-10-24 21:49:23,348 [INFO] WebApp:520 - Web application path used C:\ST\STM32CubeIDE_1.13.2\STM32CubeIDE\plugins\com.st.stm32cube.common.mx_6.9.2.202309101412\db\plugins\mcufinder\reactClient1\index.html
2023-10-24 21:49:23,374 [WARN] PackLoader:240 - Cannot read IP mode file for STMicroelectronics.X-CUBE-DISPLAY.3.0.0
2023-10-24 21:49:23,437 [WARN] PackLoader:240 - Cannot read IP mode file for STMicroelectronics.X-CUBE-BLE1.7.0.0
2023-10-24 21:49:23,457 [WARN] PackLoader:240 - Cannot read IP mode file for emotas.I-CUBE-CANOPEN.1.3.0
2023-10-24 21:49:23,469 [WARN] PackLoader:240 - Cannot read IP mode file for STMicroelectronics.X-CUBE-TOUCHGFX.4.22.1
2023-10-24 21:49:23,483 [WARN] PackLoader:240 - Cannot read IP mode file for STMicroelectronics.FP-SNS-SMARTAG2.1.2.0
2023-10-24 21:49:23,530 [INFO] LogOutputStream:77 - [STDOUT_REDIRECT] 1 : Invalid condition id : UX_CORESTACK_Condition cause : null
2023-10-24 21:49:23,532 [INFO] LogOutputStream:77 - [STDOUT_REDIRECT] 1 : Invalid condition id : UX_CORESTACK_Condition cause : null
2023-10-24 21:49:23,537 [INFO] LogOutputStream:77 - [STDOUT_REDIRECT] 1 : Invalid condition id : UX_CORESTACK_Condition cause : null
2023-10-24 21:49:23,544 [INFO] LogOutputStream:77 - [STDOUT_REDIRECT] 1 : Invalid condition id : UX_CORESTACK_Condition cause : null
2023-10-24 21:49:23,548 [INFO] LogOutputStream:77 - [STDOUT_REDIRECT] 1 : Invalid condition id : UX_CORESTACK_Condition cause : null
2023-10-24 21:49:23,564 [WARN] PackLoader:240 - Cannot read IP mode file for STMicroelectronics.X-CUBE-AZRTOS-WL.2.0.0
2023-10-24 21:49:23,673 [WARN] PackLoader:240 - Cannot read IP mode file for WES.I-CUBE-Cesium.1.3.0
2023-10-24 21:49:23,701 [WARN] PackLoader:240 - Cannot read IP mode file for STMicroelectronics.X-CUBE-BLE2.3.3.0
2023-10-24 21:49:23,729 [WARN] PackLoader:240 - Cannot read IP mode file for STMicroelectronics.X-CUBE-ALGOBUILD.1.3.0
2023-10-24 21:49:23,878 [WARN] PackLoader:240 - Cannot read IP mode file for STMicroelectronics.X-CUBE-AZRTOS-G0.1.1.0
2023-10-24 21:49:23,961 [WARN] PackLoader:240 - Cannot read IP mode file for STMicroelectronics.X-CUBE-NFC4.3.0.0
2023-10-24 21:49:23,982 [WARN] PackLoader:240 - Cannot read IP mode file for STMicroelectronics.FP-ATR-SIGFOX1.3.2.0
2023-10-24 21:49:24,171 [WARN] PackLoader:240 - Cannot read IP mode file for SEGGER.I-CUBE-embOS.1.3.1
2023-10-24 21:49:24,365 [WARN] PackLoader:240 - Cannot read IP mode file for STMicroelectronics.X-CUBE-GNSS1.6.0.0
2023-10-24 21:49:24,438 [WARN] PackLoader:240 - Cannot read IP mode file for STMicroelectronics.X-CUBE-AZRTOS-F4.1.1.0
2023-10-24 21:49:24,487 [WARN] PackLoader:240 - Cannot read IP mode file for wolfSSL.I-CUBE-wolfSSL.5.6.3
2023-10-24 21:49:24,550 [WARN] PackLoader:240 - Cannot read IP mode file for STMicroelectronics.X-CUBE-AZRTOS-L5.2.0.0
2023-10-24 21:49:24,574 [WARN] PackLoader:240 - Cannot read IP mode file for STMicroelectronics.X-CUBE-EEPRMA1.4.2.0
2023-10-24 21:49:24,620 [WARN] PackLoader:240 - Cannot read IP mode file for ITTIA_DB.I-CUBE-ITTIADB.8.8.0
2023-10-24 21:49:24,642 [WARN] PackLoader:240 - Cannot read IP mode file for STMicroelectronics.X-CUBE-BLEMGR.2.0.0
2023-10-24 21:49:24,710 [WARN] ConditionMgr:438 - getConditionDescription Invalid condition id : UX DEVICE CLASS RTOS Condition cause : null
2023-10-24 21:49:24,711 [WARN] ConditionMgr:438 - getConditionDescription Invalid condition id : UX DEVICE CLASS RTOS Condition cause : null
2023-10-24 21:49:24,745 [WARN] PackLoader:240 - Cannot read IP mode file for STMicroelectronics.X-CUBE-AZRTOS-H7.3.1.0
2023-10-24 21:49:24,748 [WARN] ConditionMgr:1039 - genDependencies : Invalid condition id : UX DEVICE CLASS RTOS Condition cause : null
2023-10-24 21:49:24,748 [WARN] ConditionMgr:1039 - genDependencies : Invalid condition id : UX DEVICE CLASS RTOS Condition cause : null
2023-10-24 21:49:24,750 [WARN] ConditionMgr:1039 - genDependencies : Invalid condition id : UX DEVICE CLASS RTOS Condition cause : null
2023-10-24 21:49:24,752 [WARN] ConditionMgr:1039 - genDependencies : Invalid condition id : UX DEVICE CLASS RTOS Condition cause : null
2023-10-24 21:49:24,752 [WARN] ConditionMgr:1039 - genDependencies : Invalid condition id : UX DEVICE CLASS RTOS Condition cause : null
2023-10-24 21:49:24,771 [WARN] PackLoader:240 - Cannot read IP mode file for STMicroelectronics.X-CUBE-NFC7.1.0.1
2023-10-24 21:49:24,799 [WARN] PackLoader:240 - Cannot read IP mode file for STMicroelectronics.X-CUBE-NFC6.3.0.0
2023-10-24 21:49:24,851 [WARN] PackLoader:240 - Cannot read IP mode file for STMicroelectronics.X-CUBE-EEPRMA1.4.1.0
2023-10-24 21:49:24,864 [WARN] PackLoader:240 - Cannot read IP mode file for STMicroelectronics.X-CUBE-AI.8.1.0
2023-10-24 21:49:24,930 [WARN] ConditionMgr:438 - getConditionDescription Invalid condition id : LAN8742 Phy interface Condition cause : null
2023-10-24 21:49:24,932 [WARN] PackLoader:240 - Cannot read IP mode file for STMicroelectronics.X-CUBE-AZRTOS-L4.2.0.0
2023-10-24 21:49:24,936 [WARN] ConditionMgr:1039 - genDependencies : Invalid condition id : LAN8742 Phy interface Condition cause : null
2023-10-24 21:49:24,937 [WARN] ConditionMgr:1039 - genDependencies : Invalid condition id : LAN8742 Phy interface Condition cause : null
2023-10-24 21:49:24,938 [WARN] ConditionMgr:1039 - genDependencies : Invalid condition id : LAN8742 Phy interface Condition cause : null
2023-10-24 21:49:24,962 [WARN] PackLoader:240 - Cannot read IP mode file for STMicroelectronics.X-CUBE-SFXS2LP1.4.0.0
2023-10-24 21:49:24,976 [WARN] PackLoader:240 - Cannot read IP mode file for STMicroelectronics.X-CUBE-ISPU.1.1.0
2023-10-24 21:49:25,030 [WARN] ConditionMgr:438 - getConditionDescription Invalid condition id : UX DEVICE CLASS RTOS Condition cause : null
2023-10-24 21:49:25,031 [WARN] ConditionMgr:438 - getConditionDescription Invalid condition id : UX DEVICE CLASS RTOS Condition cause : null
2023-10-24 21:49:25,038 [WARN] PackLoader:240 - Cannot read IP mode file for STMicroelectronics.X-CUBE-AZRTOS-WB.2.0.0
2023-10-24 21:49:25,040 [WARN] ConditionMgr:1039 - genDependencies : Invalid condition id : UX DEVICE CLASS RTOS Condition cause : null
2023-10-24 21:49:25,040 [WARN] ConditionMgr:1039 - genDependencies : Invalid condition id : UX DEVICE CLASS RTOS Condition cause : null
2023-10-24 21:49:25,042 [WARN] ConditionMgr:1039 - genDependencies : Invalid condition id : UX DEVICE CLASS RTOS Condition cause : null
2023-10-24 21:49:25,043 [WARN] ConditionMgr:1039 - genDependencies : Invalid condition id : UX DEVICE CLASS RTOS Condition cause : null
2023-10-24 21:49:25,043 [WARN] ConditionMgr:1039 - genDependencies : Invalid condition id : UX DEVICE CLASS RTOS Condition cause : null
2023-10-24 21:49:25,091 [WARN] PackLoader:240 - Cannot read IP mode file for STMicroelectronics.X-CUBE-SUBG2.5.0.0
2023-10-24 21:49:25,140 [WARN] PackLoader:240 - Cannot read IP mode file for STMicroelectronics.X-CUBE-TOF1.3.3.1
2023-10-24 21:49:25,202 [WARN] PackLoader:240 - Cannot read IP mode file for STMicroelectronics.X-CUBE-AZRTOS-G4.2.0.0
2023-10-24 21:49:25,235 [WARN] PackLoader:240 - Cannot read IP mode file for Infineon.AIROC-Wi-Fi-Bluetooth-STM32.1.5.1
2023-10-24 21:49:25,355 [WARN] PackLoader:240 - Cannot read IP mode file for STMicroelectronics.X-CUBE-MEMS1.10.0.0
2023-10-24 21:49:25,849 [WARN] PackLoader:240 - Cannot read IP mode file for STMicroelectronics.X-CUBE-FREERTOS.1.1.0
2023-10-24 21:49:25,865 [WARN] PackLoader:240 - Cannot read IP mode file for portGmbH.I-Cube-SoM-uGOAL.1.1.0
2023-10-24 21:49:25,876 [WARN] PackLoader:240 - Cannot read IP mode file for STMicroelectronics.X-CUBE-ALS.1.0.1
2023-10-24 21:49:25,888 [WARN] PackLoader:240 - Cannot read IP mode file for STMicroelectronics.FP-ATR-ASTRA1.2.0.0
2023-10-24 21:49:25,890 [INFO] ThirdParty:978 - Integrity check success = true
2023-10-24 21:49:25,891 [INFO] IntegrityCheckThread:100 - exiting critical section [integrity check]
2023-10-24 21:49:25,891 [INFO] IntegrityCheckThread:103 - End integrity checks thread
2023-10-24 21:49:46,398 [ERROR] LogOutputStream:75 - [STDERR_REDIRECT] SLF4J: Failed to load class "org.slf4j.impl.StaticLoggerBinder".
2023-10-24 21:49:46,399 [ERROR] LogOutputStream:75 - [STDERR_REDIRECT] SLF4J: Defaulting to no-operation (NOP) logger implementation
2023-10-24 21:49:46,406 [ERROR] LogOutputStream:75 - [STDERR_REDIRECT] SLF4J: See http://www.slf4j.org/codes.html#StaticLoggerBinder for further details.
2023-10-24 21:54:51,517 [ERROR] LogOutputStream:75 - [STDERR_REDIRECT] 
2023-10-24 21:55:14,137 [INFO] Activator:176 - 


2023-10-24 21:55:14,141 [INFO] Activator:177 - !SESSION log4j initialized
2023-10-24 21:55:19,965 [INFO] LogOutputStream:77 - [STDOUT_REDIRECT] 
2023-10-24 21:55:25,229 [INFO] ApplicationProperties:184 - Using Application install path: C:\ST\STM32CubeIDE_1.13.2\STM32CubeIDE\plugins\com.st.stm32cube.common.mx_6.9.2.202309101412
2023-10-24 21:55:25,283 [INFO] DbMcusXml:78 - Set database path to: C:\ST\STM32CubeIDE_1.13.2\STM32CubeIDE\plugins\com.st.stm32cube.common.mx_6.9.2.202309101412\\db\/mcu/
2023-10-24 21:55:25,285 [INFO] ApiDb:274 - Set plugin database path to: C:\ST\STM32CubeIDE_1.13.2\STM32CubeIDE\plugins\com.st.stm32cube.common.mx_6.9.2.202309101412\\db\/plugins/boardmanager/
2023-10-24 21:55:25,286 [WARN] ApiDb:259 - Overriding images path with different value:  => C:\ST\STM32CubeIDE_1.13.2\STM32CubeIDE\plugins\com.st.stm32cube.common.mx_6.9.2.202309101412\\db\/plugins/mcufinder/images/
2023-10-24 21:55:25,314 [INFO] ApiDb:250 - Set database path to: C:\Users\91916\.stmcufinder\plugins\mcufinder//mcu/
2023-10-24 21:55:25,318 [INFO] DbMcusAds:125 - Set database path to: C:\Users\91916\.stmcufinder\plugins\mcufinder//mcu/
2023-10-24 21:55:25,325 [INFO] CrossReferenceDbSqlite:203 - Set database path to: C:\Users\91916\.stmcufinder\plugins\mcufinder//mcu/cs/
2023-10-24 21:55:25,657 [INFO] RulesReader:64 - Compatibility file has been processed (293 Rules)
2023-10-24 21:55:25,879 [INFO] DbMcusXml:78 - Set database path to: C:\ST\STM32CubeIDE_1.13.2\STM32CubeIDE\plugins\com.st.stm32cube.common.mx_6.9.2.202309101412\\db\/mcu/
2023-10-24 21:55:25,879 [INFO] ApiDb:274 - Set plugin database path to: C:\ST\STM32CubeIDE_1.13.2\STM32CubeIDE\plugins\com.st.stm32cube.common.mx_6.9.2.202309101412\\db\/plugins/boardmanager/
2023-10-24 21:55:25,880 [INFO] ApiDb:261 - Set plugin images path to: C:\ST\STM32CubeIDE_1.13.2\STM32CubeIDE\plugins\com.st.stm32cube.common.mx_6.9.2.202309101412\\db\/plugins/mcufinder/images/
2023-10-24 21:55:25,881 [WARN] DbFile:41 - Overriding database path with different value: C:\Users\91916\.stmcufinder\plugins\mcufinder/ => C:\Users\91916\.stmcufinder\plugins\mcufinder
2023-10-24 21:55:25,882 [INFO] ApiDb:250 - Set database path to: C:\Users\91916\.stmcufinder\plugins\mcufinder//mcu/
2023-10-24 21:55:25,882 [WARN] DbFile:41 - Overriding database path with different value: C:\Users\91916\.stmcufinder\plugins\mcufinder/ => C:\Users\91916\.stmcufinder\plugins\mcufinder
2023-10-24 21:55:25,882 [INFO] DbMcusAds:125 - Set database path to: C:\Users\91916\.stmcufinder\plugins\mcufinder//mcu/
2023-10-24 21:55:25,883 [WARN] DbFile:41 - Overriding database path with different value: C:\Users\91916\.stmcufinder\plugins\mcufinder/ => C:\Users\91916\.stmcufinder\plugins\mcufinder
2023-10-24 21:55:25,883 [WARN] DbFile:41 - Overriding database path with different value: C:\Users\91916\.stmcufinder\plugins\mcufinder/ => C:\Users\91916\.stmcufinder\plugins\mcufinder
2023-10-24 21:55:25,884 [INFO] CrossReferenceDbSqlite:203 - Set database path to: C:\Users\91916\.stmcufinder\plugins\mcufinder//mcu/cs/
2023-10-24 21:55:26,101 [INFO] MainPanel:262 - HeapMemory: 268435456
2023-10-24 21:55:26,315 [INFO] DbMcusXml:78 - Set database path to: C:\ST\STM32CubeIDE_1.13.2\STM32CubeIDE\plugins\com.st.stm32cube.common.mx_6.9.2.202309101412\\db\/mcu/
2023-10-24 21:55:26,316 [INFO] ApiDb:274 - Set plugin database path to: C:\ST\STM32CubeIDE_1.13.2\STM32CubeIDE\plugins\com.st.stm32cube.common.mx_6.9.2.202309101412\\db\/plugins/boardmanager/
2023-10-24 21:55:26,316 [INFO] ApiDb:261 - Set plugin images path to: C:\ST\STM32CubeIDE_1.13.2\STM32CubeIDE\plugins\com.st.stm32cube.common.mx_6.9.2.202309101412\\db\/plugins/mcufinder/images/
2023-10-24 21:55:26,317 [WARN] DbFile:41 - Overriding database path with different value: C:\Users\91916\.stmcufinder\plugins\mcufinder/ => C:\Users\91916\.stmcufinder\plugins\mcufinder
2023-10-24 21:55:26,317 [INFO] ApiDb:250 - Set database path to: C:\Users\91916\.stmcufinder\plugins\mcufinder//mcu/
2023-10-24 21:55:26,318 [WARN] DbFile:41 - Overriding database path with different value: C:\Users\91916\.stmcufinder\plugins\mcufinder/ => C:\Users\91916\.stmcufinder\plugins\mcufinder
2023-10-24 21:55:26,318 [INFO] DbMcusAds:125 - Set database path to: C:\Users\91916\.stmcufinder\plugins\mcufinder//mcu/
2023-10-24 21:55:26,318 [WARN] DbFile:41 - Overriding database path with different value: C:\Users\91916\.stmcufinder\plugins\mcufinder/ => C:\Users\91916\.stmcufinder\plugins\mcufinder
2023-10-24 21:55:26,319 [WARN] DbFile:41 - Overriding database path with different value: C:\Users\91916\.stmcufinder\plugins\mcufinder/ => C:\Users\91916\.stmcufinder\plugins\mcufinder
2023-10-24 21:55:26,319 [INFO] CrossReferenceDbSqlite:203 - Set database path to: C:\Users\91916\.stmcufinder\plugins\mcufinder//mcu/cs/
2023-10-24 21:55:26,367 [INFO] ApplicationProperties:184 - Using Application install path: C:\ST\STM32CubeIDE_1.13.2\STM32CubeIDE\plugins\com.st.stm32cube.common.mx_6.9.2.202309101412
2023-10-24 21:55:26,372 [INFO] PluginManage:196 - Search for loadable plugins [exclusion list=, ]
2023-10-24 21:55:26,375 [INFO] PluginManage:310 - Check plugin analytics
2023-10-24 21:55:26,851 [INFO] AnalyticsPlugin:253 - Accepted Software Licenses: 
2023-10-24 21:55:26,852 [INFO] AnalyticsPlugin:255 - Accepted CMSIS Pack Licenses: 
2023-10-24 21:55:26,853 [INFO] AnalyticsPlugin:257 - Accepted Firmware Licenses: 
2023-10-24 21:55:26,862 [INFO] PluginManage:359 - Loaded plugin analytics (category:tool,tabindex:-1)
2023-10-24 21:55:26,863 [INFO] PluginManage:310 - Check plugin cadmodel
2023-10-24 21:55:26,878 [INFO] CADModel:105 - Init CAD model plugin
2023-10-24 21:55:26,879 [INFO] PluginManage:359 - Loaded plugin cadmodel (category:power,tabindex:5)
2023-10-24 21:55:26,879 [INFO] PluginManage:310 - Check plugin clock
2023-10-24 21:55:26,900 [INFO] PluginManage:359 - Loaded plugin clock (category:base,tabindex:2)
2023-10-24 21:55:26,900 [INFO] PluginManage:310 - Check plugin ddr
2023-10-24 21:55:26,905 [INFO] PluginManage:359 - Loaded plugin ddr (category:tool,tabindex:6)
2023-10-24 21:55:26,907 [INFO] PluginManage:310 - Check plugin filemanager
2023-10-24 21:55:27,235 [INFO] PluginManage:359 - Loaded plugin filemanager (category:base,tabindex:10)
2023-10-24 21:55:27,236 [INFO] PluginManage:310 - Check plugin ipmanager
2023-10-24 21:55:27,259 [INFO] PluginManage:359 - Loaded plugin ipmanager (category:base,tabindex:5)
2023-10-24 21:55:27,259 [INFO] PluginManage:310 - Check plugin lpbam
2023-10-24 21:55:27,279 [INFO] PluginManage:359 - Loaded plugin lpbam (category:base,tabindex:0)
2023-10-24 21:55:27,280 [INFO] PluginManage:310 - Check plugin memorymap
2023-10-24 21:55:27,308 [INFO] PluginManage:359 - Loaded plugin memorymap (category:base,tabindex:4)
2023-10-24 21:55:27,309 [INFO] PluginManage:310 - Check plugin pinoutandconfiguration
2023-10-24 21:55:27,325 [INFO] PluginManage:359 - Loaded plugin pinoutandconfiguration (category:base,tabindex:1)
2023-10-24 21:55:27,325 [INFO] PluginManage:310 - Check plugin pinoutconfig
2023-10-24 21:55:27,614 [WARN] SupportedApi:132 - Cannot load RTOS API schema: s4s-elt-must-match.1: The content of 'definitions' must match (annotation?, (simpleType | complexType)?, (unique | key | keyref)*)). A problem was found starting at: attribute.
2023-10-24 21:55:28,058 [INFO] PluginManage:359 - Loaded plugin pinoutconfig (category:base,tabindex:0)
2023-10-24 21:55:28,059 [INFO] PluginManage:310 - Check plugin power
2023-10-24 21:55:28,083 [INFO] PluginManage:359 - Loaded plugin power (category:power,tabindex:4)
2023-10-24 21:55:28,084 [INFO] PluginManage:310 - Check plugin projectmanager
2023-10-24 21:55:28,136 [INFO] PluginManage:359 - Loaded plugin projectmanager (category:projectmanager,tabindex:3)
2023-10-24 21:55:28,136 [INFO] PluginManage:310 - Check plugin thirdparty
2023-10-24 21:55:28,488 [INFO] PluginManage:359 - Loaded plugin thirdparty (category:base,tabindex:-1)
2023-10-24 21:55:28,489 [INFO] PluginManage:310 - Check plugin tools
2023-10-24 21:55:28,488 [WARN] IntegrityCheckThread:84 - waiting for thirdparty lock release [integrity check]
2023-10-24 21:55:28,491 [INFO] IntegrityCheckThread:86 - entering critical section [integrity check]
2023-10-24 21:55:28,493 [INFO] ThirdPartyUpdaterWithRetryManager:70 - Updater plugin not ready yet. [1/15]
2023-10-24 21:55:28,496 [INFO] PluginManage:359 - Loaded plugin tools (category:base,tabindex:7)
2023-10-24 21:55:28,496 [INFO] PluginManage:310 - Check plugin tutovideos
2023-10-24 21:55:28,852 [INFO] PluginManage:359 - Loaded plugin tutovideos (category:base,tabindex:-1)
2023-10-24 21:55:28,853 [INFO] PluginManage:310 - Check plugin updater
2023-10-24 21:55:28,879 [INFO] PluginManage:359 - Loaded plugin updater (category:base,tabindex:12)
2023-10-24 21:55:28,879 [INFO] PluginManage:310 - Check plugin userauth
2023-10-24 21:55:28,891 [INFO] UserAuth:113 - Init User Auth plugin
2023-10-24 21:55:28,891 [INFO] PluginManage:359 - Loaded plugin userauth (category:base,tabindex:14)
2023-10-24 21:55:28,893 [INFO] PluginManage:283 - PluginManage : Loaded plugins [17]
2023-10-24 21:55:29,407 [INFO] PinOutPanel:1499 - setPackage(No Configuration,No Configuration)
2023-10-24 21:55:29,698 [INFO] CADModel:165 - CPN selected for project level
2023-10-24 21:55:29,699 [INFO] CADModel:114 - Register for checkConnection events
2023-10-24 21:55:29,737 [INFO] IPUIPlugin:80 - create IPUIPlugin
2023-10-24 21:55:29,737 [INFO] PluginManager:220 - loadIPPluginJar : add adc
2023-10-24 21:55:29,745 [INFO] IPUIPlugin:80 - create IPUIPlugin
2023-10-24 21:55:29,745 [INFO] PluginManager:220 - loadIPPluginJar : add aes
2023-10-24 21:55:29,751 [INFO] IPUIPlugin:80 - create IPUIPlugin
2023-10-24 21:55:29,751 [INFO] PluginManager:220 - loadIPPluginJar : add can
2023-10-24 21:55:29,756 [INFO] IPUIPlugin:80 - create IPUIPlugin
2023-10-24 21:55:29,756 [INFO] PluginManager:220 - loadIPPluginJar : add comp
2023-10-24 21:55:29,763 [INFO] IPUIPlugin:80 - create IPUIPlugin
2023-10-24 21:55:29,764 [INFO] PluginManager:220 - loadIPPluginJar : add cryp
2023-10-24 21:55:29,771 [INFO] IPUIPlugin:80 - create IPUIPlugin
2023-10-24 21:55:29,771 [INFO] PluginManager:220 - loadIPPluginJar : add dfsdm
2023-10-24 21:55:29,782 [INFO] IPUIPlugin:80 - create IPUIPlugin
2023-10-24 21:55:29,783 [INFO] PluginManager:220 - loadIPPluginJar : add dma
2023-10-24 21:55:29,790 [INFO] IPUIPlugin:80 - create IPUIPlugin
2023-10-24 21:55:29,791 [INFO] PluginManager:220 - loadIPPluginJar : add dma3
2023-10-24 21:55:29,795 [INFO] IPUIPlugin:80 - create IPUIPlugin
2023-10-24 21:55:29,796 [INFO] PluginManager:220 - loadIPPluginJar : add fatfs
2023-10-24 21:55:29,805 [INFO] IPUIPlugin:80 - create IPUIPlugin
2023-10-24 21:55:29,806 [INFO] PluginManager:220 - loadIPPluginJar : add fmc
2023-10-24 21:55:29,818 [INFO] IPUIPlugin:80 - create IPUIPlugin
2023-10-24 21:55:29,818 [INFO] PluginManager:220 - loadIPPluginJar : add freertos
2023-10-24 21:55:29,821 [INFO] IPUIPlugin:80 - create IPUIPlugin
2023-10-24 21:55:29,821 [INFO] PluginManager:220 - loadIPPluginJar : add genericplugin
2023-10-24 21:55:29,825 [INFO] IPUIPlugin:80 - create IPUIPlugin
2023-10-24 21:55:29,825 [INFO] PluginManager:220 - loadIPPluginJar : add gfxmmu
2023-10-24 21:55:29,833 [INFO] IPUIPlugin:80 - create IPUIPlugin
2023-10-24 21:55:29,834 [INFO] PluginManager:220 - loadIPPluginJar : add gic
2023-10-24 21:55:29,843 [INFO] IPUIPlugin:80 - create IPUIPlugin
2023-10-24 21:55:29,844 [INFO] PluginManager:220 - loadIPPluginJar : add gpio
2023-10-24 21:55:29,849 [INFO] IPUIPlugin:80 - create IPUIPlugin
2023-10-24 21:55:29,849 [INFO] PluginManager:220 - loadIPPluginJar : add gtzc
2023-10-24 21:55:29,854 [INFO] IPUIPlugin:80 - create IPUIPlugin
2023-10-24 21:55:29,855 [INFO] PluginManager:220 - loadIPPluginJar : add hash
2023-10-24 21:55:29,862 [INFO] IPUIPlugin:80 - create IPUIPlugin
2023-10-24 21:55:29,862 [INFO] PluginManager:220 - loadIPPluginJar : add i2c
2023-10-24 21:55:29,867 [INFO] IPUIPlugin:80 - create IPUIPlugin
2023-10-24 21:55:29,868 [INFO] PluginManager:220 - loadIPPluginJar : add i2s
2023-10-24 21:55:29,873 [INFO] IPUIPlugin:80 - create IPUIPlugin
2023-10-24 21:55:29,873 [INFO] PluginManager:220 - loadIPPluginJar : add i3c
2023-10-24 21:55:29,879 [INFO] IPUIPlugin:80 - create IPUIPlugin
2023-10-24 21:55:29,879 [INFO] PluginManager:220 - loadIPPluginJar : add ipddr
2023-10-24 21:55:29,891 [INFO] IPUIPlugin:80 - create IPUIPlugin
2023-10-24 21:55:29,891 [INFO] PluginManager:220 - loadIPPluginJar : add linkedlist
2023-10-24 21:55:29,896 [INFO] IPUIPlugin:80 - create IPUIPlugin
2023-10-24 21:55:29,897 [INFO] PluginManager:220 - loadIPPluginJar : add lorawan
2023-10-24 21:55:29,900 [INFO] IPUIPlugin:80 - create IPUIPlugin
2023-10-24 21:55:29,900 [INFO] PluginManager:220 - loadIPPluginJar : add ltdc
2023-10-24 21:55:29,910 [INFO] IPUIPlugin:80 - create IPUIPlugin
2023-10-24 21:55:29,911 [INFO] PluginManager:220 - loadIPPluginJar : add mdma
2023-10-24 21:55:29,917 [INFO] IPUIPlugin:80 - create IPUIPlugin
2023-10-24 21:55:29,918 [INFO] PluginManager:220 - loadIPPluginJar : add nvic
2023-10-24 21:55:29,924 [INFO] IPUIPlugin:80 - create IPUIPlugin
2023-10-24 21:55:29,924 [INFO] PluginManager:220 - loadIPPluginJar : add opamp
2023-10-24 21:55:29,930 [INFO] IPUIPlugin:80 - create IPUIPlugin
2023-10-24 21:55:29,931 [INFO] PluginManager:220 - loadIPPluginJar : add openamp
2023-10-24 21:55:29,940 [INFO] IPUIPlugin:80 - create IPUIPlugin
2023-10-24 21:55:29,940 [INFO] PluginManager:220 - loadIPPluginJar : add pdm2pcm
2023-10-24 21:55:29,954 [INFO] IPUIPlugin:80 - create IPUIPlugin
2023-10-24 21:55:29,961 [INFO] PluginManager:220 - loadIPPluginJar : add plateformsettings
2023-10-24 21:55:29,966 [INFO] IPUIPlugin:80 - create IPUIPlugin
2023-10-24 21:55:29,966 [INFO] PluginManager:220 - loadIPPluginJar : add quadspi
2023-10-24 21:55:29,974 [INFO] IPUIPlugin:80 - create IPUIPlugin
2023-10-24 21:55:29,974 [INFO] PluginManager:220 - loadIPPluginJar : add resmgrutility
2023-10-24 21:55:29,980 [INFO] IPUIPlugin:80 - create IPUIPlugin
2023-10-24 21:55:29,980 [INFO] PluginManager:220 - loadIPPluginJar : add sai
2023-10-24 21:55:29,986 [INFO] IPUIPlugin:80 - create IPUIPlugin
2023-10-24 21:55:29,986 [INFO] PluginManager:220 - loadIPPluginJar : add spi
2023-10-24 21:55:29,997 [INFO] IPUIPlugin:80 - create IPUIPlugin
2023-10-24 21:55:29,997 [INFO] PluginManager:220 - loadIPPluginJar : add stm32_wpan
2023-10-24 21:55:30,001 [INFO] IPUIPlugin:80 - create IPUIPlugin
2023-10-24 21:55:30,001 [INFO] PluginManager:220 - loadIPPluginJar : add tim
2023-10-24 21:55:30,008 [INFO] IPUIPlugin:80 - create IPUIPlugin
2023-10-24 21:55:30,008 [INFO] PluginManager:220 - loadIPPluginJar : add touchsensing
2023-10-24 21:55:30,013 [INFO] IPUIPlugin:80 - create IPUIPlugin
2023-10-24 21:55:30,013 [INFO] PluginManager:220 - loadIPPluginJar : add tracer_emb
2023-10-24 21:55:30,019 [INFO] IPUIPlugin:80 - create IPUIPlugin
2023-10-24 21:55:30,019 [INFO] PluginManager:220 - loadIPPluginJar : add ts
2023-10-24 21:55:30,024 [INFO] IPUIPlugin:80 - create IPUIPlugin
2023-10-24 21:55:30,024 [INFO] PluginManager:220 - loadIPPluginJar : add tsc
2023-10-24 21:55:30,030 [INFO] IPUIPlugin:80 - create IPUIPlugin
2023-10-24 21:55:30,030 [INFO] PluginManager:220 - loadIPPluginJar : add ucpd
2023-10-24 21:55:30,036 [INFO] IPUIPlugin:80 - create IPUIPlugin
2023-10-24 21:55:30,037 [INFO] PluginManager:220 - loadIPPluginJar : add usart
2023-10-24 21:55:30,043 [INFO] IPUIPlugin:80 - create IPUIPlugin
2023-10-24 21:55:30,043 [INFO] PluginManager:220 - loadIPPluginJar : add usbx
2023-10-24 21:55:30,254 [INFO] CADModel:165 - CPN selected for project level
2023-10-24 21:55:30,254 [INFO] CADModel:114 - Register for checkConnection events
2023-10-24 21:55:30,255 [FATAL] Updater:308 - Updater called before beeing initialized
2023-10-24 21:55:30,256 [ERROR] CADModel:125 - Updater not yet initialized, retry later 
2023-10-24 21:55:30,573 [INFO] CADModel:165 - CPN selected for project level
2023-10-24 21:55:30,573 [INFO] CADModel:114 - Register for checkConnection events
2023-10-24 21:55:30,574 [FATAL] Updater:308 - Updater called before beeing initialized
2023-10-24 21:55:30,574 [ERROR] CADModel:125 - Updater not yet initialized, retry later 
2023-10-24 21:55:30,582 [FATAL] Updater:308 - Updater called before beeing initialized
2023-10-24 21:55:30,846 [FATAL] Updater:308 - Updater called before beeing initialized
2023-10-24 21:55:30,858 [INFO] DbMcusAds:53 - JSON generation date=Tue Mar 07 14:20:55 IST 2023 (1678179055114)
2023-10-24 21:55:30,858 [FATAL] Updater:308 - Updater called before beeing initialized
2023-10-24 21:55:30,940 [WARN] DetailPanel:346 - Failed to get advertising image, set to default
2023-10-24 21:55:31,166 [FATAL] Updater:308 - Updater called before beeing initialized
2023-10-24 21:55:31,169 [FATAL] Updater:308 - Updater called before beeing initialized
2023-10-24 21:55:31,169 [FATAL] Updater:308 - Updater called before beeing initialized
2023-10-24 21:55:31,169 [WARN] DetailPanel:346 - Failed to get advertising image, set to default
2023-10-24 21:55:31,172 [FATAL] Updater:308 - Updater called before beeing initialized
2023-10-24 21:55:31,291 [ERROR] Updater:1120 - MainUpdater not yet initialized. External WinMGr cannot be set.
2023-10-24 21:55:31,295 [INFO] Updater:1056 - Updater Version found : 6.9.2
2023-10-24 21:55:31,328 [INFO] ApplicationProperties:184 - Using Application install path: C:\ST\STM32CubeIDE_1.13.2\STM32CubeIDE\plugins\com.st.stm32cube.common.mx_6.9.2.202309101412
2023-10-24 21:55:31,497 [INFO] ThirdPartyUpdaterWithRetryManager:70 - Updater plugin not ready yet. [2/15]
2023-10-24 21:55:31,630 [INFO] MainUpdater:2868 - connection check result : 10
2023-10-24 21:55:31,632 [INFO] MainUpdater:285 - Updater Check For Update Now.
2023-10-24 21:55:31,632 [INFO] MicroXplorer:498 - Change Database Version : DB.6.0.92
2023-10-24 21:55:31,636 [INFO] McuFinderGlobals:63 - Set McuFinder mode to 2 (CubeIDE integrated)
2023-10-24 21:55:31,649 [INFO] McuFinderGlobals:63 - Set McuFinder mode to 2 (CubeIDE integrated)
2023-10-24 21:55:31,650 [INFO] UserAuth:179 - activating auth plugin
2023-10-24 21:55:31,656 [INFO] UserAuth:393 - Internet connection configuration mode: 1
2023-10-24 21:55:31,690 [INFO] JxBrowserEngine:151 - Initiate JxBrowser Engine with user profile folder
2023-10-24 21:55:32,132 [INFO] CheckServerUpdateThread:120 - End of CheckServer Thread
2023-10-24 21:55:32,323 [INFO] MainUpdater:2868 - connection check result : 10
2023-10-24 21:55:33,298 [INFO] ApiDb:581 - Connected to CubeFinder SQLite database (C:\Users\91916\.stmcufinder\plugins\mcufinder\mcu\cube-finder-db.db)
2023-10-24 21:55:33,591 [INFO] ApiDb:668 - CubeFinder database Data Model version=2.1
2023-10-24 21:55:33,591 [INFO] ApiDb:669 - CubeFinder database Configuration version=3.0.37
2023-10-24 21:55:33,592 [INFO] ApiDb:670 - CubeFinder database generation date=2023-10-13 (1697197505)
2023-10-24 21:55:33,593 [INFO] ApiDb:671 - CubeFinder database FW Pack versions=[FP-ATR-ASTRA1_V2.0.0, FP-SNS-FLIGHT1_V5.0.1, FP-SNS-FLIGHT1_V5.0.2, FP-SNS-MOTENV1_V4.3.1, FP-SNS-MOTENV1_V4.3.2, FP-SNS-SMARTAG2_V1.2.0, I-CUBE-ITTIADB_V8.6.3-1, STM32Cube_FW_C0_V1.1.0, STM32Cube_FW_F4_V1.27.1, STM32Cube_FW_F7_V1.17.0, STM32Cube_FW_G0_V1.6.1, STM32Cube_FW_G4_V1.5.1, STM32Cube_FW_H5_V0.5.1, STM32Cube_FW_H5_V1.1.1, STM32Cube_FW_H7_V1.11.0, STM32Cube_FW_L0_V1.12.2, STM32Cube_FW_L5_V1.5.0, STM32Cube_FW_U5_V1.3.0, STM32Cube_FW_U5_V1.3.0RC4, STM32Cube_FW_WBA_V1.0.0RC1, STM32Cube_FW_WBA_V1.1.0RC1, STM32Cube_FW_WBA_V1.1.1, STM32Cube_FW_WB_V1.15.0RC1, STM32Cube_FW_WB_V1.16.0, STM32Cube_FW_WB_V1.16.0RC2, STM32Cube_FW_WB_V1.17.3, STM32Cube_FW_WL_V1.3.0, X-CUBE-ALGOBUILD_V1.3.0, X-CUBE-ALS_V1.0.1, X-CUBE-AZRTOS-F4_V1.1.0, X-CUBE-AZRTOS-F7_V1.1.0, X-CUBE-AZRTOS-G0_V1.1.0, X-CUBE-AZRTOS-G4_V2.0.0, X-CUBE-AZRTOS-H7_V3.1.0, X-CUBE-AZRTOS-L4_V1.0.0, X-CUBE-AZRTOS-L4_V2.0.0, X-CUBE-AZRTOS-L5_V1.1.0, X-CUBE-AZRTOS-WB_V2.0.0, X-CUBE-AZRTOS-WL_V2.0.0, X-CUBE-BLE1_V7.0.0, X-CUBE-BLE2_V3.3.0, X-CUBE-BLEMGR_V2.0.0, X-CUBE-EEPRMA1_V4.1.0, X-CUBE-FREERTOS_V1.1.0, X-CUBE-GNSS1_V6.0.0, X-CUBE-MEMS1_V10.0.0, X-CUBE-MEMS1_V9.1.0, X-CUBE-MEMS1_V9.4.0, X-CUBE-MEMS1_V9.6.0, X-CUBE-NFC4_V3.0.0, X-CUBE-NFC7_V1.0.1, X-CUBE-SFXS2LP1_V4.0.0, X-CUBE-SUBG2_V5.0.0, X-CUBE-TOF1_V3.3.1]
2023-10-24 21:55:34,025 [INFO] WebApp:157 - Instantiating new browser for Auth
2023-10-24 21:55:34,027 [INFO] DbBoardsSqlite:226 - include board P-NUCLEO-WB55-NUCLEO as a kit item of type 'Nucleo-64'
2023-10-24 21:55:34,029 [INFO] DbBoardsSqlite:226 - include board P-NUCLEO-WB55-USBDONGLE as a kit item of type 'Nucleo USB Dongle'
2023-10-24 21:55:34,031 [INFO] DbBoardsSqlite:226 - include board STEVAL-IDP005V1 as a kit item of type 'Evaluation Board'
2023-10-24 21:55:34,032 [INFO] DbBoardsSqlite:226 - include board STEVAL-IDP005V2 as a kit item of type 'Evaluation Board'
2023-10-24 21:55:34,293 [INFO] ApiDb:240 - Found 323 in-development CPN: [B-G473E-ZEST1S, B-WB1M-WPAN1, B-WL5M-SUBG1, NUCLEO-C031C6, NUCLEO-H503RB, NUCLEO-H563ZI, NUCLEO-U545RE-Q, NUCLEO-U5A5ZJ-Q, NUCLEO-WBA52CG, STEVAL-PROTEUS1, STEVAL-SMARTAG2, STEVAL-STWINBX1, STM320518-EVAL, STM32C0116-DK, STM32C011D6Y3TR, STM32C011D6Y6TR, STM32C011F4P3, STM32C011F4P6, STM32C011F4U3, STM32C011F4U6TR, STM32C011F6P3, STM32C011F6P6, STM32C011F6U3, STM32C011F6U6TR, STM32C011J4M3, STM32C011J4M6, STM32C011J6M3, STM32C011J6M6, STM32C0316-DK, STM32C031C4T3, STM32C031C4T6, STM32C031C4U3, STM32C031C4U6, STM32C031C6T3, STM32C031C6T6, STM32C031C6U3, STM32C031C6U6, STM32C031F4P3, STM32C031F4P6, STM32C031F6P3, STM32C031F6P6, STM32C031G4U3, STM32C031G4U6, STM32C031G6U3, STM32C031G6U6, STM32C031K4T3, STM32C031K4T6, STM32C031K4U3, STM32C031K4U6, STM32C031K6T3, STM32C031K6T6, STM32C031K6U3, STM32C031K6U6, STM32G071K8TXN, STM32G071K8UXN, STM32G081GBU6N, STM32G081KBT6N, STM32G081KBUXN, STM32G0B1CCT6N, STM32G0B1KCT6, STM32G0B1NEY6TR, STM32G0B1RCT6N, STM32G0C1CCT6, STM32G0C1CCT6N, STM32G0C1CCU6N, STM32G0C1CET6N, STM32G0C1CEU6N, STM32G0C1KCT6, STM32G0C1NEY6TR, STM32G0C1RCI6N, STM32G0C1RCT6N, STM32G0C1REI6N, STM32G0C1RET6N, STM32G0C1VCI6, STM32G0C1VEI6, STM32G471CCT6, STM32G471CCU6, STM32G471CET3, STM32G471CET6, STM32G471CEU3, STM32G471CEU6, STM32G471MCT6, STM32G471MET3, STM32G471MET6, STM32G471MEY6TR, STM32G471QCT6, STM32G471QET3, STM32G471RCT6, STM32G471RET3, STM32G471RET6, STM32G471VCH6, STM32G471VCI6, STM32G471VCT6, STM32G471VEH3, STM32G471VEH6, STM32G471VEI3, STM32G471VEI6, STM32G471VET3, STM32G471VET6, STM32G474CCT6, STM32H503CBT6, STM32H503CBU6, STM32H503EBY6TR, STM32H503KBU6, STM32H503RBT6, STM32H562AGI6, STM32H562AII6, STM32H562IGK6, STM32H562IGT6, STM32H562IIK6, STM32H562IIT6, STM32H562RGT6, STM32H562RGV6, STM32H562RIT6, STM32H562RIV6, STM32H562VGT6, STM32H562VIT6, STM32H562ZGT6, STM32H562ZIT6, STM32H563AGI6, STM32H563AII3Q, STM32H563AII6, STM32H563IGK6, STM32H563IGT6, STM32H563IIK3Q, STM32H563IIK6, STM32H563IIT3Q, STM32H563IIT6, STM32H563MIY3QTR, STM32H563RGT6, STM32H563RGV6, STM32H563RIT6, STM32H563RIV6, STM32H563VGT6, STM32H563VIT3Q, STM32H563VIT6, STM32H563ZGT6, STM32H563ZIT3Q, STM32H563ZIT6, STM32H573AII3Q, STM32H573AII6, STM32H573I-DK, STM32H573IIK3Q, STM32H573IIK6, STM32H573IIT3Q, STM32H573IIT6, STM32H573MIY3QTR, STM32H573RIT6, STM32H573RIV6, STM32H573VIT3Q, STM32H573VIT6, STM32H573ZIT3Q, STM32H573ZIT6, STM32L4R5QGI6STR, STM32MP131AAE3, STM32MP131AAF3, STM32MP131AAG3, STM32MP131CAE3, STM32MP131CAF3, STM32MP131CAG3, STM32MP131DAE7, STM32MP131DAF7, STM32MP131DAG7, STM32MP131FAE7, STM32MP131FAF7, STM32MP131FAG7, STM32MP133AAE3, STM32MP133AAF3, STM32MP133AAG3, STM32MP133CAE3, STM32MP133CAF3, STM32MP133CAG3, STM32MP133DAE7, STM32MP133DAF7, STM32MP133DAG7, STM32MP133FAE7, STM32MP133FAF7, STM32MP133FAG7, STM32MP135AAE3, STM32MP135AAF3, STM32MP135AAG3, STM32MP135CAE3, STM32MP135CAF3, STM32MP135CAG3, STM32MP135DAE7, STM32MP135DAF7, STM32MP135DAG7, STM32MP135F-DK, STM32MP135FAE7, STM32MP135FAF7, STM32MP135FAF7T, STM32MP135FAF7U, STM32MP135FAG7, STM32U535CBT6, STM32U535CBT6Q, STM32U535CBU6, STM32U535CBU6Q, STM32U535CCT6, STM32U535CCT6Q, STM32U535CCU6, STM32U535CCU6Q, STM32U535CET6, STM32U535CET6Q, STM32U535CEU6, STM32U535CEU6Q, STM32U535JEY6QTR, STM32U535NCY6QTR, STM32U535NEY6QTR, STM32U535RBI6, STM32U535RBI6Q, STM32U535RBT6, STM32U535RBT6Q, STM32U535RCI6, STM32U535RCI6Q, STM32U535RCT6, STM32U535RCT6Q, STM32U535REI6, STM32U535REI6Q, STM32U535RET6, STM32U535RET6Q, STM32U535VCI6, STM32U535VCI6Q, STM32U535VCT6, STM32U535VCT6Q, STM32U535VEI6, STM32U535VEI6Q, STM32U535VET6, STM32U535VET6Q, STM32U545CET6, STM32U545CET6Q, STM32U545CEU6, STM32U545CEU6Q, STM32U545JEY6QTR, STM32U545NEY6QTR, STM32U545REI6, STM32U545REI6Q, STM32U545RET6, STM32U545RET6Q, STM32U545VEI6, STM32U545VEI6Q, STM32U545VET6, STM32U545VET6Q, STM32U595AIH6, STM32U595AIH6Q, STM32U595AJH6, STM32U595AJH6Q, STM32U595QII6, STM32U595QII6Q, STM32U595QJI6, STM32U595QJI6Q, STM32U595RIT6, STM32U595RIT6Q, STM32U595RJT6, STM32U595RJT6Q, STM32U595VIT6, STM32U595VIT6Q, STM32U595VJT6, STM32U595VJT6Q, STM32U595ZIT6, STM32U595ZIT6Q, STM32U595ZIY6QTR, STM32U595ZJT6, STM32U595ZJT6Q, STM32U595ZJY6QTR, STM32U599BJY6QTR, STM32U599NIH6Q, STM32U599NJH6Q, STM32U599VIT6Q, STM32U599VJT6, STM32U599VJT6Q, STM32U599ZIT6Q, STM32U599ZIY6QTR, STM32U599ZJT6Q, STM32U599ZJY6QTR, STM32U5A5AJH6, STM32U5A5AJH6Q, STM32U5A5QJI6, STM32U5A5QJI6Q, STM32U5A5RJT6, STM32U5A5RJT6Q, STM32U5A5VJT6, STM32U5A5VJT6Q, STM32U5A5ZJT6, STM32U5A5ZJT6Q, STM32U5A5ZJY6QTR, STM32U5A9BJY6QTR, STM32U5A9J-DK, STM32U5A9NJH6Q, STM32U5A9VJT6Q, STM32U5A9ZJT6Q, STM32U5A9ZJY6QTR, STM32U5F7VIT6, STM32U5F7VIT6Q, STM32U5F7VJT6, STM32U5F7VJT6Q, STM32U5F9BJY6QTR, STM32U5F9NJH6Q, STM32U5F9VIT6Q, STM32U5F9VJT6Q, STM32U5F9ZIJ6QTR, STM32U5F9ZIT6Q, STM32U5F9ZJJ6QTR, STM32U5F9ZJT6Q, STM32U5G7VJT6, STM32U5G7VJT6Q, STM32U5G9BJY6QTR, STM32U5G9J-DK1, STM32U5G9J-DK2, STM32U5G9NJH6Q, STM32U5G9VJT6Q, STM32U5G9ZJJ6QTR, STM32U5G9ZJT6Q, STM32WB1MMCH6, STM32WBA52CEU6, STM32WBA52CEU6T, STM32WBA52CGU6, STM32WBA52CGU6T, STM32WBA52KEU6, STM32WBA52KEU6T, STM32WBA52KGU6, STM32WBA52KGU6T, STM32WL5MOCH6, STM32WL5MOCH6TR]
2023-10-24 21:55:34,958 [INFO] BoardInfo:880 - No configuration file found for board P-NUCLEO-WB55
2023-10-24 21:55:34,959 [INFO] DbBoards:157 - Kit is not supported: P-NUCLEO-WB55
2023-10-24 21:55:34,976 [INFO] BoardInfo:880 - No configuration file found for board STEVAL-BFA001V1B
2023-10-24 21:55:34,976 [INFO] DbBoards:157 - Kit is not supported: STEVAL-BFA001V1B
2023-10-24 21:55:34,980 [INFO] BoardInfo:880 - No configuration file found for board STEVAL-BFA001V2B
2023-10-24 21:55:34,980 [INFO] DbBoards:157 - Kit is not supported: STEVAL-BFA001V2B
2023-10-24 21:55:35,169 [WARN] PackLoader:240 - Cannot read IP mode file for STMicroelectronics.X-CUBE-SMBUS.2.1.0
2023-10-24 21:55:35,346 [WARN] PackLoader:240 - Cannot read IP mode file for STMicroelectronics.X-CUBE-AZRTOS-F7.1.1.0
2023-10-24 21:55:35,416 [WARN] PackLoader:240 - Cannot read IP mode file for STMicroelectronics.FP-SNS-MOTENV1.4.3.2
2023-10-24 21:55:35,438 [WARN] PackLoader:240 - Cannot read IP mode file for STMicroelectronics.FP-SNS-FLIGHT1.5.0.2
2023-10-24 21:55:35,497 [WARN] PackLoader:240 - Cannot read IP mode file for STMicroelectronics.X-CUBE-DISPLAY.3.0.0
2023-10-24 21:55:35,561 [WARN] PackLoader:240 - Cannot read IP mode file for STMicroelectronics.X-CUBE-BLE1.7.0.0
2023-10-24 21:55:35,582 [WARN] PackLoader:240 - Cannot read IP mode file for emotas.I-CUBE-CANOPEN.1.3.0
2023-10-24 21:55:35,595 [WARN] PackLoader:240 - Cannot read IP mode file for STMicroelectronics.X-CUBE-TOUCHGFX.4.22.1
2023-10-24 21:55:35,651 [WARN] PackLoader:240 - Cannot read IP mode file for STMicroelectronics.FP-SNS-SMARTAG2.1.2.0
2023-10-24 21:55:35,735 [INFO] LogOutputStream:77 - [STDOUT_REDIRECT] 1 : Invalid condition id : UX_CORESTACK_Condition cause : null
2023-10-24 21:55:35,741 [INFO] LogOutputStream:77 - [STDOUT_REDIRECT] 1 : Invalid condition id : UX_CORESTACK_Condition cause : null
2023-10-24 21:55:35,746 [INFO] LogOutputStream:77 - [STDOUT_REDIRECT] 1 : Invalid condition id : UX_CORESTACK_Condition cause : null
2023-10-24 21:55:35,750 [INFO] LogOutputStream:77 - [STDOUT_REDIRECT] 1 : Invalid condition id : UX_CORESTACK_Condition cause : null
2023-10-24 21:55:35,755 [INFO] LogOutputStream:77 - [STDOUT_REDIRECT] 1 : Invalid condition id : UX_CORESTACK_Condition cause : null
2023-10-24 21:55:35,771 [WARN] PackLoader:240 - Cannot read IP mode file for STMicroelectronics.X-CUBE-AZRTOS-WL.2.0.0
2023-10-24 21:55:35,826 [WARN] PackLoader:240 - Cannot read IP mode file for WES.I-CUBE-Cesium.1.3.0
2023-10-24 21:55:35,840 [WARN] PackLoader:240 - Cannot read IP mode file for STMicroelectronics.X-CUBE-BLE2.3.3.0
2023-10-24 21:55:35,873 [WARN] PackLoader:240 - Cannot read IP mode file for STMicroelectronics.X-CUBE-ALGOBUILD.1.3.0
2023-10-24 21:55:35,932 [INFO] DbBoards:161 - Found 190 boards, 187 are supported
2023-10-24 21:55:35,943 [INFO] ApiDb:668 - CubeFinder database Data Model version=2.1
2023-10-24 21:55:35,943 [INFO] ApiDb:669 - CubeFinder database Configuration version=3.0.37
2023-10-24 21:55:35,943 [INFO] ApiDb:670 - CubeFinder database generation date=2023-10-13 (1697197505)
2023-10-24 21:55:35,944 [INFO] ApiDb:671 - CubeFinder database FW Pack versions=[FP-ATR-ASTRA1_V2.0.0, FP-SNS-FLIGHT1_V5.0.1, FP-SNS-FLIGHT1_V5.0.2, FP-SNS-MOTENV1_V4.3.1, FP-SNS-MOTENV1_V4.3.2, FP-SNS-SMARTAG2_V1.2.0, I-CUBE-ITTIADB_V8.6.3-1, STM32Cube_FW_C0_V1.1.0, STM32Cube_FW_F4_V1.27.1, STM32Cube_FW_F7_V1.17.0, STM32Cube_FW_G0_V1.6.1, STM32Cube_FW_G4_V1.5.1, STM32Cube_FW_H5_V0.5.1, STM32Cube_FW_H5_V1.1.1, STM32Cube_FW_H7_V1.11.0, STM32Cube_FW_L0_V1.12.2, STM32Cube_FW_L5_V1.5.0, STM32Cube_FW_U5_V1.3.0, STM32Cube_FW_U5_V1.3.0RC4, STM32Cube_FW_WBA_V1.0.0RC1, STM32Cube_FW_WBA_V1.1.0RC1, STM32Cube_FW_WBA_V1.1.1, STM32Cube_FW_WB_V1.15.0RC1, STM32Cube_FW_WB_V1.16.0, STM32Cube_FW_WB_V1.16.0RC2, STM32Cube_FW_WB_V1.17.3, STM32Cube_FW_WL_V1.3.0, X-CUBE-ALGOBUILD_V1.3.0, X-CUBE-ALS_V1.0.1, X-CUBE-AZRTOS-F4_V1.1.0, X-CUBE-AZRTOS-F7_V1.1.0, X-CUBE-AZRTOS-G0_V1.1.0, X-CUBE-AZRTOS-G4_V2.0.0, X-CUBE-AZRTOS-H7_V3.1.0, X-CUBE-AZRTOS-L4_V1.0.0, X-CUBE-AZRTOS-L4_V2.0.0, X-CUBE-AZRTOS-L5_V1.1.0, X-CUBE-AZRTOS-WB_V2.0.0, X-CUBE-AZRTOS-WL_V2.0.0, X-CUBE-BLE1_V7.0.0, X-CUBE-BLE2_V3.3.0, X-CUBE-BLEMGR_V2.0.0, X-CUBE-EEPRMA1_V4.1.0, X-CUBE-FREERTOS_V1.1.0, X-CUBE-GNSS1_V6.0.0, X-CUBE-MEMS1_V10.0.0, X-CUBE-MEMS1_V9.1.0, X-CUBE-MEMS1_V9.4.0, X-CUBE-MEMS1_V9.6.0, X-CUBE-NFC4_V3.0.0, X-CUBE-NFC7_V1.0.1, X-CUBE-SFXS2LP1_V4.0.0, X-CUBE-SUBG2_V5.0.0, X-CUBE-TOF1_V3.3.1]
2023-10-24 21:55:36,076 [WARN] PackLoader:240 - Cannot read IP mode file for STMicroelectronics.X-CUBE-AZRTOS-G0.1.1.0
2023-10-24 21:55:36,104 [WARN] PackLoader:240 - Cannot read IP mode file for STMicroelectronics.X-CUBE-NFC4.3.0.0
2023-10-24 21:55:36,121 [WARN] PackLoader:240 - Cannot read IP mode file for STMicroelectronics.FP-ATR-SIGFOX1.3.2.0
2023-10-24 21:55:36,309 [WARN] PackLoader:240 - Cannot read IP mode file for SEGGER.I-CUBE-embOS.1.3.1
2023-10-24 21:55:36,520 [WARN] PackLoader:240 - Cannot read IP mode file for STMicroelectronics.X-CUBE-GNSS1.6.0.0
2023-10-24 21:55:36,608 [WARN] PackLoader:240 - Cannot read IP mode file for STMicroelectronics.X-CUBE-AZRTOS-F4.1.1.0
2023-10-24 21:55:36,636 [WARN] PackLoader:240 - Cannot read IP mode file for wolfSSL.I-CUBE-wolfSSL.5.6.3
2023-10-24 21:55:36,707 [WARN] PackLoader:240 - Cannot read IP mode file for STMicroelectronics.X-CUBE-AZRTOS-L5.2.0.0
2023-10-24 21:55:36,754 [WARN] PackLoader:240 - Cannot read IP mode file for STMicroelectronics.X-CUBE-EEPRMA1.4.2.0
2023-10-24 21:55:36,773 [WARN] PackLoader:240 - Cannot read IP mode file for ITTIA_DB.I-CUBE-ITTIADB.8.8.0
2023-10-24 21:55:36,797 [WARN] PackLoader:240 - Cannot read IP mode file for STMicroelectronics.X-CUBE-BLEMGR.2.0.0
2023-10-24 21:55:36,873 [WARN] ConditionMgr:438 - getConditionDescription Invalid condition id : UX DEVICE CLASS RTOS Condition cause : null
2023-10-24 21:55:36,874 [WARN] ConditionMgr:438 - getConditionDescription Invalid condition id : UX DEVICE CLASS RTOS Condition cause : null
2023-10-24 21:55:36,925 [WARN] PackLoader:240 - Cannot read IP mode file for STMicroelectronics.X-CUBE-AZRTOS-H7.3.1.0
2023-10-24 21:55:36,928 [WARN] ConditionMgr:1039 - genDependencies : Invalid condition id : UX DEVICE CLASS RTOS Condition cause : null
2023-10-24 21:55:36,929 [WARN] ConditionMgr:1039 - genDependencies : Invalid condition id : UX DEVICE CLASS RTOS Condition cause : null
2023-10-24 21:55:36,931 [WARN] ConditionMgr:1039 - genDependencies : Invalid condition id : UX DEVICE CLASS RTOS Condition cause : null
2023-10-24 21:55:36,932 [WARN] ConditionMgr:1039 - genDependencies : Invalid condition id : UX DEVICE CLASS RTOS Condition cause : null
2023-10-24 21:55:36,933 [WARN] ConditionMgr:1039 - genDependencies : Invalid condition id : UX DEVICE CLASS RTOS Condition cause : null
2023-10-24 21:55:36,952 [WARN] PackLoader:240 - Cannot read IP mode file for STMicroelectronics.X-CUBE-NFC7.1.0.1
2023-10-24 21:55:36,975 [WARN] PackLoader:240 - Cannot read IP mode file for STMicroelectronics.X-CUBE-NFC6.3.0.0
2023-10-24 21:55:36,993 [WARN] PackLoader:240 - Cannot read IP mode file for STMicroelectronics.X-CUBE-EEPRMA1.4.1.0
2023-10-24 21:55:37,035 [WARN] PackLoader:240 - Cannot read IP mode file for STMicroelectronics.X-CUBE-AI.8.1.0
2023-10-24 21:55:37,138 [WARN] ConditionMgr:438 - getConditionDescription Invalid condition id : LAN8742 Phy interface Condition cause : null
2023-10-24 21:55:37,140 [WARN] PackLoader:240 - Cannot read IP mode file for STMicroelectronics.X-CUBE-AZRTOS-L4.2.0.0
2023-10-24 21:55:37,145 [WARN] ConditionMgr:1039 - genDependencies : Invalid condition id : LAN8742 Phy interface Condition cause : null
2023-10-24 21:55:37,146 [WARN] ConditionMgr:1039 - genDependencies : Invalid condition id : LAN8742 Phy interface Condition cause : null
2023-10-24 21:55:37,149 [WARN] ConditionMgr:1039 - genDependencies : Invalid condition id : LAN8742 Phy interface Condition cause : null
2023-10-24 21:55:37,197 [WARN] PackLoader:240 - Cannot read IP mode file for STMicroelectronics.X-CUBE-SFXS2LP1.4.0.0
2023-10-24 21:55:37,215 [WARN] PackLoader:240 - Cannot read IP mode file for STMicroelectronics.X-CUBE-ISPU.1.1.0
2023-10-24 21:55:37,259 [WARN] ConditionMgr:438 - getConditionDescription Invalid condition id : UX DEVICE CLASS RTOS Condition cause : null
2023-10-24 21:55:37,260 [WARN] ConditionMgr:438 - getConditionDescription Invalid condition id : UX DEVICE CLASS RTOS Condition cause : null
2023-10-24 21:55:37,267 [WARN] PackLoader:240 - Cannot read IP mode file for STMicroelectronics.X-CUBE-AZRTOS-WB.2.0.0
2023-10-24 21:55:37,269 [WARN] ConditionMgr:1039 - genDependencies : Invalid condition id : UX DEVICE CLASS RTOS Condition cause : null
2023-10-24 21:55:37,269 [WARN] ConditionMgr:1039 - genDependencies : Invalid condition id : UX DEVICE CLASS RTOS Condition cause : null
2023-10-24 21:55:37,271 [WARN] ConditionMgr:1039 - genDependencies : Invalid condition id : UX DEVICE CLASS RTOS Condition cause : null
2023-10-24 21:55:37,272 [WARN] ConditionMgr:1039 - genDependencies : Invalid condition id : UX DEVICE CLASS RTOS Condition cause : null
2023-10-24 21:55:37,272 [WARN] ConditionMgr:1039 - genDependencies : Invalid condition id : UX DEVICE CLASS RTOS Condition cause : null
2023-10-24 21:55:37,324 [WARN] PackLoader:240 - Cannot read IP mode file for STMicroelectronics.X-CUBE-SUBG2.5.0.0
2023-10-24 21:55:37,376 [WARN] PackLoader:240 - Cannot read IP mode file for STMicroelectronics.X-CUBE-TOF1.3.3.1
2023-10-24 21:55:37,477 [WARN] PackLoader:240 - Cannot read IP mode file for STMicroelectronics.X-CUBE-AZRTOS-G4.2.0.0
2023-10-24 21:55:37,519 [WARN] PackLoader:240 - Cannot read IP mode file for Infineon.AIROC-Wi-Fi-Bluetooth-STM32.1.5.1
2023-10-24 21:55:37,797 [WARN] PackLoader:240 - Cannot read IP mode file for STMicroelectronics.X-CUBE-MEMS1.10.0.0
2023-10-24 21:55:38,333 [WARN] PackLoader:240 - Cannot read IP mode file for STMicroelectronics.X-CUBE-FREERTOS.1.1.0
2023-10-24 21:55:38,351 [WARN] PackLoader:240 - Cannot read IP mode file for portGmbH.I-Cube-SoM-uGOAL.1.1.0
2023-10-24 21:55:38,363 [WARN] PackLoader:240 - Cannot read IP mode file for STMicroelectronics.X-CUBE-ALS.1.0.1
2023-10-24 21:55:38,386 [WARN] PackLoader:240 - Cannot read IP mode file for STMicroelectronics.FP-ATR-ASTRA1.2.0.0
2023-10-24 21:55:38,388 [INFO] ThirdParty:978 - Integrity check success = true
2023-10-24 21:55:38,388 [INFO] IntegrityCheckThread:100 - exiting critical section [integrity check]
2023-10-24 21:55:38,389 [INFO] IntegrityCheckThread:103 - End integrity checks thread
2023-10-24 21:55:39,053 [INFO] WebApp:753 - Register for checkConnection events
2023-10-24 21:55:39,053 [INFO] WebApp:390 - Apply proxy settings
2023-10-24 21:55:39,054 [INFO] WebApp:475 - Chromium requires no authentication
2023-10-24 21:55:39,074 [INFO] WebApp:418 - Direct internet connection detected
2023-10-24 21:55:39,636 [INFO] WebApp:188 - Starting web application
2023-10-24 21:55:39,637 [INFO] WebApp:520 - Web application path used C:\ST\STM32CubeIDE_1.13.2\STM32CubeIDE\plugins\com.st.stm32cube.common.mx_6.9.2.202309101412\db\plugins\mcufinder\reactClient1\index.html
2023-10-24 21:55:43,214 [INFO] ApiDb:240 - Found 323 in-development CPN: [B-G473E-ZEST1S, B-WB1M-WPAN1, B-WL5M-SUBG1, NUCLEO-C031C6, NUCLEO-H503RB, NUCLEO-H563ZI, NUCLEO-U545RE-Q, NUCLEO-U5A5ZJ-Q, NUCLEO-WBA52CG, STEVAL-PROTEUS1, STEVAL-SMARTAG2, STEVAL-STWINBX1, STM320518-EVAL, STM32C0116-DK, STM32C011D6Y3TR, STM32C011D6Y6TR, STM32C011F4P3, STM32C011F4P6, STM32C011F4U3, STM32C011F4U6TR, STM32C011F6P3, STM32C011F6P6, STM32C011F6U3, STM32C011F6U6TR, STM32C011J4M3, STM32C011J4M6, STM32C011J6M3, STM32C011J6M6, STM32C0316-DK, STM32C031C4T3, STM32C031C4T6, STM32C031C4U3, STM32C031C4U6, STM32C031C6T3, STM32C031C6T6, STM32C031C6U3, STM32C031C6U6, STM32C031F4P3, STM32C031F4P6, STM32C031F6P3, STM32C031F6P6, STM32C031G4U3, STM32C031G4U6, STM32C031G6U3, STM32C031G6U6, STM32C031K4T3, STM32C031K4T6, STM32C031K4U3, STM32C031K4U6, STM32C031K6T3, STM32C031K6T6, STM32C031K6U3, STM32C031K6U6, STM32G071K8TXN, STM32G071K8UXN, STM32G081GBU6N, STM32G081KBT6N, STM32G081KBUXN, STM32G0B1CCT6N, STM32G0B1KCT6, STM32G0B1NEY6TR, STM32G0B1RCT6N, STM32G0C1CCT6, STM32G0C1CCT6N, STM32G0C1CCU6N, STM32G0C1CET6N, STM32G0C1CEU6N, STM32G0C1KCT6, STM32G0C1NEY6TR, STM32G0C1RCI6N, STM32G0C1RCT6N, STM32G0C1REI6N, STM32G0C1RET6N, STM32G0C1VCI6, STM32G0C1VEI6, STM32G471CCT6, STM32G471CCU6, STM32G471CET3, STM32G471CET6, STM32G471CEU3, STM32G471CEU6, STM32G471MCT6, STM32G471MET3, STM32G471MET6, STM32G471MEY6TR, STM32G471QCT6, STM32G471QET3, STM32G471RCT6, STM32G471RET3, STM32G471RET6, STM32G471VCH6, STM32G471VCI6, STM32G471VCT6, STM32G471VEH3, STM32G471VEH6, STM32G471VEI3, STM32G471VEI6, STM32G471VET3, STM32G471VET6, STM32G474CCT6, STM32H503CBT6, STM32H503CBU6, STM32H503EBY6TR, STM32H503KBU6, STM32H503RBT6, STM32H562AGI6, STM32H562AII6, STM32H562IGK6, STM32H562IGT6, STM32H562IIK6, STM32H562IIT6, STM32H562RGT6, STM32H562RGV6, STM32H562RIT6, STM32H562RIV6, STM32H562VGT6, STM32H562VIT6, STM32H562ZGT6, STM32H562ZIT6, STM32H563AGI6, STM32H563AII3Q, STM32H563AII6, STM32H563IGK6, STM32H563IGT6, STM32H563IIK3Q, STM32H563IIK6, STM32H563IIT3Q, STM32H563IIT6, STM32H563MIY3QTR, STM32H563RGT6, STM32H563RGV6, STM32H563RIT6, STM32H563RIV6, STM32H563VGT6, STM32H563VIT3Q, STM32H563VIT6, STM32H563ZGT6, STM32H563ZIT3Q, STM32H563ZIT6, STM32H573AII3Q, STM32H573AII6, STM32H573I-DK, STM32H573IIK3Q, STM32H573IIK6, STM32H573IIT3Q, STM32H573IIT6, STM32H573MIY3QTR, STM32H573RIT6, STM32H573RIV6, STM32H573VIT3Q, STM32H573VIT6, STM32H573ZIT3Q, STM32H573ZIT6, STM32L4R5QGI6STR, STM32MP131AAE3, STM32MP131AAF3, STM32MP131AAG3, STM32MP131CAE3, STM32MP131CAF3, STM32MP131CAG3, STM32MP131DAE7, STM32MP131DAF7, STM32MP131DAG7, STM32MP131FAE7, STM32MP131FAF7, STM32MP131FAG7, STM32MP133AAE3, STM32MP133AAF3, STM32MP133AAG3, STM32MP133CAE3, STM32MP133CAF3, STM32MP133CAG3, STM32MP133DAE7, STM32MP133DAF7, STM32MP133DAG7, STM32MP133FAE7, STM32MP133FAF7, STM32MP133FAG7, STM32MP135AAE3, STM32MP135AAF3, STM32MP135AAG3, STM32MP135CAE3, STM32MP135CAF3, STM32MP135CAG3, STM32MP135DAE7, STM32MP135DAF7, STM32MP135DAG7, STM32MP135F-DK, STM32MP135FAE7, STM32MP135FAF7, STM32MP135FAF7T, STM32MP135FAF7U, STM32MP135FAG7, STM32U535CBT6, STM32U535CBT6Q, STM32U535CBU6, STM32U535CBU6Q, STM32U535CCT6, STM32U535CCT6Q, STM32U535CCU6, STM32U535CCU6Q, STM32U535CET6, STM32U535CET6Q, STM32U535CEU6, STM32U535CEU6Q, STM32U535JEY6QTR, STM32U535NCY6QTR, STM32U535NEY6QTR, STM32U535RBI6, STM32U535RBI6Q, STM32U535RBT6, STM32U535RBT6Q, STM32U535RCI6, STM32U535RCI6Q, STM32U535RCT6, STM32U535RCT6Q, STM32U535REI6, STM32U535REI6Q, STM32U535RET6, STM32U535RET6Q, STM32U535VCI6, STM32U535VCI6Q, STM32U535VCT6, STM32U535VCT6Q, STM32U535VEI6, STM32U535VEI6Q, STM32U535VET6, STM32U535VET6Q, STM32U545CET6, STM32U545CET6Q, STM32U545CEU6, STM32U545CEU6Q, STM32U545JEY6QTR, STM32U545NEY6QTR, STM32U545REI6, STM32U545REI6Q, STM32U545RET6, STM32U545RET6Q, STM32U545VEI6, STM32U545VEI6Q, STM32U545VET6, STM32U545VET6Q, STM32U595AIH6, STM32U595AIH6Q, STM32U595AJH6, STM32U595AJH6Q, STM32U595QII6, STM32U595QII6Q, STM32U595QJI6, STM32U595QJI6Q, STM32U595RIT6, STM32U595RIT6Q, STM32U595RJT6, STM32U595RJT6Q, STM32U595VIT6, STM32U595VIT6Q, STM32U595VJT6, STM32U595VJT6Q, STM32U595ZIT6, STM32U595ZIT6Q, STM32U595ZIY6QTR, STM32U595ZJT6, STM32U595ZJT6Q, STM32U595ZJY6QTR, STM32U599BJY6QTR, STM32U599NIH6Q, STM32U599NJH6Q, STM32U599VIT6Q, STM32U599VJT6, STM32U599VJT6Q, STM32U599ZIT6Q, STM32U599ZIY6QTR, STM32U599ZJT6Q, STM32U599ZJY6QTR, STM32U5A5AJH6, STM32U5A5AJH6Q, STM32U5A5QJI6, STM32U5A5QJI6Q, STM32U5A5RJT6, STM32U5A5RJT6Q, STM32U5A5VJT6, STM32U5A5VJT6Q, STM32U5A5ZJT6, STM32U5A5ZJT6Q, STM32U5A5ZJY6QTR, STM32U5A9BJY6QTR, STM32U5A9J-DK, STM32U5A9NJH6Q, STM32U5A9VJT6Q, STM32U5A9ZJT6Q, STM32U5A9ZJY6QTR, STM32U5F7VIT6, STM32U5F7VIT6Q, STM32U5F7VJT6, STM32U5F7VJT6Q, STM32U5F9BJY6QTR, STM32U5F9NJH6Q, STM32U5F9VIT6Q, STM32U5F9VJT6Q, STM32U5F9ZIJ6QTR, STM32U5F9ZIT6Q, STM32U5F9ZJJ6QTR, STM32U5F9ZJT6Q, STM32U5G7VJT6, STM32U5G7VJT6Q, STM32U5G9BJY6QTR, STM32U5G9J-DK1, STM32U5G9J-DK2, STM32U5G9NJH6Q, STM32U5G9VJT6Q, STM32U5G9ZJJ6QTR, STM32U5G9ZJT6Q, STM32WB1MMCH6, STM32WBA52CEU6, STM32WBA52CEU6T, STM32WBA52CGU6, STM32WBA52CGU6T, STM32WBA52KEU6, STM32WBA52KEU6T, STM32WBA52KGU6, STM32WBA52KGU6T, STM32WL5MOCH6, STM32WL5MOCH6TR]
2023-10-24 21:55:43,226 [INFO] DbMcus:217 - Found 3848 MCUs, 3848 are supported
2023-10-24 21:55:43,227 [INFO] ApiDb:423 - Load user favorites file C:\Users\91916/.stm32cubeide/favorites.mcus.txt: 0 item(s)
2023-10-24 21:55:43,227 [INFO] ApiDb:427 - User favorites MCUs=[]
2023-10-24 21:55:43,228 [INFO] DbMcus:223 - Set 0 / 0 favorites MCUs
2023-10-24 21:55:43,959 [INFO] ApiDb:423 - Load user favorites file C:\Users\91916/.stm32cubeide/favorites.boards.txt: 0 item(s)
2023-10-24 21:55:43,960 [INFO] ApiDb:427 - User favorites Boards=[]
2023-10-24 21:55:43,961 [INFO] DbBoards:190 - Set 0 / 0 favorites Boards
2023-10-24 21:55:43,962 [INFO] McuFinderGlobals:76 - Set McuFinderConnectedMode to true
2023-10-24 21:55:43,975 [INFO] MultiScanPanel:200 - Auto-refresh data requested => check proxy status ongoing
2023-10-24 21:55:43,979 [INFO] FinderPluginLoader:95 - Searching for filters in installed packs
2023-10-24 21:55:48,828 [INFO] LoadUrlFilesThread:185 - End of LoadServerUrlFiles without Thread
2023-10-24 21:55:48,879 [INFO] DetailPanel:341 - Set advertising image to C:/Users/91916/STM32Cube/Repository/\en.prom-stm32h5-mcu-finder.jpg
2023-10-24 21:56:02,673 [ERROR] LogOutputStream:75 - [STDERR_REDIRECT] SLF4J: Failed to load class "org.slf4j.impl.StaticLoggerBinder".
2023-10-24 21:56:02,674 [ERROR] LogOutputStream:75 - [STDERR_REDIRECT] SLF4J: Defaulting to no-operation (NOP) logger implementation
2023-10-24 21:56:02,681 [ERROR] LogOutputStream:75 - [STDERR_REDIRECT] SLF4J: See http://www.slf4j.org/codes.html#StaticLoggerBinder for further details.
2023-10-24 21:56:09,661 [INFO] MultiScanPanel:200 - Auto-refresh data requested => check proxy status ongoing
2023-10-24 21:56:10,422 [INFO] LoadUrlFilesThread:185 - End of LoadServerUrlFiles without Thread
2023-10-24 21:56:10,422 [INFO] DetailPanel:341 - Set advertising image to C:/Users/91916/STM32Cube/Repository/\en.prom-stm32h5-mcu-finder.jpg
2023-10-24 21:56:10,458 [INFO] DbBoards:634 - Loading board mini-images...
2023-10-24 21:56:21,281 [INFO] DbBoards:657 - Loaded 190 board mini-images
2023-10-24 21:58:10,333 [INFO] McuFinderGlobals:76 - Set McuFinderConnectedMode to true
2023-10-24 21:58:10,342 [INFO] ApiDb:448 - Save user favorites file C:\Users\91916/.stm32cubeide/favorites.mcus.txt: 0 item(s)
2023-10-24 21:58:10,348 [INFO] ApiDb:452 - User favorites MCUs=[]
2023-10-24 21:58:10,353 [INFO] ApiDb:448 - Save user favorites file C:\Users\91916/.stm32cubeide/favorites.boards.txt: 0 item(s)
2023-10-24 21:58:10,353 [INFO] ApiDb:452 - User favorites Boards=[]
